T0000.001	referee	game_begin
T0000.019	RED	initialising
T0002.023	BLUE	initialising
T0002.952	RED	turn_begin	1
T0003.053	RED	turn_end	1	PLACE(6-0, 6-1, 7-0, 6-10)
T0003.062	referee	board_update
T0003.282	BLUE	turn_begin	2
T0003.394	BLUE	turn_end	2	PLACE(2-5, 2-6, 2-7, 1-7)
T0003.421	referee	board_update
T0003.618	RED	turn_begin	3
T0006.502	RED	turn_end	3	PLACE(5-1, 4-1, 5-0, 3-1)
T0006.523	referee	board_update
T0006.626	BLUE	turn_begin	4
T0006.709	BLUE	turn_end	4	PLACE(2-8, 1-8, 3-8, 1-9)
T0006.720	referee	board_update
T0006.842	RED	turn_begin	5
T0010.070	RED	turn_end	5	PLACE(7-1, 8-1, 7-2, 8-0)
T0010.072	referee	board_update
T0010.154	BLUE	turn_begin	6
T0010.194	BLUE	turn_end	6	PLACE(1-10, 2-10, 0-10, 3-10)
T0010.198	referee	board_update
T0010.285	RED	turn_begin	7
T0014.400	RED	turn_end	7	PLACE(6-2, 5-2, 6-3, 5-3)
T0014.405	referee	board_update
T0014.465	BLUE	turn_begin	8
T0014.506	BLUE	turn_end	8	PLACE(0-8, 0-7, 10-8, 0-9)
T0014.509	referee	board_update
T0014.571	RED	turn_begin	9
T0019.920	RED	turn_end	9	PLACE(7-10, 8-10, 7-9, 9-10)
T0019.927	referee	board_update
T0020.036	BLUE	turn_begin	10
T0020.192	BLUE	turn_end	10	PLACE(1-5, 1-4, 2-4, 3-4)
T0020.201	referee	board_update
T0020.298	RED	turn_begin	11
T0025.697	RED	turn_end	11	PLACE(5-10, 4-10, 5-9, 4-9)
T0025.703	referee	board_update
T0025.780	BLUE	turn_begin	12
T0025.842	BLUE	turn_end	12	PLACE(3-3, 3-2, 4-2, 2-3)
T0025.853	referee	board_update
T0025.946	RED	turn_begin	13
T0032.091	RED	turn_end	13	PLACE(6-9, 6-8, 5-8, 5-7)
T0032.095	referee	board_update
T0032.176	BLUE	turn_begin	14
T0032.261	BLUE	turn_end	14	PLACE(2-2, 1-2, 1-3, 2-1)
T0032.263	referee	board_update
T0032.326	RED	turn_begin	15
T0035.555	RED	turn_end	15	PLACE(9-0, 10-0, 9-1, 0-0)
T0035.558	referee	board_update
T0035.604	BLUE	turn_begin	16
T0035.687	BLUE	turn_end	16	PLACE(4-8, 4-7, 3-7, 3-6)
T0035.689	referee	board_update
T0035.778	RED	turn_begin	17
T0052.940	RED	turn_end	17	PLACE(8-2, 9-2, 10-2, 10-3)
T0052.945	referee	board_update
T0053.039	BLUE	turn_begin	18
T0053.281	BLUE	turn_end	18	PLACE(0-4, 0-5, 0-6, 0-3)
T0053.284	referee	board_update
T0053.346	RED	turn_begin	19
T0059.428	RED	turn_end	19	PLACE(7-3, 7-4, 8-4, 9-4)
T0059.433	referee	board_update
T0059.511	BLUE	turn_begin	20
T0059.558	BLUE	turn_end	20	PLACE(10-6, 10-5, 9-6, 9-5)
T0059.560	referee	board_update
T0059.614	RED	turn_begin	21
T0063.377	RED	turn_end	21	PLACE(5-4, 4-4, 5-5, 6-5)
T0063.380	referee	board_update
T0063.446	BLUE	turn_begin	22
T0063.551	BLUE	turn_end	22	PLACE(10-10, 10-9, 9-9, 8-9)
T0063.557	referee	board_update
T0063.619	RED	turn_begin	23
T0068.186	RED	turn_end	23	PLACE(3-0, 2-0, 1-0, 2-10)
T0068.189	referee	board_update
T0068.248	BLUE	turn_begin	24
T0068.289	BLUE	turn_end	24	PLACE(3-9, 3-10, 2-9, 4-10)
T0068.292	referee	board_update
T0068.351	RED	turn_begin	25
T0076.889	RED	turn_end	25	PLACE(7-10, 8-10, 7-9, 8-9)
T0076.892	referee	board_update
T0076.943	BLUE	turn_begin	26
T0076.997	BLUE	turn_end	26	PLACE(2-5, 3-5, 2-6, 4-5)
T0076.999	referee	board_update
T0077.053	RED	turn_begin	27
T0082.040	RED	turn_end	27	PLACE(2-1, 2-0, 2-10, 2-9)
T0082.043	referee	board_update
T0082.101	BLUE	turn_begin	28
T0082.148	BLUE	turn_end	28	PLACE(4-9, 5-9, 6-9, 3-9)
T0082.150	referee	board_update
T0082.220	RED	turn_begin	29
T0091.870	RED	turn_end	29	PLACE(3-1, 3-2, 3-3, 3-4)
T0091.875	referee	board_update
T0091.930	BLUE	turn_begin	30
T0092.017	BLUE	turn_end	30	PLACE(0-2, 0-1, 10-1, 1-1)
T0092.020	referee	board_update
T0092.090	RED	turn_begin	31
T0129.650	RED	turn_end	31	PLACE(4-0, 4-1, 3-1, 2-1)
T0129.654	referee	board_update
T0129.730	BLUE	turn_begin	32
T0130.279	BLUE	turn_end	32	PLACE(4-6, 3-6, 3-5, 3-7)
T0130.287	referee	board_update
T0130.371	RED	turn_begin	33
T0133.145	RED	turn_end	33	PLACE(7-8, 8-8, 8-7, 8-6)
T0133.152	referee	board_update
T0133.226	BLUE	turn_begin	34
T0133.410	BLUE	turn_end	34	PLACE(3-9, 3-8, 3-10, 3-0)
T0133.420	referee	board_update
T0133.489	RED	turn_begin	35
T0142.852	RED	turn_end	35	PLACE(7-1, 6-1, 6-0, 5-0)
T0142.855	referee	board_update
T0142.920	BLUE	turn_begin	36
T0142.966	BLUE	turn_end	36	PLACE(3-7, 3-8, 2-8, 3-6)
T0142.972	referee	board_update
T0143.036	RED	turn_begin	37
T0148.007	RED	turn_end	37	PLACE(4-3, 3-3, 3-2, 3-1)
T0148.009	referee	board_update
T0148.071	BLUE	turn_begin	38
T0148.507	BLUE	turn_end	38	PLACE(2-2, 2-3, 2-4, 3-4)
T0148.509	referee	board_update
T0148.577	RED	turn_begin	39
T0152.032	RED	turn_end	39	PLACE(5-2, 4-2, 3-2, 2-2)
T0152.041	referee	board_update
T0152.106	BLUE	turn_begin	40
T0152.162	BLUE	turn_end	40	PLACE(4-0, 3-0, 3-10, 3-9)
T0152.165	referee	board_update
T0152.233	RED	turn_begin	41
T0163.014	RED	turn_end	41	PLACE(4-3, 4-4, 4-5, 4-6)
T0163.016	referee	board_update
T0163.051	BLUE	turn_begin	42
T0163.100	BLUE	turn_end	42	PLACE(5-10, 4-10, 4-0, 6-10)
T0163.108	referee	board_update
T0163.148	RED	turn_begin	43
T0166.108	RED	turn_end	43	PLACE(9-3, 9-2, 8-2, 10-2)
T0166.111	referee	board_update
T0166.158	BLUE	turn_begin	44
T0166.390	BLUE	turn_end	44	PLACE(8-5, 7-5, 7-6, 6-6)
T0166.392	referee	board_update
T0166.421	RED	turn_begin	45
T0167.853	RED	turn_end	45	PLACE(9-9, 10-9, 0-9, 0-10)
T0167.856	referee	board_update
T0167.893	BLUE	turn_begin	46
T0167.962	BLUE	turn_end	46	PLACE(0-2, 1-2, 1-1, 0-1)
T0167.967	referee	board_update
T0168.031	RED	turn_begin	47
T0190.281	RED	turn_end	47	PLACE(9-10, 9-0, 10-0, 10-1)
T0190.288	referee	board_update
T0190.331	BLUE	turn_begin	48
T0190.579	BLUE	turn_end	48	PLACE(2-0, 1-0, 0-0, 1-10)
T0190.583	referee	board_update
T0190.623	RED	turn_begin	49
T0202.037	RED	turn_end	49	PLACE(0-9, 0-8, 0-7, 10-7)
T0202.040	referee	board_update
T0202.072	BLUE	turn_begin	50
T0202.116	BLUE	turn_end	50	PLACE(1-6, 0-6, 0-5, 0-4)
T0202.123	referee	board_update
T0202.160	RED	turn_begin	51
T0202.222	RED	turn_end	51	PLACE(0-3, 0-2, 0-1, 0-0)
T0202.225	referee	board_update
T0202.376	referee	game_end	winner:RED
