T0000.003	referee	game_begin
T0000.026	RED	initialising
T0001.700	BLUE	initialising
T0002.800	RED	turn_begin	1
T0002.840	RED	turn_end	1	PLACE(3-6, 4-6, 3-7, 2-7)
T0002.857	referee	board_update
T0002.992	BLUE	turn_begin	2
T0003.078	BLUE	turn_end	2	PLACE(5-6, 5-7, 6-6, 5-5)
T0003.083	referee	board_update
T0003.191	RED	turn_begin	3
T0004.797	RED	turn_end	3	PLACE(4-7, 4-8, 3-8, 5-8)
T0004.803	referee	board_update
T0004.921	BLUE	turn_begin	4
T0004.983	BLUE	turn_end	4	PLACE(6-5, 7-5, 6-4, 6-3)
T0004.987	referee	board_update
T0005.166	RED	turn_begin	5
T0006.935	RED	turn_end	5	PLACE(4-5, 3-5, 4-4, 3-4)
T0006.946	referee	board_update
T0007.123	BLUE	turn_begin	6
T0007.244	BLUE	turn_end	6	PLACE(5-4, 5-3, 4-3, 3-3)
T0007.247	referee	board_update
T0007.396	RED	turn_begin	7
T0010.510	RED	turn_end	7	PLACE(1-7, 0-7, 1-6, 10-7)
T0010.517	referee	board_update
T0010.599	BLUE	turn_begin	8
T0010.645	BLUE	turn_end	8	PLACE(5-2, 4-2, 4-1, 5-1)
T0010.650	referee	board_update
T0010.733	RED	turn_begin	9
T0013.907	RED	turn_end	9	PLACE(2-6, 2-5, 1-5, 2-4)
T0013.919	referee	board_update
T0013.998	BLUE	turn_begin	10
T0014.059	BLUE	turn_end	10	PLACE(6-7, 7-7, 8-7, 7-8)
T0014.064	referee	board_update
T0014.144	RED	turn_begin	11
T0017.397	RED	turn_end	11	PLACE(2-8, 1-8, 2-9, 0-8)
T0017.399	referee	board_update
T0017.494	BLUE	turn_begin	12
T0017.532	BLUE	turn_end	12	PLACE(7-9, 8-9, 9-9, 8-10)
T0017.544	referee	board_update
T0017.618	RED	turn_begin	13
T0024.990	RED	turn_end	13	PLACE(3-9, 4-9, 3-10, 3-0)
T0025.001	referee	board_update
T0025.166	BLUE	turn_begin	14
T0025.262	BLUE	turn_end	14	PLACE(8-6, 9-6, 9-7, 9-8)
T0025.265	referee	board_update
T0025.331	RED	turn_begin	15
T0033.354	RED	turn_end	15	PLACE(4-7, 5-7, 6-7, 7-7)
T0033.357	referee	board_update
T0033.449	BLUE	turn_begin	16
T0033.527	BLUE	turn_end	16	PLACE(6-8, 6-9, 5-9, 5-10)
T0033.529	referee	board_update
T0033.609	RED	turn_begin	17
T0037.907	RED	turn_end	17	PLACE(0-6, 10-6, 0-5, 10-7)
T0037.912	referee	board_update
T0037.988	BLUE	turn_begin	18
T0038.065	BLUE	turn_end	18	PLACE(4-10, 4-0, 5-0, 6-0)
T0038.069	referee	board_update
T0038.142	RED	turn_begin	19
T0042.846	RED	turn_end	19	PLACE(4-6, 5-6, 4-5, 4-7)
T0042.858	referee	board_update
T0042.920	BLUE	turn_begin	20
T0042.987	BLUE	turn_end	20	PLACE(7-10, 6-10, 7-0, 8-0)
T0042.990	referee	board_update
T0043.053	RED	turn_begin	21
T0049.869	RED	turn_end	21	PLACE(4-8, 5-8, 4-9, 4-10)
T0049.892	referee	board_update
T0049.944	BLUE	turn_begin	22
T0050.122	BLUE	turn_end	22	PLACE(10-8, 10-9, 0-9, 1-9)
T0050.125	referee	board_update
T0050.198	RED	turn_begin	23
T0055.025	RED	turn_end	23	PLACE(4-4, 5-4, 4-3, 4-2)
T0055.027	referee	board_update
T0055.089	BLUE	turn_begin	24
T0055.142	BLUE	turn_end	24	PLACE(7-3, 7-2, 8-2, 7-4)
T0055.143	referee	board_update
T0055.202	RED	turn_begin	25
T0066.200	RED	turn_end	25	PLACE(1-4, 0-4, 10-4, 9-4)
T0066.202	referee	board_update
T0066.259	BLUE	turn_begin	26
T0066.341	BLUE	turn_end	26	PLACE(5-9, 5-10, 5-0, 5-1)
T0066.345	referee	board_update
T0066.394	RED	turn_begin	27
T0069.301	RED	turn_end	27	PLACE(3-9, 2-9, 4-9, 1-9)
T0069.306	referee	board_update
T0069.357	BLUE	turn_begin	28
T0069.405	BLUE	turn_end	28	PLACE(7-9, 6-9, 5-9, 8-9)
T0069.410	referee	board_update
T0069.470	RED	turn_begin	29
T0075.994	RED	turn_end	29	PLACE(2-3, 2-2, 3-2, 3-1)
T0075.996	referee	board_update
T0076.046	BLUE	turn_begin	30
T0076.118	BLUE	turn_end	30	PLACE(6-1, 7-1, 6-2, 8-1)
T0076.120	referee	board_update
T0076.182	RED	turn_begin	31
T0083.837	RED	turn_end	31	PLACE(0-9, 10-9, 10-10, 10-0)
T0083.843	referee	board_update
T0083.910	BLUE	turn_begin	32
T0084.028	BLUE	turn_end	32	PLACE(9-9, 9-10, 9-0, 9-1)
T0084.031	referee	board_update
T0084.089	RED	turn_begin	33
T0087.180	RED	turn_end	33	PLACE(2-0, 1-0, 2-1, 1-1)
T0087.186	referee	board_update
T0087.233	BLUE	turn_begin	34
T0087.597	BLUE	turn_end	34	PLACE(9-5, 10-5, 8-5, 8-4)
T0087.599	referee	board_update
T0087.660	RED	turn_begin	35
T0267.797	referee	player_error	ERROR: subprocess message recv time limit (180.0s) exceeded in player 1 [agent:Agent] agent
T0267.799	referee	game_end	winner:BLUE
