T0000.001	referee	game_begin
T0000.013	RED	initialising
T0001.199	BLUE	initialising
T0002.613	RED	turn_begin	1
T0002.670	RED	turn_end	1	PLACE(6-10, 6-9, 7-9, 6-0)
T0002.683	referee	board_update
T0002.792	BLUE	turn_begin	2
T0002.861	BLUE	turn_end	2	PLACE(10-0, 10-1, 9-0, 10-2)
T0002.882	referee	board_update
T0003.100	RED	turn_begin	3
T0013.427	RED	turn_end	3	PLACE(8-9, 9-9, 10-9, 10-10)
T0013.431	referee	board_update
T0013.536	BLUE	turn_begin	4
T0013.589	BLUE	turn_end	4	PLACE(0-2, 0-3, 0-1, 0-0)
T0013.594	referee	board_update
T0013.724	RED	turn_begin	5
T0045.542	RED	turn_end	5	PLACE(7-8, 8-8, 7-7, 6-7)
T0045.544	referee	board_update
T0045.633	BLUE	turn_begin	6
T0045.700	BLUE	turn_end	6	PLACE(9-2, 8-2, 7-2, 9-1)
T0045.725	referee	board_update
T0045.820	RED	turn_begin	7
T0088.068	RED	turn_end	7	PLACE(7-10, 7-0, 7-1, 6-1)
T0088.074	referee	board_update
T0088.248	BLUE	turn_begin	8
T0088.322	BLUE	turn_end	8	PLACE(0-4, 1-4, 0-5, 1-5)
T0088.329	referee	board_update
T0088.435	RED	turn_begin	9
T0159.229	RED	turn_end	9	PLACE(5-9, 4-9, 3-9, 2-9)
T0159.232	referee	board_update
T0159.417	BLUE	turn_begin	10
T0159.535	BLUE	turn_end	10	PLACE(7-3, 7-4, 6-4, 6-3)
T0159.609	referee	board_update
T0159.709	RED	turn_begin	11
T0266.859	RED	turn_end	11	PLACE(5-10, 5-0, 5-1, 5-2)
T0266.862	referee	board_update
T0266.927	BLUE	turn_begin	12
T0266.966	BLUE	turn_end	12	PLACE(1-3, 2-3, 2-2, 2-1)
T0266.986	referee	board_update
T0267.096	RED	turn_begin	13
T0349.793	RED	turn_end	13	PLACE(0-9, 0-8, 0-10, 10-8)
T0349.796	referee	board_update
T0349.907	BLUE	turn_begin	14
T0350.094	BLUE	turn_end	14	PLACE(9-10, 8-10, 8-0, 8-1)
T0350.128	referee	board_update
T0350.338	RED	turn_begin	15
T0415.411	RED	turn_end	15	PLACE(9-8, 9-7, 9-6, 9-5)
T0415.416	referee	board_update
T0415.483	BLUE	turn_begin	16
T0415.546	BLUE	turn_end	16	PLACE(6-5, 7-5, 5-5, 6-6)
T0415.556	referee	board_update
T0415.654	RED	turn_begin	17
T0457.712	referee	player_error	ERROR: exceeded available time in player 1 [agent:Agent] agent
T0457.715	referee	game_end	winner:BLUE
