T0000.005	referee	game_begin
T0000.048	RED	initialising
T0001.175	BLUE	initialising
T0003.040	RED	turn_begin	1
T0003.099	RED	turn_end	1	PLACE(0-7, 10-7, 0-6, 1-6)
T0003.106	referee	board_update
T0003.207	BLUE	turn_begin	2
T0003.247	BLUE	turn_end	2	PLACE(1-9, 1-10, 1-0, 0-0)
T0003.252	referee	board_update
T0003.330	RED	turn_begin	3
T0019.917	RED	turn_end	3	PLACE(1-7, 2-7, 2-8, 2-9)
T0019.930	referee	board_update
T0020.087	BLUE	turn_begin	4
T0020.206	BLUE	turn_end	4	PLACE(0-9, 0-10, 10-10, 10-0)
T0020.221	referee	board_update
T0020.446	RED	turn_begin	5
T0036.519	RED	turn_end	5	PLACE(0-8, 10-8, 10-9, 9-9)
T0036.523	referee	board_update
T0036.599	BLUE	turn_begin	6
T0036.652	BLUE	turn_end	6	PLACE(10-1, 10-2, 0-1, 10-3)
T0036.654	referee	board_update
T0036.750	RED	turn_begin	7
T0065.082	RED	turn_end	7	PLACE(2-6, 2-5, 1-5, 0-5)
T0065.085	referee	board_update
T0065.185	BLUE	turn_begin	8
T0065.258	BLUE	turn_end	8	PLACE(9-1, 9-0, 8-0, 8-1)
T0065.268	referee	board_update
T0065.362	RED	turn_begin	9
T0103.112	RED	turn_end	9	PLACE(9-7, 8-7, 9-6, 9-5)
T0103.123	referee	board_update
T0103.238	BLUE	turn_begin	10
T0103.275	BLUE	turn_end	10	PLACE(2-0, 2-10, 3-0, 4-0)
T0103.284	referee	board_update
T0103.390	RED	turn_begin	11
T0156.466	RED	turn_end	11	PLACE(3-9, 4-9, 5-9, 5-10)
T0156.469	referee	board_update
T0156.563	BLUE	turn_begin	12
T0156.613	BLUE	turn_end	12	PLACE(9-2, 8-2, 8-3, 8-4)
T0156.617	referee	board_update
T0156.728	RED	turn_begin	13
T0225.954	RED	turn_end	13	PLACE(3-7, 4-7, 4-6, 4-5)
T0225.957	referee	board_update
T0226.151	BLUE	turn_begin	14
T0226.248	BLUE	turn_end	14	PLACE(9-10, 8-10, 7-10, 7-9)
T0226.251	referee	board_update
T0226.337	RED	turn_begin	15
T0270.747	RED	turn_end	15	PLACE(8-9, 8-8, 7-8, 6-8)
T0270.749	referee	board_update
T0270.973	BLUE	turn_begin	16
T0271.244	BLUE	turn_end	16	PLACE(7-4, 7-5, 7-3, 6-4)
T0271.272	referee	board_update
T0271.439	RED	turn_begin	17
T0310.405	RED	turn_end	17	PLACE(3-5, 3-4, 3-3, 3-2)
T0310.410	referee	board_update
T0310.498	BLUE	turn_begin	18
T0310.556	BLUE	turn_end	18	PLACE(3-1, 4-1, 5-1, 5-0)
T0310.578	referee	board_update
T0310.690	RED	turn_begin	19
T0333.877	RED	turn_end	19	PLACE(2-4, 1-4, 1-3, 1-2)
T0333.883	referee	board_update
T0334.104	BLUE	turn_begin	20
T0334.241	BLUE	turn_end	20	PLACE(5-4, 4-4, 5-5, 6-5)
T0334.249	referee	board_update
T0334.430	RED	turn_begin	21
T0345.397	RED	turn_end	21	PLACE(7-7, 7-6, 6-6, 5-6)
T0345.401	referee	board_update
T0345.578	BLUE	turn_begin	22
T0345.844	BLUE	turn_end	22	PLACE(2-1, 1-1, 2-2, 2-3)
T0345.847	referee	board_update
T0345.977	RED	turn_begin	23
T0363.213	RED	turn_end	23	PLACE(2-7, 2-8, 2-9, 2-10)
T0363.215	referee	board_update
T0363.336	BLUE	turn_begin	24
T0364.027	BLUE	turn_end	24	PLACE(9-3, 9-4, 10-4, 10-5)
T0364.029	referee	board_update
T0364.087	RED	turn_begin	25
T0373.610	RED	turn_end	25	PLACE(4-2, 5-2, 6-2, 7-2)
T0373.634	referee	board_update
T0374.065	BLUE	turn_begin	26
T0375.398	BLUE	turn_end	26	PLACE(6-10, 6-9, 6-0, 6-1)
T0375.402	referee	board_update
T0375.514	RED	turn_begin	27
T0383.895	RED	turn_end	27	PLACE(0-9, 1-9, 2-9, 3-9)
T0383.898	referee	board_update
T0384.099	BLUE	turn_begin	28
T0384.344	BLUE	turn_end	28	PLACE(3-10, 4-10, 4-9, 5-9)
T0384.354	referee	board_update
T0384.495	RED	turn_begin	29
T0391.367	RED	turn_end	29	PLACE(10-9, 9-9, 8-9, 8-10)
T0391.372	referee	board_update
T0391.547	BLUE	turn_begin	30
T0393.880	BLUE	turn_end	30	PLACE(0-10, 1-10, 2-10, 10-10)
T0393.887	referee	board_update
T0393.998	RED	turn_begin	31
T0419.298	RED	turn_end	31	PLACE(6-9, 6-10, 5-10, 4-10)
T0419.301	referee	board_update
T0419.449	BLUE	turn_begin	32
T0419.604	BLUE	turn_end	32	PLACE(2-1, 2-0, 2-2, 2-3)
T0419.616	referee	board_update
T0419.800	RED	turn_begin	33
T0432.406	RED	turn_end	33	PLACE(3-8, 4-8, 5-8, 5-7)
T0432.414	referee	board_update
T0432.561	BLUE	turn_begin	34
T0434.903	BLUE	turn_end	34	PLACE(7-0, 7-1, 7-10, 7-9)
T0434.910	referee	board_update
T0435.127	RED	turn_begin	35
T0461.061	RED	turn_end	35	PLACE(10-9, 9-9, 9-10, 9-0)
T0461.064	referee	board_update
T0461.184	BLUE	turn_begin	36
T0461.425	BLUE	turn_end	36	PLACE(0-4, 0-3, 0-2, 0-1)
T0461.427	referee	board_update
T0461.568	RED	turn_begin	37
T0468.735	RED	turn_end	37	PLACE(7-7, 7-6, 7-5, 7-4)
T0468.738	referee	board_update
T0468.800	BLUE	turn_begin	38
T0468.880	BLUE	turn_end	38	PLACE(1-9, 0-9, 2-9, 1-8)
T0468.882	referee	board_update
T0469.045	RED	turn_begin	39
T0476.172	referee	player_error	ERROR: exceeded available time in player 1 [agent:Agent] agent
T0476.174	referee	game_end	winner:BLUE
