T0000.003	referee	game_begin
T0000.043	RED	initialising
T0001.320	BLUE	initialising
T0002.895	RED	turn_begin	1
T0002.941	RED	turn_end	1	PLACE(4-7, 5-7, 3-7, 5-6)
T0002.957	referee	board_update
T0003.221	BLUE	turn_begin	2
T0003.365	BLUE	turn_end	2	PLACE(2-3, 2-4, 3-4, 1-4)
T0003.373	referee	board_update
T0003.431	RED	turn_begin	3
T0014.458	RED	turn_end	3	PLACE(2-7, 1-7, 2-6, 2-5)
T0014.462	referee	board_update
T0014.555	BLUE	turn_begin	4
T0014.620	BLUE	turn_end	4	PLACE(2-2, 1-2, 1-1, 1-0)
T0014.631	referee	board_update
T0014.770	RED	turn_begin	5
T0057.196	RED	turn_end	5	PLACE(3-6, 3-5, 4-5, 4-4)
T0057.207	referee	board_update
T0057.305	BLUE	turn_begin	6
T0057.376	BLUE	turn_end	6	PLACE(3-2, 3-3, 3-1, 4-2)
T0057.390	referee	board_update
T0057.534	RED	turn_begin	7
T0088.009	RED	turn_end	7	PLACE(3-8, 2-8, 2-9, 2-10)
T0088.011	referee	board_update
T0088.097	BLUE	turn_begin	8
T0088.171	BLUE	turn_end	8	PLACE(0-2, 0-3, 1-3, 0-1)
T0088.176	referee	board_update
T0088.321	RED	turn_begin	9
T0115.525	RED	turn_end	9	PLACE(6-6, 7-6, 6-5, 6-4)
T0115.529	referee	board_update
T0115.651	BLUE	turn_begin	10
T0115.726	BLUE	turn_end	10	PLACE(5-2, 5-1, 4-1, 5-3)
T0115.728	referee	board_update
T0115.866	RED	turn_begin	11
T0155.278	RED	turn_end	11	PLACE(4-8, 4-9, 4-10, 5-10)
T0155.288	referee	board_update
T0155.564	BLUE	turn_begin	12
T0155.710	BLUE	turn_end	12	PLACE(0-0, 0-10, 10-0, 1-10)
T0155.716	referee	board_update
T0156.007	RED	turn_begin	13
T0211.137	RED	turn_end	13	PLACE(6-7, 6-8, 6-9, 7-9)
T0211.150	referee	board_update
T0211.306	BLUE	turn_begin	14
T0211.353	BLUE	turn_end	14	PLACE(1-5, 0-5, 10-5, 0-6)
T0211.358	referee	board_update
T0211.477	RED	turn_begin	15
T0253.899	RED	turn_end	15	PLACE(0-7, 10-7, 10-8, 10-9)
T0253.905	referee	board_update
T0254.051	BLUE	turn_begin	16
T0254.189	BLUE	turn_end	16	PLACE(3-0, 4-0, 2-0, 2-1)
T0254.196	referee	board_update
T0254.443	RED	turn_begin	17
T0298.189	RED	turn_end	17	PLACE(2-7, 2-8, 2-9, 2-10)
T0298.192	referee	board_update
T0298.266	BLUE	turn_begin	18
T0298.343	BLUE	turn_end	18	PLACE(2-2, 2-3, 2-4, 2-1)
T0298.349	referee	board_update
T0298.431	RED	turn_begin	19
T0322.861	RED	turn_end	19	PLACE(8-6, 9-6, 9-5, 9-4)
T0322.867	referee	board_update
T0322.977	BLUE	turn_begin	20
T0323.195	BLUE	turn_end	20	PLACE(10-4, 0-4, 10-3, 10-2)
T0323.223	referee	board_update
T0323.351	RED	turn_begin	21
T0342.491	RED	turn_end	21	PLACE(7-5, 7-4, 7-3, 7-2)
T0342.501	referee	board_update
T0342.645	BLUE	turn_begin	22
T0342.742	BLUE	turn_end	22	PLACE(10-10, 9-10, 9-0, 8-10)
T0342.758	referee	board_update
T0343.019	RED	turn_begin	23
T0354.228	RED	turn_end	23	PLACE(6-10, 7-10, 7-0, 7-1)
T0354.236	referee	board_update
T0354.402	BLUE	turn_begin	24
T0354.458	BLUE	turn_end	24	PLACE(8-9, 8-8, 8-7, 7-8)
T0354.464	referee	board_update
T0354.584	RED	turn_begin	25
T0414.367	RED	turn_end	25	PLACE(9-3, 9-2, 8-2, 9-1)
T0414.369	referee	board_update
T0414.509	BLUE	turn_begin	26
T0414.618	BLUE	turn_end	26	PLACE(6-2, 6-1, 6-0, 6-3)
T0414.624	referee	board_update
T0414.810	RED	turn_begin	27
T0421.964	RED	turn_end	27	PLACE(6-6, 6-5, 6-4, 6-3)
T0422.021	referee	board_update
T0422.389	BLUE	turn_begin	28
T0422.576	BLUE	turn_end	28	PLACE(2-2, 1-2, 0-2, 3-2)
T0422.581	referee	board_update
T0422.820	RED	turn_begin	29
T0427.554	RED	turn_end	29	PLACE(6-10, 6-9, 6-0, 6-1)
T0427.562	referee	board_update
T0427.681	BLUE	turn_begin	30
T0427.853	BLUE	turn_end	30	PLACE(4-3, 4-2, 5-2, 6-2)
T0427.858	referee	board_update
T0427.965	RED	turn_begin	31
T0440.180	RED	turn_end	31	PLACE(10-1, 10-2, 9-2, 8-2)
T0440.198	referee	board_update
T0440.437	BLUE	turn_begin	32
T0443.027	BLUE	turn_end	32	PLACE(1-9, 1-8, 0-9, 0-8)
T0443.057	referee	board_update
T0443.302	RED	turn_begin	33
T0460.896	RED	turn_end	33	PLACE(0-7, 0-8, 0-9, 0-10)
T0460.898	referee	board_update
T0461.030	BLUE	turn_begin	34
T0465.087	BLUE	turn_end	34	PLACE(0-1, 0-0, 0-2, 0-3)
T0465.090	referee	board_update
T0465.174	RED	turn_begin	35
T0468.839	RED	turn_end	35	PLACE(1-6, 0-6, 2-6, 0-5)
T0468.841	referee	board_update
T0468.919	BLUE	turn_begin	36
T0470.838	BLUE	turn_end	36	PLACE(7-7, 6-7, 6-8, 5-8)
T0470.847	referee	board_update
T0470.931	RED	turn_begin	37
T0473.997	referee	player_error	ERROR: exceeded available time in player 1 [agent:Agent] agent
T0474.000	referee	game_end	winner:BLUE
