T0000.001	referee	game_begin
T0000.010	RED	initialising
T0001.001	BLUE	initialising
T0002.502	RED	turn_begin	1
T0002.585	RED	turn_end	1	PLACE(3-8, 3-7, 2-8, 2-9)
T0002.594	referee	board_update
T0002.718	BLUE	turn_begin	2
T0002.750	BLUE	turn_end	2	PLACE(10-8, 10-7, 9-7, 0-7)
T0002.753	referee	board_update
T0003.105	RED	turn_begin	3
T0010.211	RED	turn_end	3	PLACE(2-7, 1-7, 1-6, 0-6)
T0010.214	referee	board_update
T0010.300	BLUE	turn_begin	4
T0010.342	BLUE	turn_end	4	PLACE(9-6, 9-5, 9-4, 10-4)
T0010.348	referee	board_update
T0010.456	RED	turn_begin	5
T0047.668	RED	turn_end	5	PLACE(4-7, 5-7, 6-7, 7-7)
T0047.677	referee	board_update
T0047.792	BLUE	turn_begin	6
T0047.846	BLUE	turn_end	6	PLACE(10-9, 9-9, 10-10, 8-9)
T0047.859	referee	board_update
T0047.939	RED	turn_begin	7
T0092.860	RED	turn_end	7	PLACE(3-6, 2-6, 2-5, 1-5)
T0092.866	referee	board_update
T0092.951	BLUE	turn_begin	8
T0093.045	BLUE	turn_end	8	PLACE(0-9, 0-8, 1-8, 0-10)
T0093.062	referee	board_update
T0093.139	RED	turn_begin	9
T0153.909	RED	turn_end	9	PLACE(4-8, 5-8, 6-8, 6-9)
T0153.927	referee	board_update
T0154.214	BLUE	turn_begin	10
T0154.438	BLUE	turn_end	10	PLACE(7-9, 7-8, 8-8, 8-7)
T0154.440	referee	board_update
T0154.642	RED	turn_begin	11
T0236.284	RED	turn_end	11	PLACE(3-7, 4-7, 5-7, 6-7)
T0236.287	referee	board_update
T0236.395	BLUE	turn_begin	12
T0236.447	BLUE	turn_end	12	PLACE(9-3, 8-3, 7-3, 7-4)
T0236.455	referee	board_update
T0236.574	RED	turn_begin	13
T0319.963	RED	turn_end	13	PLACE(3-9, 3-10, 2-10, 1-10)
T0320.014	referee	board_update
T0320.135	BLUE	turn_begin	14
T0320.202	BLUE	turn_end	14	PLACE(8-2, 7-2, 8-1, 9-2)
T0320.204	referee	board_update
T0320.309	RED	turn_begin	15
T0380.094	RED	turn_end	15	PLACE(0-5, 0-4, 0-3, 0-2)
T0380.098	referee	board_update
T0380.252	BLUE	turn_begin	16
T0380.446	BLUE	turn_end	16	PLACE(1-7, 0-7, 2-7, 10-7)
T0380.448	referee	board_update
T0380.601	RED	turn_begin	17
T0423.737	RED	turn_end	17	PLACE(3-5, 4-5, 3-4, 5-5)
T0423.748	referee	board_update
T0424.283	BLUE	turn_begin	18
T0424.952	BLUE	turn_end	18	PLACE(10-3, 10-2, 10-1, 0-1)
T0424.976	referee	board_update
T0425.175	RED	turn_begin	19
T0456.108	RED	turn_end	19	PLACE(1-4, 1-3, 1-2, 1-1)
T0456.115	referee	board_update
T0456.247	BLUE	turn_begin	20
T0456.330	BLUE	turn_end	20	PLACE(0-0, 1-0, 10-0, 2-0)
T0456.337	referee	board_update
T0456.483	RED	turn_begin	21
T0486.203	referee	player_error	ERROR: exceeded available time in player 1 [agent:Agent] agent
T0486.204	referee	game_end	winner:BLUE
