T0000.001	referee	game_begin
T0000.007	RED	initialising
T0002.165	BLUE	initialising
T0003.654	RED	turn_begin	1
T0003.708	RED	turn_end	1	PLACE(4-0, 4-10, 3-0, 5-0)
T0003.713	referee	board_update
T0003.876	BLUE	turn_begin	2
T0003.994	BLUE	turn_end	2	PLACE(7-6, 6-6, 7-5, 7-4)
T0004.015	referee	board_update
T0004.252	RED	turn_begin	3
T0032.259	RED	turn_end	3	PLACE(3-10, 2-10, 1-10, 1-0)
T0032.265	referee	board_update
T0032.399	BLUE	turn_begin	4
T0032.471	BLUE	turn_end	4	PLACE(7-7, 6-7, 5-7, 5-8)
T0032.478	referee	board_update
T0032.607	RED	turn_begin	5
T0060.043	RED	turn_end	5	PLACE(5-10, 6-10, 7-10, 7-9)
T0060.047	referee	board_update
T0060.150	BLUE	turn_begin	6
T0060.201	BLUE	turn_end	6	PLACE(8-4, 8-5, 8-6, 8-7)
T0060.221	referee	board_update
T0060.277	RED	turn_begin	7
T0083.899	RED	turn_end	7	PLACE(4-9, 3-9, 4-8, 4-7)
T0083.906	referee	board_update
T0084.035	BLUE	turn_begin	8
T0084.116	BLUE	turn_end	8	PLACE(9-5, 9-4, 9-6, 10-5)
T0084.122	referee	board_update
T0084.321	RED	turn_begin	9
T0103.387	RED	turn_end	9	PLACE(4-1, 3-1, 4-2, 5-2)
T0103.394	referee	board_update
T0103.510	BLUE	turn_begin	10
T0103.580	BLUE	turn_end	10	PLACE(10-4, 0-4, 0-5, 1-5)
T0103.583	referee	board_update
T0103.680	RED	turn_begin	11
T0130.268	RED	turn_end	11	PLACE(6-0, 7-0, 7-1, 7-2)
T0130.270	referee	board_update
T0130.376	BLUE	turn_begin	12
T0130.473	BLUE	turn_end	12	PLACE(0-6, 0-7, 10-6, 0-8)
T0130.481	referee	board_update
T0130.608	RED	turn_begin	13
T0156.820	RED	turn_end	13	PLACE(0-0, 10-0, 0-10, 10-10)
T0156.828	referee	board_update
T0156.915	BLUE	turn_begin	14
T0156.994	BLUE	turn_end	14	PLACE(1-8, 2-8, 2-9, 2-7)
T0156.998	referee	board_update
T0157.064	RED	turn_begin	15
T0176.904	RED	turn_end	15	PLACE(1-1, 0-1, 2-1, 0-2)
T0176.916	referee	board_update
T0177.020	BLUE	turn_begin	16
T0177.149	BLUE	turn_end	16	PLACE(8-8, 9-8, 7-8, 10-8)
T0177.151	referee	board_update
T0177.234	RED	turn_begin	17
T0191.842	RED	turn_end	17	PLACE(5-1, 6-1, 6-2, 6-3)
T0191.845	referee	board_update
T0191.982	BLUE	turn_begin	18
T0192.078	BLUE	turn_end	18	PLACE(6-4, 6-5, 5-5, 4-5)
T0192.080	referee	board_update
T0192.208	RED	turn_begin	19
T0199.810	RED	turn_end	19	PLACE(8-9, 9-9, 9-10, 9-0)
T0199.813	referee	board_update
T0199.904	BLUE	turn_begin	20
T0200.445	BLUE	turn_end	20	PLACE(9-3, 10-3, 9-2, 0-3)
T0200.453	referee	board_update
T0200.542	RED	turn_begin	21
T0204.924	RED	turn_end	21	PLACE(3-7, 3-6, 2-6, 3-5)
T0204.926	referee	board_update
T0204.987	BLUE	turn_begin	22
T0205.789	BLUE	turn_end	22	PLACE(5-4, 4-4, 3-4, 3-3)
T0205.802	referee	board_update
T0205.867	RED	turn_begin	23
T0208.112	RED	turn_end	23	PLACE(3-2, 2-2, 2-3, 2-4)
T0208.115	referee	board_update
T0208.259	BLUE	turn_begin	24
T0208.389	BLUE	turn_end	24	PLACE(9-1, 10-1, 10-2, 8-1)
T0208.392	referee	board_update
T0208.527	RED	turn_begin	25
T0209.895	RED	turn_end	25	PLACE(5-1, 6-1, 7-1, 8-1)
T0209.899	referee	board_update
T0210.025	BLUE	turn_begin	26
T0210.162	BLUE	turn_end	26	PLACE(1-3, 1-2, 1-1, 1-4)
T0210.168	referee	board_update
T0210.280	RED	turn_begin	27
T0212.240	RED	turn_end	27	PLACE(5-3, 5-4, 6-4, 7-4)
T0212.243	referee	board_update
T0212.333	BLUE	turn_begin	28
T0212.405	BLUE	turn_end	28	PLACE(8-3, 8-2, 7-3, 8-4)
T0212.408	referee	board_update
T0212.518	RED	turn_begin	29
T0216.630	RED	turn_end	29	PLACE(4-1, 3-1, 3-2, 2-2)
T0216.635	referee	board_update
T0216.723	BLUE	turn_begin	30
T0216.818	BLUE	turn_end	30	PLACE(8-2, 9-2, 7-2, 7-1)
T0216.820	referee	board_update
T0216.902	RED	turn_begin	31
T0221.428	RED	turn_end	31	PLACE(5-9, 6-9, 7-9, 7-8)
T0221.436	referee	board_update
T0221.551	BLUE	turn_begin	32
T0221.659	BLUE	turn_end	32	PLACE(10-2, 10-1, 9-1, 0-1)
T0221.662	referee	board_update
T0221.740	RED	turn_begin	33
T0226.997	RED	turn_end	33	PLACE(2-5, 2-4, 3-4, 4-4)
T0227.000	referee	board_update
T0227.100	BLUE	turn_begin	34
T0228.122	BLUE	turn_end	34	PLACE(7-3, 7-4, 7-5, 7-6)
T0228.124	referee	board_update
T0228.209	RED	turn_begin	35
T0230.461	RED	turn_end	35	PLACE(1-6, 1-5, 1-7, 0-5)
T0230.469	referee	board_update
T0230.560	BLUE	turn_begin	36
T0231.073	BLUE	turn_end	36	PLACE(6-5, 5-5, 4-5, 5-6)
T0231.075	referee	board_update
T0231.159	RED	turn_begin	37
T0235.393	RED	turn_end	37	PLACE(10-5, 9-5, 10-4, 8-5)
T0235.399	referee	board_update
T0235.497	BLUE	turn_begin	38
T0235.881	BLUE	turn_end	38	PLACE(6-2, 5-2, 4-2, 4-3)
T0235.884	referee	board_update
T0235.979	RED	turn_begin	39
T0237.543	RED	turn_end	39	PLACE(5-0, 5-1, 5-2, 5-3)
T0237.558	referee	board_update
T0237.622	BLUE	turn_begin	40
T0238.152	BLUE	turn_end	40	PLACE(1-2, 0-2, 0-3, 0-4)
T0238.180	referee	board_update
T0238.263	RED	turn_begin	41
T0243.571	RED	turn_end	41	PLACE(5-7, 5-6, 5-8, 5-5)
T0243.577	referee	board_update
T0243.667	BLUE	turn_begin	42
T0243.875	BLUE	turn_end	42	PLACE(0-2, 10-2, 1-2, 1-3)
T0243.882	referee	board_update
T0243.956	RED	turn_begin	43
T0245.248	RED	turn_end	43	PLACE(6-2, 5-2, 7-2, 8-2)
T0245.251	referee	board_update
T0245.348	BLUE	turn_begin	44
T0245.681	BLUE	turn_end	44	PLACE(7-3, 6-3, 8-3, 9-3)
T0245.708	referee	board_update
T0245.996	RED	turn_begin	45
T0247.759	RED	turn_end	45	PLACE(3-2, 2-2, 4-2, 4-3)
T0247.770	referee	board_update
T0247.859	BLUE	turn_begin	46
T0251.988	BLUE	turn_end	46	PLACE(7-0, 8-0, 7-10, 8-10)
T0251.998	referee	board_update
T0252.066	RED	turn_begin	47
T0253.348	RED	turn_end	47	PLACE(8-9, 8-8, 8-7, 8-6)
T0253.350	referee	board_update
T0253.426	BLUE	turn_begin	48
T0254.848	BLUE	turn_end	48	PLACE(8-1, 8-2, 8-0, 9-2)
T0254.852	referee	board_update
T0254.903	RED	turn_begin	49
T0257.178	RED	turn_end	49	PLACE(6-2, 5-2, 4-2, 3-2)
T0257.189	referee	board_update
T0257.285	BLUE	turn_begin	50
T0258.553	BLUE	turn_end	50	PLACE(0-2, 1-2, 2-2, 10-2)
T0258.556	referee	board_update
T0258.601	RED	turn_begin	51
T0259.014	RED	turn_end	51	PLACE(8-5, 7-5, 8-4, 8-3)
T0259.016	referee	board_update
T0259.310	referee	game_end	winner:RED
