T0000.001	referee	game_begin
T0000.017	RED	initialising
T0002.296	BLUE	initialising
T0003.214	RED	turn_begin	1
T0003.501	RED	turn_end	1	PLACE(2-7, 2-6, 2-5, 2-8)
T0003.523	referee	board_update
T0003.880	BLUE	turn_begin	2
T0003.995	BLUE	turn_end	2	PLACE(3-4, 3-3, 3-2, 2-4)
T0004.012	referee	board_update
T0004.268	RED	turn_begin	3
T0017.645	RED	turn_end	3	PLACE(1-5, 0-5, 1-4, 1-3)
T0017.678	referee	board_update
T0017.884	BLUE	turn_begin	4
T0018.148	BLUE	turn_end	4	PLACE(2-3, 2-2, 1-2, 0-2)
T0018.152	referee	board_update
T0018.565	RED	turn_begin	5
T0033.533	RED	turn_end	5	PLACE(3-5, 4-5, 5-5, 5-4)
T0033.555	referee	board_update
T0033.834	BLUE	turn_begin	6
T0033.963	BLUE	turn_end	6	PLACE(0-3, 10-3, 0-4, 10-4)
T0033.965	referee	board_update
T0034.085	RED	turn_begin	7
T0056.823	RED	turn_end	7	PLACE(1-6, 0-6, 10-6, 10-5)
T0056.891	referee	board_update
T0057.041	BLUE	turn_begin	8
T0057.157	BLUE	turn_end	8	PLACE(3-1, 3-0, 4-0, 2-1)
T0057.179	referee	board_update
T0057.271	RED	turn_begin	9
T0081.062	RED	turn_end	9	PLACE(3-6, 3-7, 4-7, 3-8)
T0081.072	referee	board_update
T0081.189	BLUE	turn_begin	10
T0081.235	BLUE	turn_end	10	PLACE(0-1, 1-1, 1-0, 0-0)
T0081.241	referee	board_update
T0081.376	RED	turn_begin	11
T0104.721	RED	turn_end	11	PLACE(1-7, 1-8, 0-8, 1-9)
T0104.731	referee	board_update
T0104.840	BLUE	turn_begin	12
T0104.952	BLUE	turn_end	12	PLACE(4-4, 4-3, 5-3, 4-2)
T0104.975	referee	board_update
T0105.114	RED	turn_begin	13
T0125.612	RED	turn_end	13	PLACE(2-9, 3-9, 4-9, 4-10)
T0125.615	referee	board_update
T0125.726	BLUE	turn_begin	14
T0125.770	BLUE	turn_end	14	PLACE(10-1, 9-1, 10-2, 9-2)
T0125.783	referee	board_update
T0125.878	RED	turn_begin	15
T0144.274	RED	turn_end	15	PLACE(6-5, 7-5, 6-4, 7-4)
T0144.276	referee	board_update
T0144.396	BLUE	turn_begin	16
T0144.502	BLUE	turn_end	16	PLACE(8-1, 7-1, 8-2, 6-1)
T0144.504	referee	board_update
T0144.579	RED	turn_begin	17
T0155.527	RED	turn_end	17	PLACE(5-6, 6-6, 7-6, 8-6)
T0155.529	referee	board_update
T0155.611	BLUE	turn_begin	18
T0155.665	BLUE	turn_end	18	PLACE(5-0, 5-10, 6-10, 6-9)
T0155.676	referee	board_update
T0155.738	RED	turn_begin	19
T0169.288	RED	turn_end	19	PLACE(9-5, 9-4, 9-6, 9-3)
T0169.292	referee	board_update
T0169.406	BLUE	turn_begin	20
T0169.496	BLUE	turn_end	20	PLACE(7-2, 7-3, 6-3, 8-3)
T0169.498	referee	board_update
T0169.585	RED	turn_begin	21
T0183.648	RED	turn_end	21	PLACE(5-3, 4-3, 6-3, 7-3)
T0183.654	referee	board_update
T0183.724	BLUE	turn_begin	22
T0183.840	BLUE	turn_end	22	PLACE(6-0, 7-0, 8-0, 7-10)
T0183.848	referee	board_update
T0183.942	RED	turn_begin	23
T0188.552	RED	turn_end	23	PLACE(10-7, 9-7, 10-8, 10-9)
T0188.557	referee	board_update
T0188.668	BLUE	turn_begin	24
T0188.754	BLUE	turn_end	24	PLACE(10-3, 0-3, 1-3, 9-3)
T0188.757	referee	board_update
T0188.849	RED	turn_begin	25
T0191.455	RED	turn_end	25	PLACE(4-8, 5-8, 6-8, 7-8)
T0191.458	referee	board_update
T0191.554	BLUE	turn_begin	26
T0191.810	BLUE	turn_end	26	PLACE(4-1, 5-1, 5-2, 6-2)
T0191.822	referee	board_update
T0191.925	RED	turn_begin	27
T0206.030	RED	turn_end	27	PLACE(1-10, 0-10, 10-10, 10-0)
T0206.034	referee	board_update
T0206.124	BLUE	turn_begin	28
T0206.198	BLUE	turn_end	28	PLACE(2-3, 2-2, 1-2, 3-3)
T0206.201	referee	board_update
T0206.296	RED	turn_begin	29
T0214.578	RED	turn_end	29	PLACE(6-7, 7-7, 8-7, 8-8)
T0214.584	referee	board_update
T0214.673	BLUE	turn_begin	30
T0214.723	BLUE	turn_end	30	PLACE(7-9, 8-9, 8-10, 9-9)
T0214.728	referee	board_update
T0214.808	RED	turn_begin	31
T0225.149	RED	turn_end	31	PLACE(5-2, 4-2, 6-2, 4-1)
T0225.151	referee	board_update
T0225.261	BLUE	turn_begin	32
T0225.384	BLUE	turn_end	32	PLACE(5-1, 6-1, 7-1, 7-2)
T0225.399	referee	board_update
T0225.512	RED	turn_begin	33
T0234.639	RED	turn_end	33	PLACE(6-5, 7-5, 6-4, 6-3)
T0234.644	referee	board_update
T0234.746	BLUE	turn_begin	34
T0234.838	BLUE	turn_end	34	PLACE(6-0, 7-0, 6-10, 6-9)
T0234.846	referee	board_update
T0234.938	RED	turn_begin	35
T0240.193	RED	turn_end	35	PLACE(5-7, 6-7, 6-8, 7-8)
T0240.199	referee	board_update
T0240.309	BLUE	turn_begin	36
T0240.873	BLUE	turn_end	36	PLACE(6-1, 7-1, 7-2, 7-3)
T0240.882	referee	board_update
T0241.191	RED	turn_begin	37
T0245.166	RED	turn_end	37	PLACE(9-10, 9-0, 9-1, 10-1)
T0245.169	referee	board_update
T0245.509	BLUE	turn_begin	38
T0245.651	BLUE	turn_end	38	PLACE(8-3, 8-4, 8-5, 8-2)
T0245.690	referee	board_update
T0245.926	RED	turn_begin	39
T0250.274	RED	turn_end	39	PLACE(1-3, 0-3, 10-3, 9-3)
T0250.283	referee	board_update
T0250.492	BLUE	turn_begin	40
T0250.843	BLUE	turn_end	40	PLACE(2-0, 2-10, 3-10, 2-1)
T0250.850	referee	board_update
T0250.910	RED	turn_begin	41
T0253.873	RED	turn_end	41	PLACE(5-3, 4-3, 6-3, 7-3)
T0253.889	referee	board_update
T0253.964	BLUE	turn_begin	42
T0254.008	BLUE	turn_end	42	PLACE(5-0, 6-0, 4-0, 3-0)
T0254.017	referee	board_update
T0254.093	RED	turn_begin	43
T0255.428	RED	turn_end	43	PLACE(5-5, 4-5, 6-5, 7-5)
T0255.430	referee	board_update
T0255.498	BLUE	turn_begin	44
T0256.190	BLUE	turn_end	44	PLACE(1-1, 0-1, 0-2, 1-0)
T0256.192	referee	board_update
T0256.261	RED	turn_begin	45
T0259.626	RED	turn_end	45	PLACE(10-0, 9-0, 8-0, 7-0)
T0259.632	referee	board_update
T0259.674	BLUE	turn_begin	46
T0261.124	BLUE	turn_end	46	PLACE(2-5, 1-5, 0-5, 10-5)
T0261.129	referee	board_update
T0261.197	RED	turn_begin	47
T0261.897	RED	turn_end	47	PLACE(1-7, 1-8, 1-9, 1-10)
T0261.905	referee	board_update
T0261.937	BLUE	turn_begin	48
T0261.964	BLUE	turn_end	48	PLACE(3-2, 3-3, 3-1, 2-3)
T0261.966	referee	board_update
T0262.003	RED	turn_begin	49
T0263.085	RED	turn_end	49	PLACE(1-3, 1-2, 1-4, 1-1)
T0263.088	referee	board_update
T0263.257	referee	game_end	winner:RED
