T0000.002	referee	game_begin
T0000.019	RED	initialising
T0002.201	BLUE	initialising
T0004.617	RED	turn_begin	1
T0004.667	RED	turn_end	1	PLACE(2-3, 2-2, 2-4, 1-4)
T0004.693	referee	board_update
T0004.840	BLUE	turn_begin	2
T0004.895	BLUE	turn_end	2	PLACE(4-4, 3-4, 5-4, 5-3)
T0004.907	referee	board_update
T0005.091	RED	turn_begin	3
T0014.562	RED	turn_end	3	PLACE(1-3, 0-3, 10-3, 9-3)
T0014.566	referee	board_update
T0014.755	BLUE	turn_begin	4
T0014.917	BLUE	turn_end	4	PLACE(3-3, 3-2, 4-2, 4-1)
T0014.934	referee	board_update
T0015.182	RED	turn_begin	5
T0030.061	RED	turn_end	5	PLACE(2-5, 1-5, 3-5, 4-5)
T0030.080	referee	board_update
T0030.289	BLUE	turn_begin	6
T0030.372	BLUE	turn_end	6	PLACE(6-4, 7-4, 8-4, 8-5)
T0030.393	referee	board_update
T0030.554	RED	turn_begin	7
T0053.278	RED	turn_end	7	PLACE(0-4, 0-5, 10-5, 9-5)
T0053.282	referee	board_update
T0053.428	BLUE	turn_begin	8
T0053.606	BLUE	turn_end	8	PLACE(7-5, 7-6, 8-6, 6-5)
T0053.608	referee	board_update
T0053.759	RED	turn_begin	9
T0073.734	RED	turn_end	9	PLACE(1-2, 1-1, 0-1, 2-1)
T0073.741	referee	board_update
T0073.871	BLUE	turn_begin	10
T0073.981	BLUE	turn_end	10	PLACE(9-6, 9-7, 9-8, 9-9)
T0073.983	referee	board_update
T0074.115	RED	turn_begin	11
T0101.684	RED	turn_end	11	PLACE(8-3, 7-3, 6-3, 7-2)
T0101.690	referee	board_update
T0101.799	BLUE	turn_begin	12
T0101.860	BLUE	turn_end	12	PLACE(5-1, 6-1, 5-2, 5-0)
T0101.867	referee	board_update
T0102.018	RED	turn_begin	13
T0130.005	RED	turn_end	13	PLACE(9-2, 8-2, 9-1, 8-1)
T0130.006	referee	board_update
T0130.122	BLUE	turn_begin	14
T0130.227	BLUE	turn_end	14	PLACE(3-1, 3-0, 2-0, 2-10)
T0130.250	referee	board_update
T0130.350	RED	turn_begin	15
T0171.040	RED	turn_end	15	PLACE(10-2, 10-1, 10-0, 10-10)
T0171.049	referee	board_update
T0171.132	BLUE	turn_begin	16
T0171.224	BLUE	turn_end	16	PLACE(1-0, 1-10, 0-10, 0-0)
T0171.231	referee	board_update
T0171.344	RED	turn_begin	17
T0197.324	RED	turn_end	17	PLACE(4-6, 3-6, 5-6, 4-7)
T0197.334	referee	board_update
T0197.389	BLUE	turn_begin	18
T0197.487	BLUE	turn_end	18	PLACE(8-7, 7-7, 7-8, 7-9)
T0197.489	referee	board_update
T0197.570	RED	turn_begin	19
T0211.108	RED	turn_end	19	PLACE(2-6, 1-6, 1-7, 1-8)
T0211.118	referee	board_update
T0211.196	BLUE	turn_begin	20
T0211.311	BLUE	turn_end	20	PLACE(4-0, 4-10, 4-9, 5-10)
T0211.314	referee	board_update
T0211.406	RED	turn_begin	21
T0216.743	RED	turn_end	21	PLACE(0-6, 0-7, 0-8, 10-8)
T0216.758	referee	board_update
T0216.826	BLUE	turn_begin	22
T0216.890	BLUE	turn_end	22	PLACE(9-10, 8-10, 8-9, 8-0)
T0216.898	referee	board_update
T0216.964	RED	turn_begin	23
T0220.067	RED	turn_end	23	PLACE(3-7, 3-8, 2-8, 4-8)
T0220.070	referee	board_update
T0220.126	BLUE	turn_begin	24
T0220.704	BLUE	turn_end	24	PLACE(6-8, 5-8, 5-9, 5-7)
T0220.708	referee	board_update
T0220.839	RED	turn_begin	25
T0222.685	RED	turn_end	25	PLACE(1-9, 0-9, 2-9, 3-9)
T0222.688	referee	board_update
T0222.778	BLUE	turn_begin	26
T0223.151	BLUE	turn_end	26	PLACE(6-10, 6-0, 6-9, 7-0)
T0223.156	referee	board_update
T0223.237	RED	turn_begin	27
T0224.803	RED	turn_end	27	PLACE(1-2, 1-1, 1-0, 1-10)
T0224.810	referee	board_update
T0225.183	referee	game_end	winner:RED
