T0000.001	referee	game_begin
T0000.020	RED	initialising
T0001.315	BLUE	initialising
T0002.899	RED	turn_begin	1
T0003.018	RED	turn_end	1	PLACE(1-5, 0-5, 2-5, 0-6)
T0003.024	referee	board_update
T0003.167	BLUE	turn_begin	2
T0003.203	BLUE	turn_end	2	PLACE(9-1, 10-1, 9-0, 10-2)
T0003.215	referee	board_update
T0003.355	RED	turn_begin	3
T0007.500	RED	turn_end	3	PLACE(3-5, 4-5, 3-4, 4-6)
T0007.502	referee	board_update
T0007.632	BLUE	turn_begin	4
T0007.666	BLUE	turn_end	4	PLACE(0-1, 0-0, 0-10, 10-0)
T0007.703	referee	board_update
T0007.810	RED	turn_begin	5
T0013.643	RED	turn_end	5	PLACE(2-4, 1-4, 2-3, 2-2)
T0013.645	referee	board_update
T0013.714	BLUE	turn_begin	6
T0013.776	BLUE	turn_end	6	PLACE(9-10, 9-9, 10-10, 8-10)
T0013.783	referee	board_update
T0013.856	RED	turn_begin	7
T0020.292	RED	turn_end	7	PLACE(2-6, 1-6, 2-7, 1-7)
T0020.300	referee	board_update
T0020.362	BLUE	turn_begin	8
T0020.395	BLUE	turn_end	8	PLACE(8-0, 7-0, 6-0, 5-0)
T0020.397	referee	board_update
T0020.487	RED	turn_begin	9
T0028.746	RED	turn_end	9	PLACE(10-6, 9-6, 10-5, 9-7)
T0028.751	referee	board_update
T0028.819	BLUE	turn_begin	10
T0028.864	BLUE	turn_end	10	PLACE(9-2, 9-3, 8-2, 9-4)
T0028.866	referee	board_update
T0028.943	RED	turn_begin	11
T0037.346	RED	turn_end	11	PLACE(0-7, 10-7, 0-8, 0-9)
T0037.351	referee	board_update
T0037.721	BLUE	turn_begin	12
T0037.910	BLUE	turn_end	12	PLACE(5-10, 4-10, 3-10, 4-9)
T0037.922	referee	board_update
T0038.028	RED	turn_begin	13
T0046.482	RED	turn_end	13	PLACE(0-4, 0-3, 10-3, 1-3)
T0046.495	referee	board_update
T0046.574	BLUE	turn_begin	14
T0046.646	BLUE	turn_end	14	PLACE(4-0, 4-1, 3-0, 3-1)
T0046.647	referee	board_update
T0046.708	RED	turn_begin	15
T0052.777	RED	turn_end	15	PLACE(5-5, 6-5, 5-4, 7-5)
T0052.791	referee	board_update
T0052.864	BLUE	turn_begin	16
T0052.899	BLUE	turn_end	16	PLACE(1-1, 1-0, 2-0, 2-10)
T0052.907	referee	board_update
T0052.971	RED	turn_begin	17
T0061.003	RED	turn_end	17	PLACE(4-4, 4-3, 5-3, 4-2)
T0061.005	referee	board_update
T0061.077	BLUE	turn_begin	18
T0061.150	BLUE	turn_end	18	PLACE(8-9, 8-8, 7-8, 6-8)
T0061.153	referee	board_update
T0061.220	RED	turn_begin	19
T0065.464	RED	turn_end	19	PLACE(3-6, 3-7, 4-7, 5-7)
T0065.467	referee	board_update
T0065.537	BLUE	turn_begin	20
T0065.582	BLUE	turn_end	20	PLACE(10-0, 0-0, 1-0, 1-10)
T0065.589	referee	board_update
T0065.661	RED	turn_begin	21
T0070.589	RED	turn_end	21	PLACE(5-6, 6-6, 7-6, 7-7)
T0070.616	referee	board_update
T0070.837	BLUE	turn_begin	22
T0071.619	BLUE	turn_end	22	PLACE(4-8, 3-8, 2-8, 1-8)
T0071.622	referee	board_update
T0071.812	RED	turn_begin	23
T0079.437	RED	turn_end	23	PLACE(8-6, 8-5, 8-7, 8-4)
T0079.442	referee	board_update
T0079.546	BLUE	turn_begin	24
T0080.230	BLUE	turn_end	24	PLACE(7-9, 6-9, 5-9, 6-10)
T0080.240	referee	board_update
T0080.410	RED	turn_begin	25
T0083.739	RED	turn_end	25	PLACE(2-6, 3-6, 4-6, 5-6)
T0083.749	referee	board_update
T0083.881	BLUE	turn_begin	26
T0085.854	BLUE	turn_end	26	PLACE(9-5, 9-6, 8-6, 10-6)
T0085.858	referee	board_update
T0086.022	RED	turn_begin	27
T0090.850	RED	turn_end	27	PLACE(3-5, 2-5, 1-5, 0-5)
T0090.860	referee	board_update
T0090.965	BLUE	turn_begin	28
T0091.526	BLUE	turn_end	28	PLACE(8-3, 7-3, 7-2, 7-1)
T0091.534	referee	board_update
T0091.660	RED	turn_begin	29
T0094.345	RED	turn_end	29	PLACE(6-4, 7-4, 6-3, 7-5)
T0094.347	referee	board_update
T0094.481	BLUE	turn_begin	30
T0094.641	BLUE	turn_end	30	PLACE(9-5, 8-5, 10-5, 10-4)
T0094.643	referee	board_update
T0094.742	RED	turn_begin	31
T0100.503	RED	turn_end	31	PLACE(3-3, 3-4, 2-4, 1-4)
T0100.525	referee	board_update
T0100.649	BLUE	turn_begin	32
T0100.715	BLUE	turn_end	32	PLACE(6-1, 6-0, 5-0, 6-2)
T0100.718	referee	board_update
T0100.835	RED	turn_begin	33
T0103.579	RED	turn_end	33	PLACE(1-2, 0-2, 0-3, 10-3)
T0103.592	referee	board_update
T0103.728	BLUE	turn_begin	34
T0104.644	BLUE	turn_end	34	PLACE(3-0, 4-0, 2-0, 2-1)
T0104.647	referee	board_update
T0104.745	RED	turn_begin	35
T0106.082	RED	turn_end	35	PLACE(3-2, 3-3, 4-3, 5-3)
T0106.096	referee	board_update
T0106.205	BLUE	turn_begin	36
T0106.354	BLUE	turn_end	36	PLACE(10-4, 0-4, 9-4, 8-4)
T0106.357	referee	board_update
T0106.455	RED	turn_begin	37
T0107.781	RED	turn_end	37	PLACE(7-6, 6-6, 6-5, 5-5)
T0107.784	referee	board_update
T0107.888	BLUE	turn_begin	38
T0108.000	BLUE	turn_end	38	PLACE(7-0, 7-10, 8-0, 9-0)
T0108.004	referee	board_update
T0108.167	RED	turn_begin	39
T0114.629	RED	turn_end	39	PLACE(10-8, 10-9, 10-10, 0-10)
T0114.634	referee	board_update
T0114.711	BLUE	turn_begin	40
T0114.785	BLUE	turn_end	40	PLACE(8-1, 8-0, 8-10, 9-0)
T0114.788	referee	board_update
T0114.860	RED	turn_begin	41
T0119.139	RED	turn_end	41	PLACE(1-9, 2-9, 1-10, 2-10)
T0119.141	referee	board_update
T0119.284	BLUE	turn_begin	42
T0119.482	BLUE	turn_end	42	PLACE(3-9, 3-10, 3-0, 2-0)
T0119.486	referee	board_update
T0119.593	RED	turn_begin	43
T0125.031	RED	turn_end	43	PLACE(3-2, 3-1, 3-0, 4-0)
T0125.041	referee	board_update
T0125.187	BLUE	turn_begin	44
T0125.266	BLUE	turn_end	44	PLACE(6-9, 6-10, 7-9, 5-10)
T0125.268	referee	board_update
T0125.348	RED	turn_begin	45
T0127.588	RED	turn_end	45	PLACE(3-7, 3-6, 3-8, 3-5)
T0127.594	referee	board_update
T0127.754	BLUE	turn_begin	46
T0127.987	BLUE	turn_end	46	PLACE(5-9, 5-8, 4-9, 4-10)
T0128.007	referee	board_update
T0128.142	RED	turn_begin	47
T0129.937	RED	turn_end	47	PLACE(2-3, 3-3, 3-4, 4-4)
T0129.942	referee	board_update
T0130.095	BLUE	turn_begin	48
T0131.252	BLUE	turn_end	48	PLACE(2-9, 3-9, 3-10, 1-9)
T0131.274	referee	board_update
T0131.451	RED	turn_begin	49
T0133.462	RED	turn_end	49	PLACE(2-7, 3-7, 2-6, 3-8)
T0133.470	referee	board_update
T0133.556	BLUE	turn_begin	50
T0134.066	BLUE	turn_end	50	PLACE(3-1, 3-0, 2-0, 3-2)
T0134.068	referee	board_update
T0134.169	RED	turn_begin	51
T0135.200	RED	turn_end	51	PLACE(9-8, 9-9, 10-9, 0-9)
T0135.208	referee	board_update
T0135.333	BLUE	turn_begin	52
T0135.482	BLUE	turn_end	52	PLACE(5-1, 5-2, 5-0, 6-0)
T0135.485	referee	board_update
T0135.635	RED	turn_begin	53
T0136.984	RED	turn_end	53	PLACE(3-6, 3-5, 2-5, 2-4)
T0136.987	referee	board_update
T0137.133	BLUE	turn_begin	54
T0137.211	BLUE	turn_end	54	PLACE(2-9, 3-9, 3-10, 2-8)
T0137.217	referee	board_update
T0137.319	RED	turn_begin	55
T0138.274	RED	turn_end	55	PLACE(1-8, 2-8, 3-8, 4-8)
T0138.277	referee	board_update
T0138.368	BLUE	turn_begin	56
T0138.448	BLUE	turn_end	56	PLACE(2-2, 2-1, 2-3, 1-3)
T0138.451	referee	board_update
T0138.559	RED	turn_begin	57
T0146.683	RED	turn_end	57	PLACE(9-8, 8-8, 10-8, 7-8)
T0146.688	referee	board_update
T0146.800	BLUE	turn_begin	58
T0146.868	BLUE	turn_end	58	PLACE(9-3, 8-3, 7-3, 8-2)
T0146.875	referee	board_update
T0147.019	RED	turn_begin	59
T0150.281	RED	turn_end	59	PLACE(10-2, 9-2, 0-2, 10-1)
T0150.284	referee	board_update
T0150.365	BLUE	turn_begin	60
T0150.454	BLUE	turn_end	60	PLACE(3-3, 3-2, 2-2, 4-2)
T0150.472	referee	board_update
T0150.576	RED	turn_begin	61
T0152.817	RED	turn_end	61	PLACE(6-3, 6-2, 6-4, 7-2)
T0152.824	referee	board_update
T0152.917	BLUE	turn_begin	62
T0153.391	BLUE	turn_end	62	PLACE(0-3, 10-3, 1-3, 1-2)
T0153.395	referee	board_update
T0153.481	RED	turn_begin	63
T0154.851	RED	turn_end	63	PLACE(5-4, 5-3, 4-3, 6-3)
T0154.855	referee	board_update
T0154.936	BLUE	turn_begin	64
T0155.016	BLUE	turn_end	64	PLACE(1-1, 1-0, 0-0, 10-0)
T0155.030	referee	board_update
T0155.141	RED	turn_begin	65
T0157.520	RED	turn_end	65	PLACE(10-7, 10-6, 10-8, 10-5)
T0157.527	referee	board_update
T0157.613	BLUE	turn_begin	66
T0157.761	BLUE	turn_end	66	PLACE(7-10, 7-0, 7-1, 8-1)
T0157.769	referee	board_update
T0157.884	RED	turn_begin	67
T0159.748	RED	turn_end	67	PLACE(7-4, 7-3, 8-3, 9-3)
T0159.751	referee	board_update
T0159.871	BLUE	turn_begin	68
T0159.966	BLUE	turn_end	68	PLACE(2-1, 3-1, 4-1, 5-1)
T0159.972	referee	board_update
T0160.043	RED	turn_begin	69
T0160.858	RED	turn_end	69	PLACE(6-7, 7-7, 7-6, 7-8)
T0160.891	referee	board_update
T0161.067	BLUE	turn_begin	70
T0161.160	BLUE	turn_end	70	PLACE(0-1, 10-1, 10-0, 9-1)
T0161.168	referee	board_update
T0161.272	RED	turn_begin	71
T0161.947	RED	turn_end	71	PLACE(4-7, 3-7, 5-7, 6-7)
T0161.959	referee	board_update
T0162.125	BLUE	turn_begin	72
T0162.182	BLUE	turn_end	72	PLACE(7-10, 7-9, 7-0, 8-9)
T0162.188	referee	board_update
T0162.320	RED	turn_begin	73
T0164.655	RED	turn_end	73	PLACE(0-6, 1-6, 0-7, 10-7)
T0164.664	referee	board_update
T0164.761	BLUE	turn_begin	74
T0164.816	BLUE	turn_end	74	PLACE(7-5, 7-6, 7-4, 8-6)
T0164.831	referee	board_update
T0164.924	RED	turn_begin	75
T0166.153	RED	turn_end	75	PLACE(0-6, 10-6, 9-6, 9-7)
T0166.164	referee	board_update
T0166.258	BLUE	turn_begin	76
T0166.692	BLUE	turn_end	76	PLACE(9-0, 10-0, 10-10, 10-9)
T0166.707	referee	board_update
T0166.809	RED	turn_begin	77
T0168.685	RED	turn_end	77	PLACE(1-6, 2-6, 3-6, 4-6)
T0168.688	referee	board_update
T0168.764	BLUE	turn_begin	78
T0169.282	BLUE	turn_end	78	PLACE(6-1, 6-0, 7-0, 7-1)
T0169.285	referee	board_update
T0169.409	RED	turn_begin	79
T0172.313	RED	turn_end	79	PLACE(0-9, 10-9, 1-9, 2-9)
T0172.318	referee	board_update
T0172.410	BLUE	turn_begin	80
T0172.468	BLUE	turn_end	80	PLACE(4-1, 3-1, 2-1, 4-0)
T0172.495	referee	board_update
T0172.645	RED	turn_begin	81
T0173.759	RED	turn_end	81	PLACE(0-0, 1-0, 0-1, 10-1)
T0173.765	referee	board_update
T0173.850	BLUE	turn_begin	82
T0174.247	BLUE	turn_end	82	PLACE(5-2, 5-1, 6-1, 7-1)
T0174.255	referee	board_update
T0174.393	RED	turn_begin	83
T0175.324	RED	turn_end	83	PLACE(3-9, 4-9, 5-9, 6-9)
T0175.330	referee	board_update
T0175.507	BLUE	turn_begin	84
T0177.509	BLUE	turn_end	84	PLACE(9-10, 9-9, 8-9, 7-9)
T0177.513	referee	board_update
T0177.702	RED	turn_begin	85
T0178.629	RED	turn_end	85	PLACE(0-9, 10-9, 1-9, 2-9)
T0178.634	referee	board_update
T0178.701	BLUE	turn_begin	86
T0178.783	BLUE	turn_end	86	PLACE(7-9, 6-9, 8-9, 9-9)
T0178.785	referee	board_update
T0178.916	RED	turn_begin	87
T0179.240	RED	turn_end	87	PLACE(5-8, 6-8, 5-9, 4-9)
T0179.244	referee	board_update
T0179.781	referee	game_end	winner:RED
