T0000.002	referee	game_begin
T0000.011	RED	initialising
T0001.106	BLUE	initialising
T0002.920	RED	turn_begin	1
T0002.967	RED	turn_end	1	PLACE(5-7, 5-8, 6-7, 6-6)
T0003.003	referee	board_update
T0003.151	BLUE	turn_begin	2
T0003.187	BLUE	turn_end	2	PLACE(9-1, 9-2, 9-0, 9-10)
T0003.191	referee	board_update
T0003.252	RED	turn_begin	3
T0008.152	RED	turn_end	3	PLACE(5-6, 4-6, 5-5, 6-5)
T0008.160	referee	board_update
T0008.345	BLUE	turn_begin	4
T0008.398	BLUE	turn_end	4	PLACE(8-1, 7-1, 7-2, 8-0)
T0008.400	referee	board_update
T0008.558	RED	turn_begin	5
T0014.406	RED	turn_end	5	PLACE(7-6, 8-6, 7-5, 8-5)
T0014.411	referee	board_update
T0014.479	BLUE	turn_begin	6
T0014.518	BLUE	turn_end	6	PLACE(6-1, 5-1, 4-1, 6-2)
T0014.520	referee	board_update
T0014.592	RED	turn_begin	7
T0022.691	RED	turn_end	7	PLACE(7-7, 8-7, 7-8, 7-9)
T0022.696	referee	board_update
T0022.776	BLUE	turn_begin	8
T0022.839	BLUE	turn_end	8	PLACE(10-2, 10-1, 0-1, 10-0)
T0022.844	referee	board_update
T0022.910	RED	turn_begin	9
T0029.855	RED	turn_end	9	PLACE(6-8, 6-9, 6-10, 5-10)
T0029.862	referee	board_update
T0029.958	BLUE	turn_begin	10
T0030.020	BLUE	turn_end	10	PLACE(1-1, 1-2, 2-1, 0-2)
T0030.025	referee	board_update
T0030.105	RED	turn_begin	11
T0039.886	RED	turn_end	11	PLACE(4-7, 3-7, 4-8, 4-9)
T0039.894	referee	board_update
T0039.970	BLUE	turn_begin	12
T0040.008	BLUE	turn_end	12	PLACE(4-2, 4-3, 3-2, 4-4)
T0040.010	referee	board_update
T0040.085	RED	turn_begin	13
T0045.670	RED	turn_end	13	PLACE(3-6, 2-6, 3-5, 2-5)
T0045.672	referee	board_update
T0045.809	BLUE	turn_begin	14
T0045.910	BLUE	turn_end	14	PLACE(2-2, 2-3, 3-3, 2-4)
T0045.913	referee	board_update
T0045.987	RED	turn_begin	15
T0049.909	RED	turn_end	15	PLACE(6-4, 5-4, 7-4, 8-4)
T0049.910	referee	board_update
T0049.991	BLUE	turn_begin	16
T0050.151	BLUE	turn_end	16	PLACE(10-3, 10-4, 0-4, 1-4)
T0050.154	referee	board_update
T0050.230	RED	turn_begin	17
T0052.685	RED	turn_end	17	PLACE(9-5, 10-5, 9-4, 0-5)
T0052.693	referee	board_update
T0052.780	BLUE	turn_begin	18
T0052.850	BLUE	turn_end	18	PLACE(0-0, 0-10, 1-10, 2-10)
T0052.855	referee	board_update
T0052.970	RED	turn_begin	19
T0054.926	RED	turn_end	19	PLACE(9-6, 10-6, 9-7, 9-8)
T0054.929	referee	board_update
T0055.005	BLUE	turn_begin	20
T0055.359	BLUE	turn_end	20	PLACE(9-3, 8-3, 8-2, 7-3)
T0055.373	referee	board_update
T0055.467	RED	turn_begin	21
T0058.309	RED	turn_end	21	PLACE(8-9, 9-9, 8-10, 10-9)
T0058.339	referee	board_update
T0058.447	BLUE	turn_begin	22
T0058.738	BLUE	turn_end	22	PLACE(6-0, 7-0, 7-10, 5-0)
T0058.744	referee	board_update
T0058.829	RED	turn_begin	23
T0061.319	RED	turn_end	23	PLACE(7-6, 7-5, 7-4, 7-3)
T0061.324	referee	board_update
T0061.402	BLUE	turn_begin	24
T0061.458	BLUE	turn_end	24	PLACE(2-9, 1-9, 0-9, 3-9)
T0061.461	referee	board_update
T0061.547	RED	turn_begin	25
T0063.550	RED	turn_end	25	PLACE(9-5, 9-4, 9-6, 9-3)
T0063.555	referee	board_update
T0063.627	BLUE	turn_begin	26
T0063.763	BLUE	turn_end	26	PLACE(7-2, 7-1, 7-0, 7-10)
T0063.765	referee	board_update
T0063.839	RED	turn_begin	27
T0065.288	RED	turn_end	27	PLACE(9-7, 10-7, 9-8, 0-7)
T0065.296	referee	board_update
T0065.370	BLUE	turn_begin	28
T0065.607	BLUE	turn_end	28	PLACE(4-0, 4-10, 3-10, 3-0)
T0065.614	referee	board_update
T0065.694	RED	turn_begin	29
T0066.419	RED	turn_end	29	PLACE(2-7, 1-7, 2-8, 3-8)
T0066.425	referee	board_update
T0066.489	BLUE	turn_begin	30
T0067.188	BLUE	turn_end	30	PLACE(7-9, 7-8, 7-7, 8-8)
T0067.191	referee	board_update
T0067.270	RED	turn_begin	31
T0071.282	RED	turn_end	31	PLACE(7-6, 8-6, 7-5, 7-4)
T0071.299	referee	board_update
T0071.449	BLUE	turn_begin	32
T0071.684	BLUE	turn_end	32	PLACE(5-3, 5-2, 6-3, 7-3)
T0071.694	referee	board_update
T0072.057	RED	turn_begin	33
T0078.317	RED	turn_end	33	PLACE(6-7, 5-7, 4-7, 3-7)
T0078.320	referee	board_update
T0078.423	BLUE	turn_begin	34
T0078.890	BLUE	turn_end	34	PLACE(9-2, 8-2, 9-1, 8-3)
T0078.932	referee	board_update
T0079.060	RED	turn_begin	35
T0083.891	RED	turn_end	35	PLACE(6-8, 7-8, 6-7, 6-9)
T0083.911	referee	board_update
T0084.035	BLUE	turn_begin	36
T0084.131	BLUE	turn_end	36	PLACE(10-10, 9-10, 9-9, 9-0)
T0084.134	referee	board_update
T0084.297	RED	turn_begin	37
T0087.947	RED	turn_end	37	PLACE(6-10, 7-10, 6-0, 7-9)
T0087.950	referee	board_update
T0088.041	BLUE	turn_begin	38
T0088.738	BLUE	turn_end	38	PLACE(1-8, 1-7, 1-6, 0-7)
T0088.740	referee	board_update
T0088.863	RED	turn_begin	39
T0090.349	RED	turn_end	39	PLACE(6-4, 6-3, 6-2, 6-1)
T0090.351	referee	board_update
T0090.460	BLUE	turn_begin	40
T0090.563	BLUE	turn_end	40	PLACE(8-9, 8-10, 8-0, 8-8)
T0090.569	referee	board_update
T0090.707	RED	turn_begin	41
T0095.467	RED	turn_end	41	PLACE(4-10, 3-10, 5-10, 2-10)
T0095.470	referee	board_update
T0095.615	BLUE	turn_begin	42
T0095.743	BLUE	turn_end	42	PLACE(1-0, 1-10, 2-0, 0-10)
T0095.748	referee	board_update
T0095.915	RED	turn_begin	43
T0096.729	RED	turn_end	43	PLACE(10-10, 9-10, 8-10, 7-10)
T0096.734	referee	board_update
T0096.862	BLUE	turn_begin	44
T0098.321	BLUE	turn_end	44	PLACE(7-2, 7-1, 7-0, 8-1)
T0098.328	referee	board_update
T0098.471	RED	turn_begin	45
T0099.408	RED	turn_end	45	PLACE(9-2, 8-2, 10-2, 7-2)
T0099.424	referee	board_update
T0099.524	BLUE	turn_begin	46
T0099.613	BLUE	turn_end	46	PLACE(2-2, 1-2, 3-2, 4-2)
T0099.623	referee	board_update
T0099.764	RED	turn_begin	47
T0101.666	RED	turn_end	47	PLACE(10-7, 9-7, 8-7, 7-7)
T0101.668	referee	board_update
T0101.901	BLUE	turn_begin	48
T0103.871	BLUE	turn_end	48	PLACE(4-0, 3-0, 5-0, 3-1)
T0103.880	referee	board_update
T0103.959	RED	turn_begin	49
T0109.078	RED	turn_end	49	PLACE(6-10, 6-0, 7-0, 8-0)
T0109.085	referee	board_update
T0109.235	BLUE	turn_begin	50
T0109.318	BLUE	turn_end	50	PLACE(2-1, 2-0, 3-1, 1-0)
T0109.323	referee	board_update
T0109.413	RED	turn_begin	51
T0112.695	RED	turn_end	51	PLACE(4-10, 3-10, 5-10, 2-10)
T0112.708	referee	board_update
T0112.794	BLUE	turn_begin	52
T0112.849	BLUE	turn_end	52	PLACE(4-1, 5-1, 6-1, 6-2)
T0112.852	referee	board_update
T0112.935	RED	turn_begin	53
T0113.705	RED	turn_end	53	PLACE(10-10, 9-10, 0-10, 10-0)
T0113.713	referee	board_update
T0113.837	BLUE	turn_begin	54
T0115.075	BLUE	turn_end	54	PLACE(1-3, 0-3, 0-2, 0-1)
T0115.084	referee	board_update
T0115.214	RED	turn_begin	55
T0117.177	RED	turn_end	55	PLACE(3-4, 3-3, 2-3, 4-3)
T0117.181	referee	board_update
T0117.339	BLUE	turn_begin	56
T0117.401	BLUE	turn_end	56	PLACE(4-5, 3-5, 3-6, 3-7)
T0117.404	referee	board_update
T0117.540	RED	turn_begin	57
T0119.722	RED	turn_end	57	PLACE(4-8, 3-8, 4-9, 3-9)
T0119.741	referee	board_update
T0119.870	BLUE	turn_begin	58
T0120.017	BLUE	turn_end	58	PLACE(3-4, 3-3, 4-3, 4-4)
T0120.021	referee	board_update
T0120.126	RED	turn_begin	59
T0123.058	RED	turn_end	59	PLACE(5-3, 6-3, 5-2, 4-2)
T0123.060	referee	board_update
T0123.212	BLUE	turn_begin	60
T0126.069	BLUE	turn_end	60	PLACE(3-0, 3-1, 4-1, 3-10)
T0126.085	referee	board_update
T0126.202	RED	turn_begin	61
T0127.087	RED	turn_end	61	PLACE(8-4, 8-3, 9-3, 10-3)
T0127.101	referee	board_update
T0127.229	BLUE	turn_begin	62
T0127.339	BLUE	turn_end	62	PLACE(1-3, 1-4, 1-5, 0-3)
T0127.344	referee	board_update
T0127.484	RED	turn_begin	63
T0128.181	RED	turn_end	63	PLACE(4-6, 4-5, 4-4, 5-4)
T0128.194	referee	board_update
T0128.350	BLUE	turn_begin	64
T0128.464	BLUE	turn_end	64	PLACE(10-1, 9-1, 8-1, 7-1)
T0128.471	referee	board_update
T0128.665	RED	turn_begin	65
T0129.085	RED	turn_end	65	PLACE(6-5, 6-4, 7-4, 8-4)
T0129.098	referee	board_update
T0129.756	referee	game_end	winner:RED
