T0000.075	referee	game_begin
T0000.112	RED	initialising
T0002.804	BLUE	initialising
T0004.832	RED	turn_begin	1
T0004.896	RED	turn_end	1	PLACE(6-10, 6-0, 5-0, 6-1)
T0004.909	referee	board_update
T0005.111	BLUE	turn_begin	2
T0005.218	BLUE	turn_end	2	PLACE(9-4, 8-4, 7-4, 9-3)
T0005.238	referee	board_update
T0005.588	RED	turn_begin	3
T0036.764	RED	turn_end	3	PLACE(5-1, 4-1, 5-2, 5-3)
T0036.773	referee	board_update
T0036.841	BLUE	turn_begin	4
T0036.906	BLUE	turn_end	4	PLACE(10-4, 10-5, 0-5, 0-4)
T0036.922	referee	board_update
T0037.044	RED	turn_begin	5
T0068.967	RED	turn_end	5	PLACE(7-1, 8-1, 9-1, 9-2)
T0068.983	referee	board_update
T0069.097	BLUE	turn_begin	6
T0069.157	BLUE	turn_end	6	PLACE(7-3, 7-2, 8-3, 8-2)
T0069.162	referee	board_update
T0069.291	RED	turn_begin	7
T0096.375	RED	turn_end	7	PLACE(6-2, 6-3, 6-4, 6-5)
T0096.383	referee	board_update
T0096.462	BLUE	turn_begin	8
T0096.527	BLUE	turn_end	8	PLACE(10-3, 10-2, 10-1, 10-0)
T0096.530	referee	board_update
T0096.610	RED	turn_begin	9
T0136.416	RED	turn_end	9	PLACE(4-0, 3-0, 2-0, 1-0)
T0136.418	referee	board_update
T0136.506	BLUE	turn_begin	10
T0136.562	BLUE	turn_end	10	PLACE(0-6, 10-6, 9-6, 9-7)
T0136.566	referee	board_update
T0136.655	RED	turn_begin	11
T0182.425	RED	turn_end	11	PLACE(5-10, 5-9, 6-9, 7-9)
T0182.428	referee	board_update
T0182.518	BLUE	turn_begin	12
T0182.584	BLUE	turn_end	12	PLACE(9-8, 8-8, 10-8, 0-8)
T0182.590	referee	board_update
T0182.678	RED	turn_begin	13
T0216.799	RED	turn_end	13	PLACE(7-10, 8-10, 9-10, 10-10)
T0216.815	referee	board_update
T0216.976	BLUE	turn_begin	14
T0217.055	BLUE	turn_end	14	PLACE(8-6, 7-6, 8-7, 7-5)
T0217.059	referee	board_update
T0217.326	RED	turn_begin	15
T0241.227	RED	turn_end	15	PLACE(4-3, 3-3, 2-3, 1-3)
T0241.234	referee	board_update
T0241.346	BLUE	turn_begin	16
T0241.429	BLUE	turn_end	16	PLACE(0-7, 10-7, 1-7, 1-8)
T0241.440	referee	board_update
T0241.537	RED	turn_begin	17
T0260.490	RED	turn_end	17	PLACE(5-4, 5-5, 5-6, 5-7)
T0260.496	referee	board_update
T0260.662	BLUE	turn_begin	18
T0260.757	BLUE	turn_end	18	PLACE(10-9, 0-9, 9-9, 0-10)
T0260.767	referee	board_update
T0260.878	RED	turn_begin	19
T0281.061	RED	turn_end	19	PLACE(10-1, 0-1, 10-0, 0-2)
T0281.118	referee	board_update
T0281.249	BLUE	turn_begin	20
T0281.489	BLUE	turn_end	20	PLACE(7-8, 7-7, 6-8, 6-7)
T0281.491	referee	board_update
T0281.644	RED	turn_begin	21
T0291.785	RED	turn_end	21	PLACE(1-10, 2-10, 3-10, 2-9)
T0291.788	referee	board_update
T0291.873	BLUE	turn_begin	22
T0292.976	BLUE	turn_end	22	PLACE(10-10, 10-9, 10-8, 10-7)
T0292.990	referee	board_update
T0293.056	RED	turn_begin	23
T0299.201	RED	turn_end	23	PLACE(10-2, 10-3, 10-4, 10-5)
T0299.225	referee	board_update
T0299.316	BLUE	turn_begin	24
T0299.730	BLUE	turn_end	24	PLACE(1-6, 2-6, 3-6, 3-7)
T0299.734	referee	board_update
T0299.812	RED	turn_begin	25
T0304.577	RED	turn_end	25	PLACE(1-1, 1-2, 2-2, 3-2)
T0304.579	referee	board_update
T0304.678	BLUE	turn_begin	26
T0305.279	BLUE	turn_end	26	PLACE(4-7, 4-6, 4-8, 3-8)
T0305.283	referee	board_update
T0305.381	RED	turn_begin	27
T0305.623	RED	turn_end	27	PLACE(2-4, 1-4, 3-4, 2-5)
T0305.631	referee	board_update
T0306.283	referee	game_end	winner:RED
