T0000.010	referee	game_begin
T0000.044	RED	initialising
T0002.255	BLUE	initialising
T0004.906	RED	turn_begin	1
T0005.040	RED	turn_end	1	PLACE(8-1, 8-0, 9-0, 7-0)
T0005.065	referee	board_update
T0005.248	BLUE	turn_begin	2
T0005.338	BLUE	turn_end	2	PLACE(10-9, 10-10, 9-10, 10-0)
T0005.362	referee	board_update
T0005.528	RED	turn_begin	3
T0017.208	RED	turn_end	3	PLACE(9-1, 10-1, 0-1, 0-0)
T0017.211	referee	board_update
T0017.326	BLUE	turn_begin	4
T0017.398	BLUE	turn_end	4	PLACE(10-8, 10-7, 9-8, 0-7)
T0017.406	referee	board_update
T0017.499	RED	turn_begin	5
T0037.574	RED	turn_end	5	PLACE(6-0, 5-0, 6-10, 7-10)
T0037.577	referee	board_update
T0037.701	BLUE	turn_begin	6
T0037.788	BLUE	turn_end	6	PLACE(0-9, 1-9, 1-8, 0-10)
T0037.789	referee	board_update
T0037.885	RED	turn_begin	7
T0060.015	RED	turn_end	7	PLACE(7-1, 7-2, 8-2, 8-3)
T0060.040	referee	board_update
T0060.149	BLUE	turn_begin	8
T0060.230	BLUE	turn_end	8	PLACE(0-6, 0-5, 10-6, 10-5)
T0060.233	referee	board_update
T0060.307	RED	turn_begin	9
T0098.167	RED	turn_end	9	PLACE(8-10, 8-9, 8-8, 8-7)
T0098.169	referee	board_update
T0098.291	BLUE	turn_begin	10
T0098.333	BLUE	turn_end	10	PLACE(1-6, 2-6, 2-5, 1-5)
T0098.335	referee	board_update
T0098.446	RED	turn_begin	11
T0129.529	RED	turn_end	11	PLACE(1-1, 2-1, 1-2, 1-3)
T0129.532	referee	board_update
T0129.575	BLUE	turn_begin	12
T0129.688	BLUE	turn_end	12	PLACE(2-9, 3-9, 3-10, 3-0)
T0129.691	referee	board_update
T0129.818	RED	turn_begin	13
T0163.486	RED	turn_end	13	PLACE(9-2, 10-2, 9-3, 9-4)
T0163.491	referee	board_update
T0163.605	BLUE	turn_begin	14
T0163.683	BLUE	turn_end	14	PLACE(4-10, 5-10, 5-9, 6-9)
T0163.685	referee	board_update
T0163.788	RED	turn_begin	15
T0183.847	RED	turn_end	15	PLACE(7-9, 7-8, 6-8, 5-8)
T0183.849	referee	board_update
T0183.935	BLUE	turn_begin	16
T0183.995	BLUE	turn_end	16	PLACE(1-4, 2-4, 3-4, 4-4)
T0184.001	referee	board_update
T0184.102	RED	turn_begin	17
T0206.864	RED	turn_end	17	PLACE(4-0, 4-1, 4-2, 4-3)
T0206.881	referee	board_update
T0206.968	BLUE	turn_begin	18
T0207.053	BLUE	turn_end	18	PLACE(3-5, 4-5, 3-6, 4-6)
T0207.055	referee	board_update
T0207.150	RED	turn_begin	19
T0222.002	RED	turn_end	19	PLACE(5-1, 5-2, 5-3, 5-4)
T0222.008	referee	board_update
T0222.068	BLUE	turn_begin	20
T0222.130	BLUE	turn_end	20	PLACE(5-6, 5-5, 5-7, 6-6)
T0222.142	referee	board_update
T0222.220	RED	turn_begin	21
T0245.501	RED	turn_end	21	PLACE(5-10, 5-9, 5-8, 5-7)
T0245.507	referee	board_update
T0245.629	BLUE	turn_begin	22
T0246.204	BLUE	turn_end	22	PLACE(2-8, 2-7, 3-8, 4-8)
T0246.209	referee	board_update
T0246.336	RED	turn_begin	23
T0256.387	RED	turn_end	23	PLACE(6-1, 6-2, 6-3, 6-4)
T0256.399	referee	board_update
T0256.486	BLUE	turn_begin	24
T0256.673	BLUE	turn_end	24	PLACE(9-7, 9-6, 8-6, 8-5)
T0256.694	referee	board_update
T0256.801	RED	turn_begin	25
T0260.222	RED	turn_end	25	PLACE(7-7, 7-6, 7-5, 6-5)
T0260.228	referee	board_update
T0260.337	BLUE	turn_begin	26
T0260.469	BLUE	turn_end	26	PLACE(5-4, 5-3, 5-2, 5-5)
T0260.473	referee	board_update
T0260.617	RED	turn_begin	27
T0268.615	RED	turn_end	27	PLACE(2-2, 3-2, 3-1, 3-3)
T0268.646	referee	board_update
T0268.747	BLUE	turn_begin	28
T0273.075	BLUE	turn_end	28	PLACE(2-10, 2-0, 1-10, 1-0)
T0273.081	referee	board_update
T0273.243	RED	turn_begin	29
T0279.737	RED	turn_end	29	PLACE(7-10, 6-10, 5-10, 4-10)
T0279.740	referee	board_update
T0279.868	BLUE	turn_begin	30
T0286.681	BLUE	turn_end	30	PLACE(9-9, 9-10, 10-10, 0-10)
T0286.688	referee	board_update
T0286.802	RED	turn_begin	31
T0287.916	RED	turn_end	31	PLACE(0-3, 10-3, 0-4, 10-4)
T0287.938	referee	board_update
T0288.106	BLUE	turn_begin	32
T0288.246	BLUE	turn_end	32	PLACE(10-10, 10-0, 10-1, 10-9)
T0288.257	referee	board_update
T0288.400	RED	turn_begin	33
T0289.907	RED	turn_end	33	PLACE(10-3, 10-4, 10-5, 10-6)
T0289.951	referee	board_update
T0290.606	referee	game_end	winner:RED
