T0000.003	referee	game_begin
T0000.034	RED	initialising
T0002.643	BLUE	initialising
T0005.537	RED	turn_begin	1
T0005.650	RED	turn_end	1	PLACE(2-7, 2-8, 3-7, 3-8)
T0005.660	referee	board_update
T0006.279	BLUE	turn_begin	2
T0006.372	BLUE	turn_end	2	PLACE(6-8, 7-8, 8-8, 9-8)
T0006.374	referee	board_update
T0006.495	RED	turn_begin	3
T0018.624	RED	turn_end	3	PLACE(4-7, 5-7, 4-6, 6-7)
T0018.630	referee	board_update
T0018.701	BLUE	turn_begin	4
T0018.735	BLUE	turn_end	4	PLACE(6-9, 5-9, 4-9, 3-9)
T0018.740	referee	board_update
T0018.800	RED	turn_begin	5
T0034.100	RED	turn_end	5	PLACE(3-6, 2-6, 1-6, 0-6)
T0034.109	referee	board_update
T0034.299	BLUE	turn_begin	6
T0034.386	BLUE	turn_end	6	PLACE(7-7, 8-7, 8-6, 7-6)
T0034.393	referee	board_update
T0034.597	RED	turn_begin	7
T0050.310	RED	turn_end	7	PLACE(1-7, 0-7, 10-7, 0-8)
T0050.315	referee	board_update
T0050.416	BLUE	turn_begin	8
T0050.487	BLUE	turn_end	8	PLACE(8-9, 9-9, 10-9, 10-10)
T0050.494	referee	board_update
T0050.610	RED	turn_begin	9
T0064.979	RED	turn_end	9	PLACE(1-8, 1-9, 1-10, 0-10)
T0064.983	referee	board_update
T0065.085	BLUE	turn_begin	10
T0065.167	BLUE	turn_end	10	PLACE(8-10, 9-10, 7-10, 7-0)
T0065.174	referee	board_update
T0065.303	RED	turn_begin	11
T0078.608	RED	turn_end	11	PLACE(2-9, 2-10, 3-10, 4-10)
T0078.635	referee	board_update
T0078.873	BLUE	turn_begin	12
T0079.002	BLUE	turn_end	12	PLACE(10-0, 0-0, 0-1, 1-0)
T0079.016	referee	board_update
T0079.314	RED	turn_begin	13
T0096.939	RED	turn_end	13	PLACE(6-6, 6-5, 5-5, 7-5)
T0096.947	referee	board_update
T0097.105	BLUE	turn_begin	14
T0097.452	BLUE	turn_end	14	PLACE(5-10, 5-0, 5-1, 6-10)
T0097.457	referee	board_update
T0097.563	RED	turn_begin	15
T0117.485	RED	turn_end	15	PLACE(4-5, 3-5, 4-4, 4-3)
T0117.487	referee	board_update
T0117.589	BLUE	turn_begin	16
T0117.692	BLUE	turn_end	16	PLACE(5-10, 4-10, 3-10, 6-10)
T0117.714	referee	board_update
T0117.810	RED	turn_begin	17
T0135.020	RED	turn_end	17	PLACE(1-5, 0-5, 1-4, 10-5)
T0135.045	referee	board_update
T0135.165	BLUE	turn_begin	18
T0135.295	BLUE	turn_end	18	PLACE(3-0, 2-0, 3-1, 3-2)
T0135.309	referee	board_update
T0135.427	RED	turn_begin	19
T0146.145	RED	turn_end	19	PLACE(2-5, 2-4, 2-3, 1-3)
T0146.150	referee	board_update
T0146.253	BLUE	turn_begin	20
T0146.397	BLUE	turn_end	20	PLACE(4-0, 4-1, 4-2, 5-2)
T0146.404	referee	board_update
T0146.565	RED	turn_begin	21
T0155.947	RED	turn_end	21	PLACE(10-6, 9-6, 9-5, 9-4)
T0155.952	referee	board_update
T0156.048	BLUE	turn_begin	22
T0156.486	BLUE	turn_end	22	PLACE(8-10, 7-10, 8-0, 8-1)
T0156.495	referee	board_update
T0156.587	RED	turn_begin	23
T0160.187	RED	turn_end	23	PLACE(1-10, 0-10, 10-10, 9-10)
T0160.214	referee	board_update
T0160.311	BLUE	turn_begin	24
T0160.450	BLUE	turn_end	24	PLACE(9-0, 9-1, 9-2, 10-2)
T0160.455	referee	board_update
T0160.535	RED	turn_begin	25
T0163.910	RED	turn_end	25	PLACE(8-5, 8-4, 7-4, 7-3)
T0163.941	referee	board_update
T0164.031	BLUE	turn_begin	26
T0164.077	BLUE	turn_end	26	PLACE(8-5, 7-5, 9-5, 10-5)
T0164.079	referee	board_update
T0164.174	RED	turn_begin	27
T0166.752	RED	turn_end	27	PLACE(5-6, 5-5, 6-5, 6-4)
T0166.754	referee	board_update
T0166.840	BLUE	turn_begin	28
T0166.915	BLUE	turn_end	28	PLACE(9-6, 10-6, 8-6, 0-6)
T0166.929	referee	board_update
T0167.010	RED	turn_begin	29
T0168.576	RED	turn_end	29	PLACE(3-6, 2-6, 3-5, 1-6)
T0168.592	referee	board_update
T0168.678	BLUE	turn_begin	30
T0168.921	BLUE	turn_end	30	PLACE(2-1, 1-1, 2-2, 1-2)
T0168.929	referee	board_update
T0169.067	RED	turn_begin	31
T0169.955	RED	turn_end	31	PLACE(5-3, 6-3, 6-2, 7-2)
T0169.957	referee	board_update
T0170.068	BLUE	turn_begin	32
T0170.117	BLUE	turn_end	32	PLACE(9-3, 10-3, 10-4, 0-4)
T0170.123	referee	board_update
T0170.202	RED	turn_begin	33
T0170.509	RED	turn_end	33	PLACE(6-6, 5-6, 4-6, 4-5)
T0170.514	referee	board_update
T0170.920	referee	game_end	winner:RED
