T0000.001	referee	game_begin
T0000.019	RED	initialising
T0002.643	BLUE	initialising
T0006.800	RED	turn_begin	1
T0006.934	RED	turn_end	1	PLACE(7-2, 6-2, 8-2, 7-3)
T0006.948	referee	board_update
T0007.113	BLUE	turn_begin	2
T0007.217	BLUE	turn_end	2	PLACE(10-0, 0-0, 0-1, 10-10)
T0007.228	referee	board_update
T0007.417	RED	turn_begin	3
T0016.504	RED	turn_end	3	PLACE(9-2, 10-2, 9-1, 0-2)
T0016.508	referee	board_update
T0016.593	BLUE	turn_begin	4
T0016.644	BLUE	turn_end	4	PLACE(1-1, 1-0, 2-1, 2-0)
T0016.652	referee	board_update
T0016.749	RED	turn_begin	5
T0026.032	RED	turn_end	5	PLACE(8-1, 7-1, 8-0, 8-10)
T0026.034	referee	board_update
T0026.186	BLUE	turn_begin	6
T0026.378	BLUE	turn_end	6	PLACE(2-10, 3-10, 4-10, 4-9)
T0026.384	referee	board_update
T0026.561	RED	turn_begin	7
T0045.817	RED	turn_end	7	PLACE(8-3, 9-3, 10-3, 0-3)
T0045.825	referee	board_update
T0045.903	BLUE	turn_begin	8
T0045.961	BLUE	turn_end	8	PLACE(3-1, 3-2, 3-0, 4-1)
T0045.964	referee	board_update
T0046.065	RED	turn_begin	9
T0057.148	RED	turn_end	9	PLACE(5-2, 4-2, 5-1, 5-0)
T0057.151	referee	board_update
T0057.229	BLUE	turn_begin	10
T0057.273	BLUE	turn_end	10	PLACE(5-10, 6-10, 6-9, 7-10)
T0057.276	referee	board_update
T0057.361	RED	turn_begin	11
T0068.300	RED	turn_end	11	PLACE(6-3, 5-3, 4-3, 3-3)
T0068.306	referee	board_update
T0068.378	BLUE	turn_begin	12
T0068.425	BLUE	turn_end	12	PLACE(9-0, 9-10, 9-9, 8-9)
T0068.432	referee	board_update
T0068.522	RED	turn_begin	13
T0085.969	RED	turn_end	13	PLACE(7-4, 6-4, 8-4, 8-5)
T0085.981	referee	board_update
T0086.123	BLUE	turn_begin	14
T0086.239	BLUE	turn_end	14	PLACE(9-8, 9-7, 8-8, 10-7)
T0086.258	referee	board_update
T0086.652	RED	turn_begin	15
T0104.314	RED	turn_end	15	PLACE(1-2, 1-3, 1-4, 0-4)
T0104.316	referee	board_update
T0104.405	BLUE	turn_begin	16
T0104.498	BLUE	turn_end	16	PLACE(4-8, 4-7, 4-6, 5-7)
T0104.512	referee	board_update
T0104.599	RED	turn_begin	17
T0121.986	RED	turn_end	17	PLACE(9-4, 10-4, 10-5, 10-6)
T0122.042	referee	board_update
T0122.215	BLUE	turn_begin	18
T0122.330	BLUE	turn_end	18	PLACE(3-6, 3-5, 2-5, 2-6)
T0122.332	referee	board_update
T0122.575	RED	turn_begin	19
T0135.172	RED	turn_end	19	PLACE(5-4, 4-4, 5-5, 5-6)
T0135.177	referee	board_update
T0135.307	BLUE	turn_begin	20
T0135.444	BLUE	turn_end	20	PLACE(7-9, 7-8, 6-8, 5-8)
T0135.455	referee	board_update
T0135.741	RED	turn_begin	21
T0144.591	RED	turn_end	21	PLACE(7-5, 7-6, 6-6, 8-6)
T0144.594	referee	board_update
T0144.731	BLUE	turn_begin	22
T0144.821	BLUE	turn_end	22	PLACE(1-10, 0-10, 1-9, 0-9)
T0144.824	referee	board_update
T0144.903	RED	turn_begin	23
T0150.105	RED	turn_end	23	PLACE(6-1, 6-0, 6-10, 5-10)
T0150.124	referee	board_update
T0150.237	BLUE	turn_begin	24
T0150.325	BLUE	turn_end	24	PLACE(10-9, 10-8, 0-8, 10-10)
T0150.357	referee	board_update
T0150.477	RED	turn_begin	25
T0155.204	RED	turn_end	25	PLACE(1-5, 0-5, 1-6, 1-7)
T0155.208	referee	board_update
T0155.291	BLUE	turn_begin	26
T0155.412	BLUE	turn_end	26	PLACE(8-10, 7-10, 9-10, 7-0)
T0155.435	referee	board_update
T0155.524	RED	turn_begin	27
T0157.925	RED	turn_end	27	PLACE(4-10, 3-10, 2-10, 2-9)
T0157.928	referee	board_update
T0158.027	BLUE	turn_begin	28
T0158.102	BLUE	turn_end	28	PLACE(3-8, 3-7, 2-8, 1-8)
T0158.108	referee	board_update
T0158.203	RED	turn_begin	29
T0160.204	RED	turn_end	29	PLACE(6-7, 7-7, 6-8, 5-8)
T0160.211	referee	board_update
T0160.313	BLUE	turn_begin	30
T0161.784	BLUE	turn_end	30	PLACE(2-2, 2-3, 2-4, 3-4)
T0161.800	referee	board_update
T0161.921	RED	turn_begin	31
T0165.993	RED	turn_end	31	PLACE(10-1, 10-2, 0-2, 1-2)
T0166.003	referee	board_update
T0166.112	BLUE	turn_begin	32
T0166.391	BLUE	turn_end	32	PLACE(3-1, 4-1, 4-2, 5-2)
T0166.393	referee	board_update
T0166.467	RED	turn_begin	33
T0171.113	RED	turn_end	33	PLACE(8-1, 7-1, 9-1, 7-2)
T0171.121	referee	board_update
T0171.219	BLUE	turn_begin	34
T0171.302	BLUE	turn_end	34	PLACE(4-3, 4-4, 5-4, 5-3)
T0171.304	referee	board_update
T0171.389	RED	turn_begin	35
T0173.528	RED	turn_end	35	PLACE(5-1, 6-1, 6-2, 6-3)
T0173.531	referee	board_update
T0173.617	BLUE	turn_begin	36
T0174.154	BLUE	turn_end	36	PLACE(3-4, 2-4, 3-3, 2-3)
T0174.181	referee	board_update
T0174.256	RED	turn_begin	37
T0175.272	RED	turn_end	37	PLACE(9-5, 9-4, 8-4, 10-4)
T0175.277	referee	board_update
T0175.369	BLUE	turn_begin	38
T0175.471	BLUE	turn_end	38	PLACE(8-7, 8-8, 9-8, 7-8)
T0175.472	referee	board_update
T0175.574	RED	turn_begin	39
T0176.860	RED	turn_end	39	PLACE(0-6, 0-7, 0-8, 1-8)
T0176.862	referee	board_update
T0176.937	BLUE	turn_begin	40
T0177.429	BLUE	turn_end	40	PLACE(1-3, 0-3, 0-4, 10-3)
T0177.435	referee	board_update
T0177.527	RED	turn_begin	41
T0179.114	RED	turn_end	41	PLACE(7-4, 6-4, 7-3, 8-3)
T0179.123	referee	board_update
T0179.254	BLUE	turn_begin	42
T0179.341	BLUE	turn_end	42	PLACE(3-9, 3-8, 4-8, 2-8)
T0179.347	referee	board_update
T0179.467	RED	turn_begin	43
T0180.322	RED	turn_end	43	PLACE(7-0, 7-10, 7-9, 7-8)
T0180.326	referee	board_update
T0180.387	BLUE	turn_begin	44
T0181.541	BLUE	turn_end	44	PLACE(2-1, 2-2, 3-2, 1-1)
T0181.559	referee	board_update
T0181.671	RED	turn_begin	45
T0183.126	RED	turn_end	45	PLACE(4-0, 3-0, 3-10, 3-1)
T0183.131	referee	board_update
T0183.213	BLUE	turn_begin	46
T0183.333	BLUE	turn_end	46	PLACE(1-10, 0-10, 1-0, 0-0)
T0183.338	referee	board_update
T0183.436	RED	turn_begin	47
T0186.543	RED	turn_end	47	PLACE(7-5, 7-4, 7-3, 7-2)
T0186.552	referee	board_update
T0186.593	BLUE	turn_begin	48
T0186.837	BLUE	turn_end	48	PLACE(3-7, 2-7, 3-8, 3-6)
T0186.840	referee	board_update
T0186.926	RED	turn_begin	49
T0189.036	RED	turn_end	49	PLACE(3-9, 3-10, 4-10, 3-0)
T0189.047	referee	board_update
T0189.128	BLUE	turn_begin	50
T0189.209	BLUE	turn_end	50	PLACE(3-5, 3-4, 3-3, 3-2)
T0189.212	referee	board_update
T0189.277	RED	turn_begin	51
T0190.882	RED	turn_end	51	PLACE(3-9, 3-8, 3-10, 3-0)
T0190.890	referee	board_update
T0190.944	BLUE	turn_begin	52
T0191.372	BLUE	turn_end	52	PLACE(0-10, 1-10, 10-10, 9-10)
T0191.374	referee	board_update
T0191.408	RED	turn_begin	53
T0192.176	RED	turn_end	53	PLACE(4-5, 3-5, 3-4, 3-3)
T0209.942	referee	board_update
T0210.019	BLUE	turn_begin	54
T0212.075	BLUE	turn_end	54	PLACE(8-10, 8-0, 7-10, 7-0)
T0212.078	referee	board_update
T0212.126	RED	turn_begin	55
T0212.854	RED	turn_end	55	PLACE(5-9, 5-10, 6-10, 6-0)
T0212.857	referee	board_update
T0212.901	BLUE	turn_begin	56
T0212.932	BLUE	turn_end	56	PLACE(10-8, 10-9, 0-9, 1-9)
T0212.935	referee	board_update
T0212.971	RED	turn_begin	57
T0213.933	RED	turn_end	57	PLACE(7-6, 7-7, 7-8, 7-9)
T0213.938	referee	board_update
T0213.975	BLUE	turn_begin	58
T0214.049	BLUE	turn_end	58	PLACE(0-1, 10-1, 10-0, 9-0)
T0214.051	referee	board_update
T0214.079	RED	turn_begin	59
T0215.607	RED	turn_end	59	PLACE(1-8, 2-8, 3-8, 4-8)
T0215.609	referee	board_update
T0215.643	BLUE	turn_begin	60
T0216.593	BLUE	turn_end	60	PLACE(9-9, 8-9, 8-8, 9-8)
T0216.595	referee	board_update
T0216.626	RED	turn_begin	61
T0217.903	RED	turn_end	61	PLACE(4-9, 3-9, 5-9, 2-9)
T0217.917	referee	board_update
T0218.092	referee	game_end	winner:RED
