T0000.001	referee	game_begin
T0000.006	RED	initialising
T0001.133	BLUE	initialising
T0002.585	RED	turn_begin	1
T0002.687	RED	turn_end	1	PLACE(7-0, 7-1, 6-1, 6-2)
T0002.706	referee	board_update
T0002.924	BLUE	turn_begin	2
T0002.961	BLUE	turn_end	2	PLACE(9-5, 9-4, 10-5, 9-3)
T0002.971	referee	board_update
T0003.080	RED	turn_begin	3
T0029.915	RED	turn_end	3	PLACE(5-1, 4-1, 5-2, 5-3)
T0029.924	referee	board_update
T0030.059	BLUE	turn_begin	4
T0030.113	BLUE	turn_end	4	PLACE(9-2, 9-1, 8-1, 8-0)
T0030.121	referee	board_update
T0030.218	RED	turn_begin	5
T0067.535	RED	turn_end	5	PLACE(6-0, 6-10, 7-10, 6-9)
T0067.546	referee	board_update
T0067.648	BLUE	turn_begin	6
T0067.719	BLUE	turn_end	6	PLACE(10-1, 10-0, 0-0, 10-10)
T0067.722	referee	board_update
T0067.823	RED	turn_begin	7
T0102.052	RED	turn_end	7	PLACE(7-2, 7-3, 7-4, 7-5)
T0102.055	referee	board_update
T0102.175	BLUE	turn_begin	8
T0102.245	BLUE	turn_end	8	PLACE(10-9, 0-9, 1-9, 0-8)
T0102.248	referee	board_update
T0102.349	RED	turn_begin	9
T0147.446	RED	turn_end	9	PLACE(6-3, 6-4, 6-5, 6-6)
T0147.452	referee	board_update
T0147.578	BLUE	turn_begin	10
T0147.689	BLUE	turn_end	10	PLACE(10-4, 10-3, 0-4, 0-5)
T0147.694	referee	board_update
T0147.810	RED	turn_begin	11
T0198.325	RED	turn_end	11	PLACE(4-3, 3-3, 2-3, 1-3)
T0198.334	referee	board_update
T0198.464	BLUE	turn_begin	12
T0198.601	BLUE	turn_end	12	PLACE(8-3, 8-4, 8-2, 8-5)
T0198.607	referee	board_update
T0198.759	RED	turn_begin	13
T0238.403	RED	turn_end	13	PLACE(3-1, 2-1, 3-0, 3-2)
T0238.405	referee	board_update
T0238.529	BLUE	turn_begin	14
T0238.651	BLUE	turn_end	14	PLACE(8-10, 9-10, 9-9, 9-8)
T0238.662	referee	board_update
T0238.763	RED	turn_begin	15
T0268.201	RED	turn_end	15	PLACE(5-4, 4-4, 3-4, 3-5)
T0268.205	referee	board_update
T0268.278	BLUE	turn_begin	16
T0268.348	BLUE	turn_end	16	PLACE(9-6, 10-6, 9-7, 8-7)
T0268.352	referee	board_update
T0268.412	RED	turn_begin	17
T0285.816	RED	turn_end	17	PLACE(4-0, 4-10, 3-10, 2-10)
T0285.829	referee	board_update
T0286.065	BLUE	turn_begin	18
T0286.126	BLUE	turn_end	18	PLACE(1-0, 1-1, 1-2, 2-0)
T0286.143	referee	board_update
T0286.289	RED	turn_begin	19
T0293.078	RED	turn_end	19	PLACE(7-9, 7-8, 7-7, 6-7)
T0293.097	referee	board_update
T0293.248	BLUE	turn_begin	20
T0293.355	BLUE	turn_end	20	PLACE(2-9, 2-8, 2-7, 3-7)
T0293.362	referee	board_update
T0293.542	RED	turn_begin	21
T0300.957	RED	turn_end	21	PLACE(5-9, 4-9, 4-8, 4-7)
T0300.959	referee	board_update
T0301.043	BLUE	turn_begin	22
T0301.169	BLUE	turn_end	22	PLACE(1-7, 1-6, 1-8, 0-7)
T0301.171	referee	board_update
T0301.273	RED	turn_begin	23
T0313.396	RED	turn_end	23	PLACE(5-6, 4-6, 3-6, 2-6)
T0313.403	referee	board_update
T0313.516	BLUE	turn_begin	24
T0314.362	BLUE	turn_end	24	PLACE(1-5, 2-5, 2-4, 1-4)
T0314.364	referee	board_update
T0314.548	RED	turn_begin	25
T0318.398	RED	turn_end	25	PLACE(7-4, 8-4, 9-4, 10-4)
T0318.409	referee	board_update
T0318.524	BLUE	turn_begin	26
T0318.711	BLUE	turn_end	26	PLACE(2-4, 1-4, 0-4, 0-3)
T0318.714	referee	board_update
T0318.846	RED	turn_begin	27
T0321.532	RED	turn_end	27	PLACE(6-3, 5-3, 4-3, 4-4)
T0321.534	referee	board_update
T0321.629	BLUE	turn_begin	28
T0321.759	BLUE	turn_end	28	PLACE(10-2, 0-2, 10-3, 0-3)
T0321.762	referee	board_update
T0321.925	RED	turn_begin	29
T0322.718	RED	turn_end	29	PLACE(3-3, 2-3, 3-4, 1-3)
T0322.723	referee	board_update
T0323.402	referee	game_end	winner:RED
