T0000.001	referee	game_begin
T0000.010	RED	initialising
T0001.209	BLUE	initialising
T0002.407	RED	turn_begin	1
T0002.539	RED	turn_end	1	PLACE(9-5, 9-4, 9-6, 10-6)
T0002.548	referee	board_update
T0002.696	BLUE	turn_begin	2
T0002.758	BLUE	turn_end	2	PLACE(5-6, 4-6, 5-7, 6-7)
T0002.772	referee	board_update
T0002.985	RED	turn_begin	3
T0014.754	RED	turn_end	3	PLACE(8-5, 7-5, 6-5, 5-5)
T0015.032	referee	board_update
T0015.290	BLUE	turn_begin	4
T0015.449	BLUE	turn_end	4	PLACE(3-6, 3-7, 2-7, 4-7)
T0015.451	referee	board_update
T0015.599	RED	turn_begin	5
T0033.827	RED	turn_end	5	PLACE(10-5, 0-5, 1-5, 2-5)
T0033.830	referee	board_update
T0033.944	BLUE	turn_begin	6
T0034.052	BLUE	turn_end	6	PLACE(5-8, 4-8, 5-9, 6-9)
T0034.060	referee	board_update
T0034.187	RED	turn_begin	7
T0052.719	RED	turn_end	7	PLACE(8-6, 8-7, 8-8, 7-8)
T0052.725	referee	board_update
T0052.819	BLUE	turn_begin	8
T0052.868	BLUE	turn_end	8	PLACE(1-7, 1-8, 1-9, 0-9)
T0052.871	referee	board_update
T0052.967	RED	turn_begin	9
T0074.669	RED	turn_end	9	PLACE(9-7, 9-8, 9-9, 10-9)
T0074.684	referee	board_update
T0074.859	BLUE	turn_begin	10
T0074.977	BLUE	turn_end	10	PLACE(3-8, 3-9, 2-9, 3-10)
T0074.979	referee	board_update
T0075.077	RED	turn_begin	11
T0092.754	RED	turn_end	11	PLACE(10-7, 0-7, 10-8, 0-8)
T0092.757	referee	board_update
T0092.882	BLUE	turn_begin	12
T0092.925	BLUE	turn_end	12	PLACE(3-5, 3-4, 4-5, 3-3)
T0092.934	referee	board_update
T0093.008	RED	turn_begin	13
T0148.625	RED	turn_end	13	PLACE(9-5, 10-5, 0-5, 1-5)
T0148.627	referee	board_update
T0148.757	BLUE	turn_begin	14
T0148.909	BLUE	turn_end	14	PLACE(5-10, 6-10, 4-10, 7-10)
T0148.919	referee	board_update
T0149.009	RED	turn_begin	15
T0201.371	RED	turn_end	15	PLACE(8-4, 7-4, 6-4, 5-4)
T0201.377	referee	board_update
T0201.513	BLUE	turn_begin	16
T0201.582	BLUE	turn_end	16	PLACE(4-3, 4-2, 3-2, 2-2)
T0201.583	referee	board_update
T0201.703	RED	turn_begin	17
T0241.681	RED	turn_end	17	PLACE(10-4, 0-4, 0-3, 0-2)
T0241.684	referee	board_update
T0241.814	BLUE	turn_begin	18
T0242.212	BLUE	turn_end	18	PLACE(4-5, 5-5, 4-4, 6-5)
T0242.217	referee	board_update
T0242.308	RED	turn_begin	19
T0272.012	RED	turn_end	19	PLACE(9-3, 8-3, 8-2, 7-2)
T0272.021	referee	board_update
T0272.122	BLUE	turn_begin	20
T0273.086	BLUE	turn_end	20	PLACE(2-3, 1-3, 1-2, 1-1)
T0273.090	referee	board_update
T0273.162	RED	turn_begin	21
T0294.193	RED	turn_end	21	PLACE(10-10, 9-10, 0-10, 8-10)
T0294.207	referee	board_update
T0294.314	BLUE	turn_begin	22
T0294.406	BLUE	turn_end	22	PLACE(1-4, 2-4, 2-5, 3-5)
T0294.412	referee	board_update
T0294.544	RED	turn_begin	23
T0322.671	RED	turn_end	23	PLACE(7-6, 7-5, 7-4, 6-4)
T0322.673	referee	board_update
T0322.738	BLUE	turn_begin	24
T0322.821	BLUE	turn_end	24	PLACE(3-0, 4-0, 4-1, 5-1)
T0322.828	referee	board_update
T0322.912	RED	turn_begin	25
T0328.021	RED	turn_end	25	PLACE(10-4, 10-3, 10-2, 10-1)
T0328.025	referee	board_update
T0328.127	BLUE	turn_begin	26
T0328.755	BLUE	turn_end	26	PLACE(4-4, 5-4, 3-4, 5-3)
T0328.758	referee	board_update
T0328.833	RED	turn_begin	27
T0331.986	RED	turn_end	27	PLACE(8-1, 7-1, 8-0, 6-1)
T0331.988	referee	board_update
T0332.056	BLUE	turn_begin	28
T0333.084	BLUE	turn_end	28	PLACE(2-1, 2-0, 3-1, 2-10)
T0333.088	referee	board_update
T0333.188	RED	turn_begin	29
T0336.057	RED	turn_end	29	PLACE(1-6, 2-6, 3-6, 3-7)
T0336.064	referee	board_update
T0336.212	BLUE	turn_begin	30
T0336.498	BLUE	turn_end	30	PLACE(3-0, 3-10, 3-9, 4-9)
T0336.515	referee	board_update
T0336.717	RED	turn_begin	31
T0341.610	RED	turn_end	31	PLACE(6-2, 5-2, 4-2, 4-3)
T0341.612	referee	board_update
T0341.690	BLUE	turn_begin	32
T0341.770	BLUE	turn_end	32	PLACE(3-8, 4-8, 4-9, 4-10)
T0341.778	referee	board_update
T0341.855	RED	turn_begin	33
T0344.545	RED	turn_end	33	PLACE(1-4, 2-4, 3-4, 3-5)
T0344.551	referee	board_update
T0344.633	BLUE	turn_begin	34
T0344.871	BLUE	turn_end	34	PLACE(3-2, 3-3, 3-1, 4-1)
T0344.873	referee	board_update
T0345.000	RED	turn_begin	35
T0348.336	RED	turn_end	35	PLACE(3-6, 4-6, 3-5, 3-7)
T0348.339	referee	board_update
T0348.712	BLUE	turn_begin	36
T0348.776	BLUE	turn_end	36	PLACE(4-0, 3-0, 5-0, 3-10)
T0348.780	referee	board_update
T0348.889	RED	turn_begin	37
T0352.865	RED	turn_end	37	PLACE(6-6, 5-6, 5-5, 5-7)
T0352.867	referee	board_update
T0352.939	BLUE	turn_begin	38
T0353.078	BLUE	turn_end	38	PLACE(3-1, 3-2, 3-3, 3-4)
T0353.080	referee	board_update
T0353.160	RED	turn_begin	39
T0354.438	RED	turn_end	39	PLACE(5-4, 5-3, 6-3, 5-2)
T0354.442	referee	board_update
T0354.484	BLUE	turn_begin	40
T0354.823	BLUE	turn_end	40	PLACE(6-8, 5-8, 5-9, 5-10)
T0354.825	referee	board_update
T0354.931	RED	turn_begin	41
T0359.458	RED	turn_end	41	PLACE(0-1, 0-0, 10-0, 1-0)
T0359.469	referee	board_update
T0359.565	BLUE	turn_begin	42
T0360.946	BLUE	turn_end	42	PLACE(10-9, 10-10, 10-0, 10-1)
T0360.952	referee	board_update
T0361.024	RED	turn_begin	43
T0373.401	RED	turn_end	43	PLACE(10-5, 10-4, 10-3, 10-2)
T0373.409	referee	board_update
T0373.471	BLUE	turn_begin	44
T0375.172	BLUE	turn_end	44	PLACE(7-0, 6-0, 5-0, 5-1)
T0375.176	referee	board_update
T0375.209	RED	turn_begin	45
T0377.778	RED	turn_end	45	PLACE(7-7, 6-7, 6-8, 6-9)
T0377.784	referee	board_update
T0377.827	BLUE	turn_begin	46
T0378.047	BLUE	turn_end	46	PLACE(6-0, 6-1, 6-2, 6-3)
T0378.058	referee	board_update
T0378.138	RED	turn_begin	47
T0379.035	RED	turn_end	47	PLACE(6-4, 5-4, 5-5, 5-6)
T0379.037	referee	board_update
T0379.079	BLUE	turn_begin	48
T0379.425	BLUE	turn_end	48	PLACE(5-3, 5-2, 5-1, 5-0)
T0379.428	referee	board_update
T0379.468	RED	turn_begin	49
T0380.123	RED	turn_end	49	PLACE(4-7, 5-7, 5-8, 5-9)
T0380.137	referee	board_update
T0380.215	BLUE	turn_begin	50
T0380.303	BLUE	turn_end	50	PLACE(10-8, 10-7, 10-6, 0-6)
T0380.308	referee	board_update
T0380.352	RED	turn_begin	51
T0381.348	RED	turn_end	51	PLACE(10-6, 10-7, 0-7, 1-7)
T0381.357	referee	board_update
T0381.397	BLUE	turn_begin	52
T0382.941	BLUE	turn_end	52	PLACE(3-9, 3-8, 3-7, 4-7)
T0382.960	referee	board_update
T0383.058	RED	turn_begin	53
T0385.916	RED	turn_end	53	PLACE(10-9, 10-10, 10-0, 10-1)
T0385.934	referee	board_update
T0385.977	BLUE	turn_begin	54
T0386.040	BLUE	turn_end	54	PLACE(2-8, 3-8, 3-7, 3-6)
T0386.045	referee	board_update
T0386.090	RED	turn_begin	55
T0387.319	RED	turn_end	55	PLACE(8-7, 7-7, 6-7, 5-7)
T0387.323	referee	board_update
T0387.359	BLUE	turn_begin	56
T0387.645	BLUE	turn_end	56	PLACE(3-10, 3-9, 3-0, 3-1)
T0387.651	referee	board_update
T0387.686	RED	turn_begin	57
T0395.798	RED	turn_end	57	PLACE(10-2, 9-2, 10-3, 9-1)
T0395.801	referee	board_update
T0395.833	BLUE	turn_begin	58
T0395.886	BLUE	turn_end	58	PLACE(6-1, 7-1, 8-1, 5-1)
T0395.894	referee	board_update
T0395.926	RED	turn_begin	59
T0397.515	referee	player_error	ERROR: exceeded available time in player 1 [agent:Agent] agent
T0397.518	referee	game_end	winner:BLUE
