T0000.001	referee	game_begin
T0000.023	RED	initialising
T0001.144	BLUE	initialising
T0002.133	RED	turn_begin	1
T0002.187	RED	turn_end	1	PLACE(5-5, 4-5, 5-6, 6-6)
T0002.191	referee	board_update
T0002.356	BLUE	turn_begin	2
T0002.458	BLUE	turn_end	2	PLACE(9-9, 9-10, 8-9, 8-10)
T0002.510	referee	board_update
T0002.763	RED	turn_begin	3
T0017.064	RED	turn_end	3	PLACE(7-6, 8-6, 7-7, 7-8)
T0017.079	referee	board_update
T0017.376	BLUE	turn_begin	4
T0017.976	BLUE	turn_end	4	PLACE(9-0, 10-0, 9-1, 8-1)
T0017.981	referee	board_update
T0018.242	RED	turn_begin	5
T0046.732	RED	turn_end	5	PLACE(6-5, 7-5, 7-4, 7-3)
T0046.745	referee	board_update
T0046.899	BLUE	turn_begin	6
T0046.959	BLUE	turn_end	6	PLACE(8-2, 7-2, 6-2, 6-1)
T0046.961	referee	board_update
T0047.072	RED	turn_begin	7
T0077.398	RED	turn_end	7	PLACE(6-7, 6-8, 6-9, 7-9)
T0077.414	referee	board_update
T0077.504	BLUE	turn_begin	8
T0077.591	BLUE	turn_end	8	PLACE(5-1, 4-1, 3-1, 4-2)
T0077.594	referee	board_update
T0077.698	RED	turn_begin	9
T0129.090	RED	turn_end	9	PLACE(3-5, 2-5, 3-4, 3-3)
T0129.095	referee	board_update
T0129.223	BLUE	turn_begin	10
T0129.298	BLUE	turn_end	10	PLACE(9-2, 9-3, 8-3, 10-3)
T0129.311	referee	board_update
T0129.394	RED	turn_begin	11
T0185.752	RED	turn_end	11	PLACE(4-4, 4-3, 5-3, 5-2)
T0185.754	referee	board_update
T0185.852	BLUE	turn_begin	12
T0185.913	BLUE	turn_end	12	PLACE(7-1, 7-0, 8-0, 7-10)
T0185.916	referee	board_update
T0186.027	RED	turn_begin	13
T0244.328	RED	turn_end	13	PLACE(7-6, 7-5, 8-5, 9-5)
T0244.336	referee	board_update
T0244.465	BLUE	turn_begin	14
T0244.575	BLUE	turn_end	14	PLACE(7-0, 6-0, 7-10, 5-0)
T0244.577	referee	board_update
T0244.689	RED	turn_begin	15
T0285.258	RED	turn_end	15	PLACE(4-6, 4-7, 5-7, 4-8)
T0285.269	referee	board_update
T0285.897	BLUE	turn_begin	16
T0286.059	BLUE	turn_end	16	PLACE(7-2, 7-3, 7-1, 7-4)
T0286.063	referee	board_update
T0286.281	RED	turn_begin	17
T0315.895	RED	turn_end	17	PLACE(9-6, 10-6, 9-7, 9-8)
T0315.901	referee	board_update
T0315.973	BLUE	turn_begin	18
T0316.008	BLUE	turn_end	18	PLACE(8-4, 9-4, 10-4, 0-4)
T0316.020	referee	board_update
T0316.088	RED	turn_begin	19
T0346.707	RED	turn_end	19	PLACE(9-6, 9-5, 9-7, 9-8)
T0346.733	referee	board_update
T0346.904	BLUE	turn_begin	20
T0346.965	BLUE	turn_end	20	PLACE(10-1, 10-2, 9-2, 0-2)
T0346.971	referee	board_update
T0347.202	RED	turn_begin	21
T0360.302	RED	turn_end	21	PLACE(5-9, 4-9, 3-9, 4-10)
T0360.310	referee	board_update
T0360.369	BLUE	turn_begin	22
T0360.439	BLUE	turn_end	22	PLACE(10-5, 0-5, 1-5, 1-6)
T0360.442	referee	board_update
T0360.516	RED	turn_begin	23
T0377.788	RED	turn_end	23	PLACE(6-5, 5-5, 4-5, 3-5)
T0377.793	referee	board_update
T0377.836	BLUE	turn_begin	24
T0377.869	BLUE	turn_end	24	PLACE(2-6, 3-6, 2-5, 3-7)
T0377.870	referee	board_update
T0377.904	RED	turn_begin	25
T0390.118	referee	player_error	ERROR: exceeded available time in player 1 [agent:Agent] agent
T0390.129	referee	game_end	winner:BLUE
