T0000.021	referee	game_begin
T0000.030	RED	initialising
T0000.857	BLUE	initialising
T0002.900	RED	turn_begin	1
T0003.019	RED	turn_end	1	PLACE(8-7, 8-6, 7-6, 7-5)
T0003.042	referee	board_update
T0003.264	BLUE	turn_begin	2
T0003.364	BLUE	turn_end	2	PLACE(0-0, 0-10, 10-10, 0-9)
T0003.367	referee	board_update
T0003.532	RED	turn_begin	3
T0017.223	RED	turn_end	3	PLACE(7-7, 6-7, 7-8, 8-8)
T0017.229	referee	board_update
T0017.368	BLUE	turn_begin	4
T0017.434	BLUE	turn_end	4	PLACE(10-9, 9-9, 9-10, 8-9)
T0017.445	referee	board_update
T0017.556	RED	turn_begin	5
T0026.940	RED	turn_end	5	PLACE(9-7, 10-7, 9-8, 0-7)
T0026.945	referee	board_update
T0027.038	BLUE	turn_begin	6
T0027.125	BLUE	turn_end	6	PLACE(0-8, 10-8, 1-8, 1-9)
T0027.152	referee	board_update
T0027.227	RED	turn_begin	7
T0038.659	RED	turn_end	7	PLACE(6-5, 5-5, 6-4, 6-3)
T0038.673	referee	board_update
T0038.754	BLUE	turn_begin	8
T0038.812	BLUE	turn_end	8	PLACE(8-10, 8-0, 7-10, 6-10)
T0038.819	referee	board_update
T0038.951	RED	turn_begin	9
T0052.921	RED	turn_end	9	PLACE(8-5, 9-5, 8-4, 8-3)
T0052.925	referee	board_update
T0053.010	BLUE	turn_begin	10
T0053.066	BLUE	turn_end	10	PLACE(2-9, 2-8, 3-9, 3-8)
T0053.070	referee	board_update
T0053.156	RED	turn_begin	11
T0071.867	RED	turn_end	11	PLACE(6-6, 5-6, 4-6, 3-6)
T0071.869	referee	board_update
T0071.972	BLUE	turn_begin	12
T0072.020	BLUE	turn_end	12	PLACE(4-8, 4-9, 5-8, 6-8)
T0072.025	referee	board_update
T0072.129	RED	turn_begin	13
T0085.638	RED	turn_end	13	PLACE(8-8, 7-8, 6-8, 5-8)
T0085.643	referee	board_update
T0085.744	BLUE	turn_begin	14
T0085.820	BLUE	turn_end	14	PLACE(6-9, 7-9, 5-9, 5-10)
T0085.822	referee	board_update
T0085.917	RED	turn_begin	15
T0098.306	RED	turn_end	15	PLACE(7-4, 7-3, 7-2, 7-1)
T0098.308	referee	board_update
T0098.402	BLUE	turn_begin	16
T0098.512	BLUE	turn_end	16	PLACE(0-1, 0-2, 1-2, 10-1)
T0098.516	referee	board_update
T0098.597	RED	turn_begin	17
T0111.686	RED	turn_end	17	PLACE(9-6, 10-6, 10-5, 10-4)
T0111.688	referee	board_update
T0111.797	BLUE	turn_begin	18
T0111.830	BLUE	turn_end	18	PLACE(1-1, 1-0, 2-1, 3-1)
T0111.837	referee	board_update
T0111.930	RED	turn_begin	19
T0124.862	RED	turn_end	19	PLACE(5-7, 4-7, 4-8, 4-9)
T0124.864	referee	board_update
T0124.945	BLUE	turn_begin	20
T0124.983	BLUE	turn_end	20	PLACE(4-1, 5-1, 4-2, 5-0)
T0124.985	referee	board_update
T0125.081	RED	turn_begin	21
T0130.405	RED	turn_end	21	PLACE(1-7, 2-7, 1-6, 1-8)
T0130.426	referee	board_update
T0130.479	BLUE	turn_begin	22
T0130.514	BLUE	turn_end	22	PLACE(8-1, 9-1, 9-0, 10-0)
T0130.518	referee	board_update
T0130.570	RED	turn_begin	23
T0133.379	RED	turn_end	23	PLACE(0-6, 0-5, 0-4, 0-3)
T0133.382	referee	board_update
T0133.441	BLUE	turn_begin	24
T0133.487	BLUE	turn_end	24	PLACE(10-2, 10-3, 9-3, 9-4)
T0133.491	referee	board_update
T0133.547	RED	turn_begin	25
T0136.208	RED	turn_end	25	PLACE(0-8, 10-8, 9-8, 9-9)
T0136.211	referee	board_update
T0136.250	BLUE	turn_begin	26
T0136.281	BLUE	turn_end	26	PLACE(1-3, 2-3, 2-4, 2-5)
T0136.284	referee	board_update
T0136.327	RED	turn_begin	27
T0136.983	RED	turn_end	27	PLACE(4-5, 4-4, 3-4, 4-3)
T0136.985	referee	board_update
T0137.015	BLUE	turn_begin	28
T0137.077	BLUE	turn_end	28	PLACE(7-0, 6-0, 6-1, 6-2)
T0137.079	referee	board_update
T0137.112	RED	turn_begin	29
T0138.812	RED	turn_end	29	PLACE(5-3, 5-2, 5-1, 4-1)
T0138.814	referee	board_update
T0138.843	BLUE	turn_begin	30
T0138.910	BLUE	turn_end	30	PLACE(6-1, 7-1, 8-1, 8-2)
T0138.913	referee	board_update
T0138.957	RED	turn_begin	31
T0140.759	RED	turn_end	31	PLACE(3-7, 3-8, 3-9, 3-10)
T0140.762	referee	board_update
T0140.811	BLUE	turn_begin	32
T0140.851	BLUE	turn_end	32	PLACE(2-0, 3-0, 2-10, 3-1)
T0140.860	referee	board_update
T0140.977	RED	turn_begin	33
T0141.355	RED	turn_end	33	PLACE(6-7, 5-7, 4-7, 3-7)
T0141.360	referee	board_update
T0141.398	BLUE	turn_begin	34
T0141.447	BLUE	turn_end	34	PLACE(2-9, 2-8, 2-7, 2-6)
T0141.451	referee	board_update
T0141.490	RED	turn_begin	35
T0143.279	RED	turn_end	35	PLACE(7-6, 6-6, 7-7, 8-7)
T0143.282	referee	board_update
T0143.308	BLUE	turn_begin	36
T0143.329	BLUE	turn_end	36	PLACE(10-1, 0-1, 1-1, 9-1)
T0143.334	referee	board_update
T0143.371	RED	turn_begin	37
T0144.536	RED	turn_end	37	PLACE(9-6, 8-6, 10-6, 10-7)
T0144.540	referee	board_update
T0144.576	BLUE	turn_begin	38
T0144.598	BLUE	turn_end	38	PLACE(8-9, 8-8, 7-8, 7-9)
T0144.601	referee	board_update
T0144.635	RED	turn_begin	39
T0146.585	RED	turn_end	39	PLACE(7-4, 8-4, 7-3, 7-2)
T0146.589	referee	board_update
T0146.623	BLUE	turn_begin	40
T0146.644	BLUE	turn_end	40	PLACE(1-9, 1-8, 2-8, 1-10)
T0146.646	referee	board_update
T0146.676	RED	turn_begin	41
T0147.718	RED	turn_end	41	PLACE(5-6, 4-6, 3-6, 2-6)
T0147.720	referee	board_update
T0147.755	BLUE	turn_begin	42
T0147.776	BLUE	turn_end	42	PLACE(7-10, 7-0, 7-9, 8-9)
T0147.780	referee	board_update
T0147.831	RED	turn_begin	43
T0148.505	RED	turn_end	43	PLACE(7-5, 7-6, 7-7, 8-7)
T0148.508	referee	board_update
T0148.543	BLUE	turn_begin	44
T0148.568	BLUE	turn_end	44	PLACE(1-5, 1-6, 1-7, 0-6)
T0148.571	referee	board_update
T0148.612	RED	turn_begin	45
T0149.016	RED	turn_end	45	PLACE(5-9, 5-8, 6-8, 7-8)
T0149.019	referee	board_update
T0149.054	BLUE	turn_begin	46
T0149.086	BLUE	turn_end	46	PLACE(7-1, 8-1, 8-0, 8-2)
T0149.088	referee	board_update
T0149.124	RED	turn_begin	47
T0149.450	RED	turn_end	47	PLACE(7-4, 7-3, 7-2, 7-1)
T0149.452	referee	board_update
T0149.483	BLUE	turn_begin	48
T0149.641	BLUE	turn_end	48	PLACE(7-9, 6-9, 7-10, 8-10)
T0149.642	referee	board_update
T0149.675	RED	turn_begin	49
T0150.152	RED	turn_end	49	PLACE(6-5, 7-5, 6-4, 7-6)
T0150.155	referee	board_update
T0150.195	BLUE	turn_begin	50
T0150.217	BLUE	turn_end	50	PLACE(0-8, 10-8, 9-8, 0-9)
T0150.221	referee	board_update
T0150.261	RED	turn_begin	51
T0150.477	RED	turn_end	51	PLACE(6-1, 6-0, 6-10, 6-9)
T0150.480	referee	board_update
T0150.522	BLUE	turn_begin	52
T0150.736	BLUE	turn_end	52	PLACE(7-8, 8-8, 6-8, 7-7)
T0150.739	referee	board_update
T0150.791	RED	turn_begin	53
T0150.897	RED	turn_end	53	PLACE(3-3, 3-2, 2-2, 2-1)
T0150.899	referee	board_update
T0150.939	BLUE	turn_begin	54
T0150.960	BLUE	turn_end	54	PLACE(3-1, 2-1, 2-2, 4-1)
T0150.963	referee	board_update
T0150.996	RED	turn_begin	55
T0151.325	RED	turn_end	55	PLACE(3-5, 2-5, 2-4, 2-6)
T0151.328	referee	board_update
T0151.366	BLUE	turn_begin	56
T0151.650	BLUE	turn_end	56	PLACE(0-1, 10-1, 9-1, 9-2)
T0151.652	referee	board_update
T0151.694	RED	turn_begin	57
T0152.129	RED	turn_end	57	PLACE(6-2, 6-1, 7-1, 8-1)
T0152.133	referee	board_update
T0152.179	BLUE	turn_begin	58
T0152.210	BLUE	turn_end	58	PLACE(8-3, 8-2, 7-2, 6-2)
T0152.213	referee	board_update
T0152.251	RED	turn_begin	59
T0152.530	RED	turn_end	59	PLACE(0-2, 1-2, 2-2, 1-1)
T0152.533	referee	board_update
T0152.568	BLUE	turn_begin	60
T0152.613	BLUE	turn_end	60	PLACE(2-10, 2-0, 2-9, 2-8)
T0152.616	referee	board_update
T0152.655	RED	turn_begin	61
T0152.776	RED	turn_end	61	PLACE(4-2, 3-2, 5-2, 5-1)
T0152.779	referee	board_update
T0152.828	BLUE	turn_begin	62
T0153.002	BLUE	turn_end	62	PLACE(4-10, 4-0, 4-1, 3-1)
T0153.005	referee	board_update
T0153.039	RED	turn_begin	63
T0153.666	RED	turn_end	63	PLACE(4-10, 5-10, 6-10, 7-10)
T0153.669	referee	board_update
T0153.699	BLUE	turn_begin	64
T0153.724	BLUE	turn_end	64	PLACE(1-1, 2-1, 0-1, 10-1)
T0153.727	referee	board_update
T0153.762	RED	turn_begin	65
T0154.075	RED	turn_end	65	PLACE(9-10, 10-10, 0-10, 1-10)
T0154.078	referee	board_update
T0154.110	BLUE	turn_begin	66
T0154.497	BLUE	turn_end	66	PLACE(5-1, 6-1, 7-1, 7-0)
T0154.501	referee	board_update
T0154.538	RED	turn_begin	67
T0155.456	RED	turn_end	67	PLACE(8-5, 7-5, 7-4, 7-6)
T0155.461	referee	board_update
T0155.492	BLUE	turn_begin	68
T0155.582	BLUE	turn_end	68	PLACE(3-0, 3-10, 4-0, 2-0)
T0155.585	referee	board_update
T0155.614	RED	turn_begin	69
T0156.243	RED	turn_end	69	PLACE(10-5, 9-5, 0-5, 1-5)
T0156.245	referee	board_update
T0156.281	BLUE	turn_begin	70
T0156.507	BLUE	turn_end	70	PLACE(5-0, 6-0, 7-0, 7-10)
T0156.510	referee	board_update
T0156.544	RED	turn_begin	71
T0157.007	RED	turn_end	71	PLACE(4-5, 3-5, 5-5, 6-5)
T0157.009	referee	board_update
T0157.041	BLUE	turn_begin	72
T0157.093	BLUE	turn_end	72	PLACE(7-9, 7-8, 7-7, 6-7)
T0157.095	referee	board_update
T0157.125	RED	turn_begin	73
T0157.370	RED	turn_end	73	PLACE(10-2, 9-2, 9-1, 9-0)
T0157.372	referee	board_update
T0157.418	BLUE	turn_begin	74
T0157.454	BLUE	turn_end	74	PLACE(7-1, 7-2, 7-3, 8-1)
T0157.456	referee	board_update
T0157.491	RED	turn_begin	75
T0158.372	RED	turn_end	75	PLACE(0-2, 10-2, 1-2, 1-1)
T0158.374	referee	board_update
T0158.405	BLUE	turn_begin	76
T0158.423	BLUE	turn_end	76	PLACE(6-1, 6-2, 5-1, 7-2)
T0158.426	referee	board_update
T0158.454	RED	turn_begin	77
T0158.673	RED	turn_end	77	PLACE(4-2, 3-2, 2-2, 3-1)
T0158.676	referee	board_update
T0158.709	BLUE	turn_begin	78
T0158.880	BLUE	turn_end	78	PLACE(8-0, 8-1, 9-1, 9-2)
T0158.882	referee	board_update
T0158.917	RED	turn_begin	79
T0159.008	RED	turn_end	79	PLACE(10-0, 0-0, 10-1, 0-1)
T0159.011	referee	board_update
T0159.117	referee	game_end	winner:RED
