T0000.001	referee	game_begin
T0000.014	RED	initialising
T0001.362	BLUE	initialising
T0002.655	RED	turn_begin	1
T0002.721	RED	turn_end	1	PLACE(10-6, 10-7, 9-6, 10-8)
T0002.731	referee	board_update
T0002.903	BLUE	turn_begin	2
T0002.973	BLUE	turn_end	2	PLACE(3-0, 3-1, 2-0, 1-0)
T0002.980	referee	board_update
T0003.243	RED	turn_begin	3
T0019.793	RED	turn_end	3	PLACE(8-6, 7-6, 8-5, 8-4)
T0019.796	referee	board_update
T0019.894	BLUE	turn_begin	4
T0019.937	BLUE	turn_end	4	PLACE(2-10, 2-9, 1-10, 3-10)
T0019.938	referee	board_update
T0020.020	RED	turn_begin	5
T0032.044	RED	turn_end	5	PLACE(9-5, 10-5, 0-5, 0-4)
T0032.046	referee	board_update
T0032.159	BLUE	turn_begin	6
T0032.262	BLUE	turn_end	6	PLACE(3-2, 2-2, 1-2, 0-2)
T0032.264	referee	board_update
T0032.360	RED	turn_begin	7
T0048.405	RED	turn_end	7	PLACE(9-7, 8-7, 9-8, 9-9)
T0048.413	referee	board_update
T0048.524	BLUE	turn_begin	8
T0048.572	BLUE	turn_end	8	PLACE(0-10, 0-0, 0-1, 10-1)
T0048.588	referee	board_update
T0048.688	RED	turn_begin	9
T0065.813	RED	turn_end	9	PLACE(0-6, 1-6, 2-6, 1-7)
T0065.826	referee	board_update
T0065.944	BLUE	turn_begin	10
T0066.036	BLUE	turn_end	10	PLACE(10-10, 10-9, 10-0, 9-0)
T0066.039	referee	board_update
T0066.163	RED	turn_begin	11
T0076.817	RED	turn_end	11	PLACE(0-8, 1-8, 0-9, 2-8)
T0076.826	referee	board_update
T0076.914	BLUE	turn_begin	12
T0077.079	BLUE	turn_end	12	PLACE(9-1, 8-1, 8-2, 7-2)
T0077.087	referee	board_update
T0077.186	RED	turn_begin	13
T0087.983	RED	turn_end	13	PLACE(6-6, 5-6, 6-5, 6-4)
T0087.986	referee	board_update
T0088.096	BLUE	turn_begin	14
T0088.143	BLUE	turn_end	14	PLACE(4-1, 4-2, 5-2, 5-3)
T0088.163	referee	board_update
T0088.264	RED	turn_begin	15
T0096.927	RED	turn_end	15	PLACE(7-5, 7-4, 7-3, 8-3)
T0096.935	referee	board_update
T0097.029	BLUE	turn_begin	16
T0097.092	BLUE	turn_end	16	PLACE(1-3, 1-4, 2-3, 3-3)
T0097.098	referee	board_update
T0097.239	RED	turn_begin	17
T0101.715	RED	turn_end	17	PLACE(7-7, 6-7, 7-8, 7-9)
T0101.727	referee	board_update
T0101.826	BLUE	turn_begin	18
T0101.897	BLUE	turn_end	18	PLACE(1-5, 2-5, 2-4, 3-5)
T0101.907	referee	board_update
T0102.026	RED	turn_begin	19
T0105.203	RED	turn_end	19	PLACE(9-4, 9-3, 10-3, 0-3)
T0105.207	referee	board_update
T0105.307	BLUE	turn_begin	20
T0105.353	BLUE	turn_end	20	PLACE(6-3, 6-2, 6-1, 5-1)
T0105.368	referee	board_update
T0105.451	RED	turn_begin	21
T0109.838	RED	turn_end	21	PLACE(8-9, 8-10, 7-10, 6-10)
T0109.843	referee	board_update
T0109.958	BLUE	turn_begin	22
T0110.465	BLUE	turn_end	22	PLACE(7-1, 7-0, 8-0, 6-0)
T0110.488	referee	board_update
T0110.608	RED	turn_begin	23
T0114.087	RED	turn_end	23	PLACE(7-4, 7-3, 7-2, 7-1)
T0114.089	referee	board_update
T0114.169	BLUE	turn_begin	24
T0114.302	BLUE	turn_end	24	PLACE(4-3, 4-4, 3-4, 4-5)
T0114.311	referee	board_update
T0114.400	RED	turn_begin	25
T0116.273	RED	turn_end	25	PLACE(8-3, 7-3, 9-3, 10-3)
T0116.275	referee	board_update
T0116.453	BLUE	turn_begin	26
T0116.554	BLUE	turn_end	26	PLACE(3-9, 4-9, 4-8, 5-8)
T0116.558	referee	board_update
T0116.676	RED	turn_begin	27
T0118.168	RED	turn_end	27	PLACE(7-6, 7-7, 7-8, 7-9)
T0118.174	referee	board_update
T0118.284	BLUE	turn_begin	28
T0118.405	BLUE	turn_end	28	PLACE(5-7, 4-7, 4-6, 3-6)
T0118.419	referee	board_update
T0118.548	RED	turn_begin	29
T0120.714	RED	turn_end	29	PLACE(0-7, 0-6, 1-6, 2-6)
T0120.716	referee	board_update
T0120.815	BLUE	turn_begin	30
T0121.301	BLUE	turn_end	30	PLACE(3-6, 4-6, 3-7, 2-7)
T0121.312	referee	board_update
T0121.473	RED	turn_begin	31
T0122.880	RED	turn_end	31	PLACE(10-7, 9-7, 0-7, 1-7)
T0122.883	referee	board_update
T0123.014	BLUE	turn_begin	32
T0123.674	BLUE	turn_end	32	PLACE(5-4, 5-5, 5-3, 4-3)
T0123.676	referee	board_update
T0123.814	RED	turn_begin	33
T0125.167	RED	turn_end	33	PLACE(7-5, 7-6, 6-6, 6-7)
T0125.170	referee	board_update
T0125.253	BLUE	turn_begin	34
T0125.328	BLUE	turn_end	34	PLACE(5-7, 5-6, 4-7, 5-5)
T0125.333	referee	board_update
T0125.438	RED	turn_begin	35
T0126.219	RED	turn_end	35	PLACE(8-5, 7-5, 9-5, 10-5)
T0126.222	referee	board_update
T0126.320	BLUE	turn_begin	36
T0126.373	BLUE	turn_end	36	PLACE(4-0, 5-0, 4-10, 5-10)
T0126.393	referee	board_update
T0126.510	RED	turn_begin	37
T0127.697	RED	turn_end	37	PLACE(0-5, 1-5, 2-5, 3-5)
T0127.699	referee	board_update
T0127.781	BLUE	turn_begin	38
T0128.492	BLUE	turn_end	38	PLACE(0-3, 1-3, 2-3, 3-3)
T0128.509	referee	board_update
T0128.609	RED	turn_begin	39
T0129.207	RED	turn_end	39	PLACE(0-8, 0-7, 0-6, 0-5)
T0129.212	referee	board_update
T0129.289	BLUE	turn_begin	40
T0129.352	BLUE	turn_end	40	PLACE(1-1, 2-1, 0-1, 0-0)
T0129.357	referee	board_update
T0129.456	RED	turn_begin	41
T0131.287	RED	turn_end	41	PLACE(8-8, 8-7, 8-6, 9-6)
T0131.290	referee	board_update
T0131.319	BLUE	turn_begin	42
T0131.342	BLUE	turn_end	42	PLACE(9-1, 8-1, 10-1, 9-2)
T0131.351	referee	board_update
T0131.409	RED	turn_begin	43
T0132.179	RED	turn_end	43	PLACE(8-8, 8-9, 8-10, 7-10)
T0132.188	referee	board_update
T0132.239	BLUE	turn_begin	44
T0132.286	BLUE	turn_end	44	PLACE(0-1, 0-2, 10-2, 1-1)
T0132.289	referee	board_update
T0132.329	RED	turn_begin	45
T0133.361	RED	turn_end	45	PLACE(8-4, 8-3, 8-5, 8-6)
T0133.364	referee	board_update
T0133.407	BLUE	turn_begin	46
T0133.669	BLUE	turn_end	46	PLACE(8-0, 8-1, 7-1, 8-2)
T0133.678	referee	board_update
T0133.742	RED	turn_begin	47
T0134.307	RED	turn_end	47	PLACE(6-3, 6-2, 5-2, 4-2)
T0134.309	referee	board_update
T0134.335	BLUE	turn_begin	48
T0134.369	BLUE	turn_end	48	PLACE(6-1, 5-1, 4-1, 3-1)
T0134.372	referee	board_update
T0134.414	RED	turn_begin	49
T0135.223	RED	turn_end	49	PLACE(0-3, 0-2, 10-2, 1-2)
T0135.226	referee	board_update
T0135.269	BLUE	turn_begin	50
T0135.654	BLUE	turn_end	50	PLACE(2-1, 2-2, 2-3, 1-3)
T0135.660	referee	board_update
T0135.711	RED	turn_begin	51
T0136.463	RED	turn_end	51	PLACE(6-3, 7-3, 8-3, 7-2)
T0136.466	referee	board_update
T0136.501	BLUE	turn_begin	52
T0136.536	BLUE	turn_end	52	PLACE(4-3, 3-3, 3-2, 3-1)
T0136.546	referee	board_update
T0136.589	RED	turn_begin	53
T0137.211	RED	turn_end	53	PLACE(9-3, 10-3, 9-2, 0-3)
T0137.214	referee	board_update
T0137.245	BLUE	turn_begin	54
T0138.140	BLUE	turn_end	54	PLACE(6-1, 7-1, 5-1, 7-0)
T0138.142	referee	board_update
T0138.176	RED	turn_begin	55
T0138.750	RED	turn_end	55	PLACE(9-10, 9-0, 10-0, 0-0)
T0138.753	referee	board_update
T0138.783	BLUE	turn_begin	56
T0138.808	BLUE	turn_end	56	PLACE(2-1, 1-1, 0-1, 2-0)
T0138.819	referee	board_update
T0138.878	RED	turn_begin	57
T0139.616	RED	turn_end	57	PLACE(6-0, 5-0, 7-0, 8-0)
T0139.621	referee	board_update
T0139.675	BLUE	turn_begin	58
T0140.141	BLUE	turn_end	58	PLACE(10-1, 9-1, 8-1, 8-2)
T0140.144	referee	board_update
T0140.184	RED	turn_begin	59
T0140.781	RED	turn_end	59	PLACE(9-8, 9-7, 9-9, 9-10)
T0140.783	referee	board_update
T0140.817	BLUE	turn_begin	60
T0140.845	BLUE	turn_end	60	PLACE(5-2, 5-3, 6-2, 4-2)
T0140.849	referee	board_update
T0140.884	RED	turn_begin	61
T0141.846	RED	turn_end	61	PLACE(9-5, 9-4, 9-6, 10-4)
T0141.848	referee	board_update
T0141.878	BLUE	turn_begin	62
T0142.659	BLUE	turn_end	62	PLACE(7-2, 8-2, 9-2, 9-1)
T0142.661	referee	board_update
T0142.691	RED	turn_begin	63
T0142.752	RED	turn_end	63	PLACE(0-2, 10-2, 1-2, 2-2)
T0142.755	referee	board_update
T0142.913	referee	game_end	winner:RED
