T0000.005	referee	game_begin
T0000.014	RED	initialising
T0001.717	BLUE	initialising
T0003.763	RED	turn_begin	1
T0003.860	RED	turn_end	1	PLACE(3-3, 3-4, 2-4, 2-5)
T0003.877	referee	board_update
T0004.085	BLUE	turn_begin	2
T0004.189	BLUE	turn_end	2	PLACE(1-5, 1-4, 0-4, 1-3)
T0004.198	referee	board_update
T0004.449	RED	turn_begin	3
T0008.506	RED	turn_end	3	PLACE(2-3, 2-2, 1-2, 0-2)
T0008.512	referee	board_update
T0008.668	BLUE	turn_begin	4
T0008.743	BLUE	turn_end	4	PLACE(10-4, 10-5, 9-4, 8-4)
T0008.746	referee	board_update
T0008.844	RED	turn_begin	5
T0018.472	RED	turn_end	5	PLACE(4-3, 5-3, 4-2, 6-3)
T0018.503	referee	board_update
T0018.640	BLUE	turn_begin	6
T0018.711	BLUE	turn_end	6	PLACE(7-4, 7-5, 6-4, 6-5)
T0018.714	referee	board_update
T0018.874	RED	turn_begin	7
T0028.803	RED	turn_end	7	PLACE(3-2, 3-1, 4-1, 5-1)
T0028.806	referee	board_update
T0028.887	BLUE	turn_begin	8
T0028.981	BLUE	turn_end	8	PLACE(0-3, 10-3, 10-2, 10-1)
T0029.004	referee	board_update
T0029.228	RED	turn_begin	9
T0041.623	RED	turn_end	9	PLACE(3-5, 4-5, 3-6, 5-5)
T0041.629	referee	board_update
T0041.713	BLUE	turn_begin	10
T0041.801	BLUE	turn_end	10	PLACE(7-6, 8-6, 8-7, 8-8)
T0041.810	referee	board_update
T0041.931	RED	turn_begin	11
T0050.975	RED	turn_end	11	PLACE(2-6, 1-6, 0-6, 10-6)
T0050.982	referee	board_update
T0051.085	BLUE	turn_begin	12
T0051.162	BLUE	turn_end	12	PLACE(10-0, 10-10, 0-10, 0-0)
T0051.165	referee	board_update
T0051.321	RED	turn_begin	13
T0067.531	RED	turn_end	13	PLACE(1-1, 2-1, 1-0, 1-10)
T0067.548	referee	board_update
T0067.607	BLUE	turn_begin	14
T0067.682	BLUE	turn_end	14	PLACE(8-3, 7-3, 9-3, 9-2)
T0067.692	referee	board_update
T0067.794	RED	turn_begin	15
T0081.551	RED	turn_end	15	PLACE(2-3, 3-3, 4-3, 5-3)
T0081.555	referee	board_update
T0081.668	BLUE	turn_begin	16
T0081.725	BLUE	turn_end	16	PLACE(10-9, 0-9, 9-9, 1-9)
T0081.728	referee	board_update
T0081.813	RED	turn_begin	17
T0088.883	RED	turn_end	17	PLACE(5-2, 6-2, 7-2, 7-1)
T0088.889	referee	board_update
T0088.982	BLUE	turn_begin	18
T0089.046	BLUE	turn_end	18	PLACE(10-3, 0-3, 9-3, 8-3)
T0089.048	referee	board_update
T0089.129	RED	turn_begin	19
T0096.503	RED	turn_end	19	PLACE(3-0, 2-0, 3-10, 2-10)
T0096.513	referee	board_update
T0096.633	BLUE	turn_begin	20
T0096.990	BLUE	turn_end	20	PLACE(8-9, 7-9, 6-9, 7-10)
T0096.994	referee	board_update
T0097.115	RED	turn_begin	21
T0102.014	RED	turn_end	21	PLACE(4-0, 5-0, 4-10, 4-9)
T0102.018	referee	board_update
T0102.119	BLUE	turn_begin	22
T0102.233	BLUE	turn_end	22	PLACE(7-8, 7-7, 6-7, 6-6)
T0102.236	referee	board_update
T0102.304	RED	turn_begin	23
T0105.017	RED	turn_end	23	PLACE(4-6, 5-6, 4-7, 4-8)
T0105.025	referee	board_update
T0105.108	BLUE	turn_begin	24
T0105.691	BLUE	turn_end	24	PLACE(6-10, 5-10, 5-9, 5-8)
T0105.694	referee	board_update
T0105.785	RED	turn_begin	25
T0107.775	RED	turn_end	25	PLACE(3-7, 2-7, 1-7, 0-7)
T0107.782	referee	board_update
T0107.899	BLUE	turn_begin	26
T0108.122	BLUE	turn_end	26	PLACE(9-5, 8-5, 9-6, 9-7)
T0108.139	referee	board_update
T0108.248	RED	turn_begin	27
T0111.339	RED	turn_end	27	PLACE(6-1, 6-0, 7-0, 8-0)
T0111.348	referee	board_update
T0111.439	BLUE	turn_begin	28
T0111.500	BLUE	turn_end	28	PLACE(5-7, 5-6, 6-6, 7-6)
T0111.504	referee	board_update
T0111.593	RED	turn_begin	29
T0113.843	RED	turn_end	29	PLACE(2-6, 1-6, 0-6, 10-6)
T0113.846	referee	board_update
T0113.948	BLUE	turn_begin	30
T0114.831	BLUE	turn_end	30	PLACE(10-7, 10-8, 0-8, 9-8)
T0114.835	referee	board_update
T0114.934	RED	turn_begin	31
T0118.154	RED	turn_end	31	PLACE(10-2, 10-1, 9-1, 10-0)
T0118.156	referee	board_update
T0118.267	BLUE	turn_begin	32
T0118.376	BLUE	turn_end	32	PLACE(8-10, 9-10, 10-10, 10-9)
T0118.385	referee	board_update
T0118.488	RED	turn_begin	33
T0121.420	RED	turn_end	33	PLACE(4-6, 4-7, 3-7, 2-7)
T0121.427	referee	board_update
T0121.548	BLUE	turn_begin	34
T0121.791	BLUE	turn_end	34	PLACE(7-10, 8-10, 6-10, 9-10)
T0121.798	referee	board_update
T0121.888	RED	turn_begin	35
T0124.090	RED	turn_end	35	PLACE(1-10, 2-10, 3-10, 2-9)
T0124.093	referee	board_update
T0124.231	BLUE	turn_begin	36
T0124.277	BLUE	turn_end	36	PLACE(8-7, 9-7, 7-7, 6-7)
T0124.292	referee	board_update
T0124.424	RED	turn_begin	37
T0125.717	RED	turn_end	37	PLACE(1-7, 0-7, 10-7, 10-6)
T0125.721	referee	board_update
T0125.838	BLUE	turn_begin	38
T0125.907	BLUE	turn_end	38	PLACE(10-3, 10-4, 10-5, 0-5)
T0125.911	referee	board_update
T0125.984	RED	turn_begin	39
T0126.611	RED	turn_end	39	PLACE(2-5, 3-5, 4-5, 5-5)
T0126.614	referee	board_update
T0126.697	BLUE	turn_begin	40
T0126.778	BLUE	turn_end	40	PLACE(9-6, 9-5, 8-5, 10-5)
T0126.805	referee	board_update
T0126.921	RED	turn_begin	41
T0127.242	RED	turn_end	41	PLACE(3-9, 3-8, 2-8, 1-8)
T0127.245	referee	board_update
T0127.329	BLUE	turn_begin	42
T0127.390	BLUE	turn_end	42	PLACE(9-9, 10-9, 8-9, 0-9)
T0127.393	referee	board_update
T0127.450	RED	turn_begin	43
T0128.205	RED	turn_end	43	PLACE(2-4, 2-3, 2-5, 2-6)
T0128.222	referee	board_update
T0128.322	BLUE	turn_begin	44
T0128.716	BLUE	turn_end	44	PLACE(6-8, 6-9, 7-9, 5-9)
T0128.726	referee	board_update
T0128.787	RED	turn_begin	45
T0129.185	RED	turn_end	45	PLACE(2-0, 2-10, 2-9, 3-9)
T0129.190	referee	board_update
T0129.639	referee	game_end	winner:RED
