T0000.002	referee	game_begin
T0000.027	RED	initialising
T0001.251	BLUE	initialising
T0002.779	RED	turn_begin	1
T0002.843	RED	turn_end	1	PLACE(3-2, 3-1, 3-3, 2-2)
T0002.856	referee	board_update
T0002.957	BLUE	turn_begin	2
T0003.007	BLUE	turn_end	2	PLACE(1-0, 2-0, 0-0, 10-0)
T0003.020	referee	board_update
T0003.115	RED	turn_begin	3
T0008.412	RED	turn_end	3	PLACE(2-1, 1-1, 0-1, 10-1)
T0008.420	referee	board_update
T0008.505	BLUE	turn_begin	4
T0008.544	BLUE	turn_end	4	PLACE(3-0, 3-10, 4-0, 4-10)
T0008.548	referee	board_update
T0008.621	RED	turn_begin	5
T0016.091	RED	turn_end	5	PLACE(4-1, 5-1, 5-0, 5-10)
T0016.100	referee	board_update
T0016.241	BLUE	turn_begin	6
T0016.316	BLUE	turn_end	6	PLACE(2-10, 1-10, 1-9, 0-10)
T0016.325	referee	board_update
T0016.434	RED	turn_begin	7
T0022.930	RED	turn_end	7	PLACE(4-2, 4-3, 5-3, 5-4)
T0022.942	referee	board_update
T0023.019	BLUE	turn_begin	8
T0023.062	BLUE	turn_end	8	PLACE(1-8, 0-8, 2-8, 2-9)
T0023.068	referee	board_update
T0023.141	RED	turn_begin	9
T0033.927	RED	turn_end	9	PLACE(2-3, 1-3, 2-4, 2-5)
T0033.936	referee	board_update
T0033.971	BLUE	turn_begin	10
T0033.995	BLUE	turn_end	10	PLACE(0-7, 10-7, 0-6, 9-7)
T0034.005	referee	board_update
T0034.046	RED	turn_begin	11
T0052.926	RED	turn_end	11	PLACE(3-4, 3-5, 3-6, 3-7)
T0052.949	referee	board_update
T0053.082	BLUE	turn_begin	12
T0053.151	BLUE	turn_end	12	PLACE(8-7, 8-8, 9-8, 9-9)
T0053.156	referee	board_update
T0053.250	RED	turn_begin	13
T0081.690	RED	turn_end	13	PLACE(0-2, 10-2, 0-3, 0-4)
T0081.709	referee	board_update
T0081.775	BLUE	turn_begin	14
T0081.834	BLUE	turn_end	14	PLACE(1-6, 1-7, 1-5, 0-5)
T0081.836	referee	board_update
T0081.916	RED	turn_begin	15
T0101.985	RED	turn_end	15	PLACE(9-1, 8-1, 9-0, 9-10)
T0101.989	referee	board_update
T0102.076	BLUE	turn_begin	16
T0102.150	BLUE	turn_end	16	PLACE(7-7, 7-8, 7-6, 7-5)
T0102.164	referee	board_update
T0102.233	RED	turn_begin	17
T0128.836	RED	turn_end	17	PLACE(6-0, 7-0, 6-10, 6-9)
T0128.847	referee	board_update
T0128.982	BLUE	turn_begin	18
T0129.079	BLUE	turn_end	18	PLACE(7-4, 8-4, 8-3, 8-5)
T0129.082	referee	board_update
T0129.212	RED	turn_begin	19
T0136.861	RED	turn_end	19	PLACE(5-9, 5-8, 4-8, 5-7)
T0136.870	referee	board_update
T0136.998	BLUE	turn_begin	20
T0137.117	BLUE	turn_end	20	PLACE(7-3, 6-3, 6-4, 7-2)
T0137.133	referee	board_update
T0137.255	RED	turn_begin	21
T0141.986	RED	turn_end	21	PLACE(5-5, 4-5, 5-6, 6-6)
T0141.994	referee	board_update
T0142.168	BLUE	turn_begin	22
T0143.605	BLUE	turn_end	22	PLACE(9-4, 9-3, 10-3, 9-2)
T0143.609	referee	board_update
T0143.736	RED	turn_begin	23
T0148.617	RED	turn_end	23	PLACE(3-3, 4-3, 5-3, 6-3)
T0148.623	referee	board_update
T0148.798	BLUE	turn_begin	24
T0148.920	BLUE	turn_end	24	PLACE(7-3, 8-3, 9-3, 8-2)
T0148.925	referee	board_update
T0149.044	RED	turn_begin	25
T0152.171	RED	turn_end	25	PLACE(0-3, 10-3, 10-4, 10-5)
T0152.179	referee	board_update
T0152.266	BLUE	turn_begin	26
T0152.383	BLUE	turn_end	26	PLACE(10-10, 10-9, 0-9, 10-8)
T0152.387	referee	board_update
T0152.471	RED	turn_begin	27
T0158.830	RED	turn_end	27	PLACE(1-2, 0-2, 0-3, 0-4)
T0158.840	referee	board_update
T0158.975	BLUE	turn_begin	28
T0159.037	BLUE	turn_end	28	PLACE(9-6, 9-5, 8-6, 10-6)
T0159.040	referee	board_update
T0159.147	RED	turn_begin	29
T0181.289	RED	turn_end	29	PLACE(0-1, 10-1, 10-0, 10-10)
T0181.312	referee	board_update
T0181.430	BLUE	turn_begin	30
T0181.636	BLUE	turn_end	30	PLACE(0-10, 0-9, 0-8, 10-9)
T0181.677	referee	board_update
T0181.789	RED	turn_begin	31
T0190.680	RED	turn_end	31	PLACE(9-1, 9-0, 9-10, 9-9)
T0190.684	referee	board_update
T0190.786	BLUE	turn_begin	32
T0190.847	BLUE	turn_end	32	PLACE(0-5, 0-6, 10-5, 10-6)
T0190.853	referee	board_update
T0190.944	RED	turn_begin	33
T0197.484	RED	turn_end	33	PLACE(10-4, 9-4, 10-3, 9-3)
T0197.487	referee	board_update
T0197.625	BLUE	turn_begin	34
T0197.878	BLUE	turn_end	34	PLACE(10-7, 0-7, 10-8, 9-7)
T0197.882	referee	board_update
T0198.097	RED	turn_begin	35
T0200.425	RED	turn_end	35	PLACE(7-10, 8-10, 7-9, 8-9)
T0200.428	referee	board_update
T0200.558	BLUE	turn_begin	36
T0201.079	BLUE	turn_end	36	PLACE(3-10, 3-9, 2-10, 3-8)
T0201.082	referee	board_update
T0201.186	RED	turn_begin	37
T0205.252	RED	turn_end	37	PLACE(3-2, 3-1, 3-0, 3-10)
T0205.274	referee	board_update
T0205.424	BLUE	turn_begin	38
T0205.503	BLUE	turn_end	38	PLACE(2-7, 2-6, 3-6, 4-6)
T0205.505	referee	board_update
T0205.642	RED	turn_begin	39
T0210.308	RED	turn_end	39	PLACE(5-10, 6-10, 7-10, 8-10)
T0210.313	referee	board_update
T0210.407	BLUE	turn_begin	40
T0210.626	BLUE	turn_end	40	PLACE(6-2, 6-1, 7-1, 5-2)
T0210.637	referee	board_update
T0210.728	RED	turn_begin	41
T0223.280	RED	turn_end	41	PLACE(5-2, 5-1, 5-3, 6-1)
T0223.313	referee	board_update
T0223.423	BLUE	turn_begin	42
T0223.518	BLUE	turn_end	42	PLACE(6-5, 5-5, 5-6, 5-7)
T0223.520	referee	board_update
T0223.600	RED	turn_begin	43
T0229.272	RED	turn_end	43	PLACE(5-9, 4-9, 5-8, 5-10)
T0229.283	referee	board_update
T0229.400	BLUE	turn_begin	44
T0229.555	BLUE	turn_end	44	PLACE(7-8, 7-9, 7-10, 7-0)
T0229.562	referee	board_update
T0229.693	RED	turn_begin	45
T0234.101	RED	turn_end	45	PLACE(2-1, 1-1, 0-1, 10-1)
T0234.106	referee	board_update
T0234.223	BLUE	turn_begin	46
T0235.029	BLUE	turn_end	46	PLACE(1-10, 0-10, 0-0, 10-10)
T0235.038	referee	board_update
T0235.158	RED	turn_begin	47
T0243.941	RED	turn_end	47	PLACE(1-4, 0-4, 0-3, 0-5)
T0243.948	referee	board_update
T0244.043	BLUE	turn_begin	48
T0244.157	BLUE	turn_end	48	PLACE(7-7, 7-6, 6-7, 7-5)
T0244.168	referee	board_update
T0244.271	RED	turn_begin	49
T0249.679	RED	turn_end	49	PLACE(7-3, 7-2, 7-1, 8-1)
T0249.682	referee	board_update
T0249.832	BLUE	turn_begin	50
T0250.006	BLUE	turn_end	50	PLACE(3-7, 3-8, 4-7, 3-9)
T0250.009	referee	board_update
T0250.171	RED	turn_begin	51
T0257.624	RED	turn_end	51	PLACE(3-4, 4-4, 3-5, 5-4)
T0257.631	referee	board_update
T0257.761	BLUE	turn_begin	52
T0257.918	BLUE	turn_end	52	PLACE(0-7, 0-8, 0-6, 0-9)
T0257.920	referee	board_update
T0258.007	RED	turn_begin	53
T0262.249	RED	turn_end	53	PLACE(4-9, 5-9, 6-9, 7-9)
T0262.256	referee	board_update
T0262.341	BLUE	turn_begin	54
T0262.403	BLUE	turn_end	54	PLACE(10-7, 0-7, 1-7, 9-7)
T0262.407	referee	board_update
T0262.504	RED	turn_begin	55
T0264.963	RED	turn_end	55	PLACE(0-0, 0-10, 0-1, 0-9)
T0264.978	referee	board_update
T0265.103	BLUE	turn_begin	56
T0265.237	BLUE	turn_end	56	PLACE(8-9, 9-9, 9-8, 9-10)
T0265.240	referee	board_update
T0265.377	RED	turn_begin	57
T0271.574	RED	turn_end	57	PLACE(4-7, 3-7, 5-7, 2-7)
T0271.577	referee	board_update
T0271.822	BLUE	turn_begin	58
T0274.176	BLUE	turn_end	58	PLACE(7-7, 6-7, 6-8, 8-7)
T0274.181	referee	board_update
T0274.290	RED	turn_begin	59
T0285.736	RED	turn_end	59	PLACE(3-9, 2-9, 2-8, 1-8)
T0285.741	referee	board_update
T0285.832	BLUE	turn_begin	60
T0285.888	BLUE	turn_end	60	PLACE(9-8, 8-8, 7-8, 7-7)
T0285.895	referee	board_update
T0285.989	RED	turn_begin	61
T0293.993	RED	turn_end	61	PLACE(9-5, 9-6, 9-7, 10-7)
T0294.025	referee	board_update
T0294.251	BLUE	turn_begin	62
T0294.365	BLUE	turn_end	62	PLACE(2-7, 1-7, 0-7, 3-7)
T0294.369	referee	board_update
T0294.495	RED	turn_begin	63
T0302.141	RED	turn_end	63	PLACE(5-0, 6-0, 6-10, 6-9)
T0302.156	referee	board_update
T0302.246	BLUE	turn_begin	64
T0303.034	BLUE	turn_end	64	PLACE(4-7, 5-7, 4-8, 5-8)
T0303.047	referee	board_update
T0303.133	RED	turn_begin	65
T0305.781	RED	turn_end	65	PLACE(5-2, 6-2, 6-3, 6-4)
T0305.790	referee	board_update
T0305.961	BLUE	turn_begin	66
T0306.139	BLUE	turn_end	66	PLACE(9-2, 9-1, 10-2, 0-2)
T0306.158	referee	board_update
T0306.317	RED	turn_begin	67
T0315.682	RED	turn_end	67	PLACE(2-3, 3-3, 3-2, 4-2)
T0315.689	referee	board_update
T0315.800	BLUE	turn_begin	68
T0315.938	BLUE	turn_end	68	PLACE(6-8, 5-8, 6-7, 6-6)
T0315.940	referee	board_update
T0316.036	RED	turn_begin	69
T0319.861	RED	turn_end	69	PLACE(5-3, 5-2, 6-2, 5-1)
T0319.875	referee	board_update
T0319.968	BLUE	turn_begin	70
T0320.060	BLUE	turn_end	70	PLACE(8-7, 9-7, 9-6, 9-5)
T0320.065	referee	board_update
T0320.168	RED	turn_begin	71
T0324.850	RED	turn_end	71	PLACE(9-0, 9-10, 9-1, 9-2)
T0324.857	referee	board_update
T0324.928	BLUE	turn_begin	72
T0325.024	BLUE	turn_end	72	PLACE(9-9, 10-9, 10-8, 9-8)
T0325.026	referee	board_update
T0325.117	RED	turn_begin	73
T0329.066	RED	turn_end	73	PLACE(4-10, 5-10, 5-9, 5-0)
T0329.091	referee	board_update
T0329.237	BLUE	turn_begin	74
T0329.363	BLUE	turn_end	74	PLACE(8-10, 8-0, 9-10, 7-10)
T0329.366	referee	board_update
T0329.491	RED	turn_begin	75
T0333.963	RED	turn_end	75	PLACE(1-0, 0-0, 1-10, 10-0)
T0333.971	referee	board_update
T0334.043	BLUE	turn_begin	76
T0334.795	BLUE	turn_end	76	PLACE(5-6, 5-7, 5-5, 6-5)
T0334.804	referee	board_update
T0334.934	RED	turn_begin	77
T0349.702	RED	turn_end	77	PLACE(2-5, 1-5, 0-5, 10-5)
T0349.709	referee	board_update
T0349.775	BLUE	turn_begin	78
T0349.825	BLUE	turn_end	78	PLACE(10-7, 0-7, 9-7, 8-7)
T0349.829	referee	board_update
T0349.889	RED	turn_begin	79
T0355.070	RED	turn_end	79	PLACE(9-4, 9-5, 8-5, 7-5)
T0355.071	referee	board_update
T0355.153	BLUE	turn_begin	80
T0355.276	BLUE	turn_end	80	PLACE(8-6, 9-6, 10-6, 7-6)
T0355.279	referee	board_update
T0355.385	RED	turn_begin	81
T0359.204	RED	turn_end	81	PLACE(3-1, 4-1, 4-0, 5-0)
T0359.237	referee	board_update
T0359.345	BLUE	turn_begin	82
T0359.413	BLUE	turn_end	82	PLACE(7-7, 6-7, 5-7, 4-7)
T0359.419	referee	board_update
T0359.497	RED	turn_begin	83
T0361.190	RED	turn_end	83	PLACE(7-0, 6-0, 6-10, 5-10)
T0361.196	referee	board_update
T0361.288	BLUE	turn_begin	84
T0361.364	BLUE	turn_end	84	PLACE(6-6, 6-5, 5-5, 5-6)
T0361.368	referee	board_update
T0361.444	RED	turn_begin	85
T0364.878	RED	turn_end	85	PLACE(4-5, 4-6, 3-6, 2-6)
T0364.880	referee	board_update
T0364.983	BLUE	turn_begin	86
T0365.071	BLUE	turn_end	86	PLACE(1-7, 2-7, 1-6, 3-7)
T0365.074	referee	board_update
T0365.147	RED	turn_begin	87
T0367.445	RED	turn_end	87	PLACE(0-8, 0-7, 1-7, 2-7)
T0367.449	referee	board_update
T0367.552	BLUE	turn_begin	88
T0368.240	BLUE	turn_end	88	PLACE(5-7, 6-7, 7-7, 4-7)
T0368.242	referee	board_update
T0368.326	RED	turn_begin	89
T0368.471	RED	turn_end	89	PLACE(10-2, 0-2, 1-2, 2-2)
T0368.497	referee	board_update
T0368.964	referee	game_end	winner:RED
