T0000.001	referee	game_begin
T0000.012	RED	initialising
T0001.410	BLUE	initialising
T0002.819	RED	turn_begin	1
T0002.911	RED	turn_end	1	PLACE(3-8, 3-7, 3-9, 4-8)
T0002.926	referee	board_update
T0003.031	BLUE	turn_begin	2
T0003.092	BLUE	turn_end	2	PLACE(5-0, 6-0, 5-10, 7-0)
T0003.107	referee	board_update
T0003.178	RED	turn_begin	3
T0010.859	RED	turn_end	3	PLACE(2-7, 1-7, 2-8, 2-9)
T0010.862	referee	board_update
T0010.910	BLUE	turn_begin	4
T0010.933	BLUE	turn_end	4	PLACE(6-1, 5-1, 5-2, 7-1)
T0010.938	referee	board_update
T0011.011	RED	turn_begin	5
T0024.131	RED	turn_end	5	PLACE(4-7, 5-7, 6-7, 6-8)
T0024.139	referee	board_update
T0024.229	BLUE	turn_begin	6
T0024.273	BLUE	turn_end	6	PLACE(8-0, 8-1, 9-0, 8-2)
T0024.274	referee	board_update
T0024.345	RED	turn_begin	7
T0055.537	RED	turn_end	7	PLACE(3-6, 2-6, 3-5, 3-4)
T0055.545	referee	board_update
T0055.674	BLUE	turn_begin	8
T0055.733	BLUE	turn_end	8	PLACE(10-0, 10-10, 0-0, 0-10)
T0055.738	referee	board_update
T0055.888	RED	turn_begin	9
T0105.566	RED	turn_end	9	PLACE(4-9, 4-10, 4-0, 4-1)
T0105.572	referee	board_update
T0105.689	BLUE	turn_begin	10
T0105.741	BLUE	turn_end	10	PLACE(1-0, 1-10, 2-0, 1-1)
T0105.747	referee	board_update
T0105.886	RED	turn_begin	11
T0148.529	RED	turn_end	11	PLACE(1-9, 0-9, 10-9, 9-9)
T0148.536	referee	board_update
T0148.651	BLUE	turn_begin	12
T0148.816	BLUE	turn_end	12	PLACE(7-2, 7-3, 8-3, 8-4)
T0148.818	referee	board_update
T0148.947	RED	turn_begin	13
T0190.286	RED	turn_end	13	PLACE(5-8, 5-9, 6-9, 7-9)
T0190.297	referee	board_update
T0190.419	BLUE	turn_begin	14
T0190.494	BLUE	turn_end	14	PLACE(10-1, 9-1, 0-1, 9-2)
T0190.497	referee	board_update
T0190.589	RED	turn_begin	15
T0218.116	RED	turn_end	15	PLACE(0-7, 10-7, 0-8, 10-6)
T0218.120	referee	board_update
T0218.209	BLUE	turn_begin	16
T0218.306	BLUE	turn_end	16	PLACE(9-10, 8-10, 7-10, 8-9)
T0218.312	referee	board_update
T0218.414	RED	turn_begin	17
T0249.802	RED	turn_end	17	PLACE(3-9, 2-9, 1-9, 0-9)
T0249.821	referee	board_update
T0249.935	BLUE	turn_begin	18
T0250.000	BLUE	turn_end	18	PLACE(0-2, 0-3, 0-4, 1-4)
T0250.007	referee	board_update
T0250.148	RED	turn_begin	19
T0275.162	RED	turn_end	19	PLACE(7-7, 8-7, 7-6, 8-8)
T0275.170	referee	board_update
T0275.247	BLUE	turn_begin	20
T0275.291	BLUE	turn_end	20	PLACE(6-3, 5-3, 6-4, 6-2)
T0275.294	referee	board_update
T0275.351	RED	turn_begin	21
T0292.415	RED	turn_end	21	PLACE(1-6, 1-5, 0-5, 10-5)
T0292.425	referee	board_update
T0292.559	BLUE	turn_begin	22
T0292.645	BLUE	turn_end	22	PLACE(4-2, 4-3, 3-3, 4-4)
T0292.650	referee	board_update
T0292.766	RED	turn_begin	23
T0299.122	RED	turn_end	23	PLACE(6-6, 6-5, 5-5, 7-5)
T0299.142	referee	board_update
T0299.235	BLUE	turn_begin	24
T0299.367	BLUE	turn_end	24	PLACE(3-0, 3-10, 2-10, 3-1)
T0299.373	referee	board_update
T0299.468	RED	turn_begin	25
T0311.041	RED	turn_end	25	PLACE(6-9, 7-9, 8-9, 9-9)
T0311.045	referee	board_update
T0311.156	BLUE	turn_begin	26
T0311.214	BLUE	turn_end	26	PLACE(0-0, 10-0, 9-0, 8-0)
T0311.222	referee	board_update
T0311.322	RED	turn_begin	27
T0315.034	RED	turn_end	27	PLACE(2-4, 2-3, 2-2, 3-2)
T0315.043	referee	board_update
T0315.112	BLUE	turn_begin	28
T0315.641	BLUE	turn_end	28	PLACE(10-4, 10-3, 10-2, 9-4)
T0315.644	referee	board_update
T0315.746	RED	turn_begin	29
T0318.487	RED	turn_end	29	PLACE(4-0, 5-0, 6-0, 7-0)
T0318.490	referee	board_update
T0318.559	BLUE	turn_begin	30
T0319.185	BLUE	turn_end	30	PLACE(10-9, 10-8, 9-8, 9-7)
T0319.193	referee	board_update
T0319.252	RED	turn_begin	31
T0322.987	RED	turn_end	31	PLACE(3-7, 2-7, 1-7, 0-7)
T0322.995	referee	board_update
T0323.102	BLUE	turn_begin	32
T0323.292	BLUE	turn_end	32	PLACE(9-3, 10-3, 10-4, 10-5)
T0323.297	referee	board_update
T0323.395	RED	turn_begin	33
T0326.373	RED	turn_end	33	PLACE(7-8, 7-7, 8-7, 9-7)
T0326.376	referee	board_update
T0326.458	BLUE	turn_begin	34
T0327.409	BLUE	turn_end	34	PLACE(2-0, 1-0, 3-0, 2-1)
T0327.431	referee	board_update
T0327.525	RED	turn_begin	35
T0329.295	RED	turn_end	35	PLACE(3-8, 3-7, 3-6, 3-5)
T0329.297	referee	board_update
T0329.449	BLUE	turn_begin	36
T0329.520	BLUE	turn_end	36	PLACE(3-10, 3-9, 3-0, 4-9)
T0329.547	referee	board_update
T0329.651	RED	turn_begin	37
T0337.126	RED	turn_end	37	PLACE(10-8, 10-7, 10-9, 10-10)
T0337.132	referee	board_update
T0337.234	BLUE	turn_begin	38
T0337.862	BLUE	turn_end	38	PLACE(9-5, 8-5, 9-6, 10-6)
T0337.864	referee	board_update
T0337.938	RED	turn_begin	39
T0341.899	RED	turn_end	39	PLACE(9-8, 9-7, 9-9, 9-10)
T0341.905	referee	board_update
T0342.034	BLUE	turn_begin	40
T0342.272	BLUE	turn_end	40	PLACE(9-6, 8-6, 9-5, 9-4)
T0342.294	referee	board_update
T0342.408	RED	turn_begin	41
T0347.798	RED	turn_end	41	PLACE(8-6, 8-5, 8-4, 8-3)
T0347.810	referee	board_update
T0347.874	BLUE	turn_begin	42
T0348.764	BLUE	turn_end	42	PLACE(10-0, 9-0, 10-1, 9-1)
T0348.769	referee	board_update
T0348.840	RED	turn_begin	43
T0350.709	RED	turn_end	43	PLACE(8-9, 8-8, 8-10, 8-7)
T0350.716	referee	board_update
T0350.780	BLUE	turn_begin	44
T0351.462	BLUE	turn_end	44	PLACE(3-4, 3-3, 3-2, 3-1)
T0351.469	referee	board_update
T0351.543	RED	turn_begin	45
T0353.528	RED	turn_end	45	PLACE(3-8, 3-7, 3-6, 3-5)
T0353.531	referee	board_update
T0353.623	BLUE	turn_begin	46
T0354.863	BLUE	turn_end	46	PLACE(8-0, 8-1, 8-2, 9-2)
T0354.872	referee	board_update
T0354.952	RED	turn_begin	47
T0357.056	RED	turn_end	47	PLACE(8-6, 8-5, 8-7, 8-4)
T0357.060	referee	board_update
T0357.127	BLUE	turn_begin	48
T0357.219	BLUE	turn_end	48	PLACE(3-0, 3-1, 3-2, 3-10)
T0357.223	referee	board_update
T0357.313	RED	turn_begin	49
T0364.429	RED	turn_end	49	PLACE(5-7, 5-6, 4-6, 4-5)
T0364.448	referee	board_update
T0364.537	BLUE	turn_begin	50
T0365.311	BLUE	turn_end	50	PLACE(9-3, 8-3, 8-2, 8-1)
T0365.313	referee	board_update
T0365.400	RED	turn_begin	51
T0367.445	RED	turn_end	51	PLACE(8-9, 9-9, 9-10, 9-0)
T0367.447	referee	board_update
T0367.512	BLUE	turn_begin	52
T0367.564	BLUE	turn_end	52	PLACE(8-1, 9-1, 9-2, 10-2)
T0367.570	referee	board_update
T0367.635	RED	turn_begin	53
T0371.339	RED	turn_end	53	PLACE(2-1, 1-1, 3-1, 0-1)
T0371.341	referee	board_update
T0371.375	BLUE	turn_begin	54
T0371.413	BLUE	turn_end	54	PLACE(9-5, 9-4, 9-6, 9-3)
T0371.417	referee	board_update
T0371.459	RED	turn_begin	55
T0371.510	RED	turn_end	55	PLACE(4-1, 5-1, 6-1, 7-1)
T0371.513	referee	board_update
T0371.666	referee	game_end	winner:RED
