T0000.001	referee	game_begin
T0000.008	RED	initialising
T0001.152	BLUE	initialising
T0002.482	RED	turn_begin	1
T0002.563	RED	turn_end	1	PLACE(1-0, 1-1, 2-1, 3-1)
T0002.583	referee	board_update
T0002.712	BLUE	turn_begin	2
T0002.767	BLUE	turn_end	2	PLACE(0-5, 0-4, 1-4, 1-3)
T0002.788	referee	board_update
T0002.940	RED	turn_begin	3
T0010.633	RED	turn_end	3	PLACE(0-0, 10-0, 0-1, 0-2)
T0010.638	referee	board_update
T0010.713	BLUE	turn_begin	4
T0010.738	BLUE	turn_end	4	PLACE(0-6, 1-6, 1-7, 1-8)
T0010.745	referee	board_update
T0010.822	RED	turn_begin	5
T0022.505	RED	turn_end	5	PLACE(2-0, 2-10, 1-10, 2-9)
T0022.513	referee	board_update
T0022.582	BLUE	turn_begin	6
T0022.601	BLUE	turn_end	6	PLACE(2-6, 2-5, 3-6, 2-4)
T0022.607	referee	board_update
T0022.676	RED	turn_begin	7
T0033.057	RED	turn_end	7	PLACE(4-1, 5-1, 4-2, 4-3)
T0033.061	referee	board_update
T0033.107	BLUE	turn_begin	8
T0033.161	BLUE	turn_end	8	PLACE(10-6, 10-7, 10-8, 0-8)
T0033.210	referee	board_update
T0033.304	RED	turn_begin	9
T0055.640	RED	turn_end	9	PLACE(3-0, 3-10, 3-9, 4-9)
T0055.666	referee	board_update
T0055.811	BLUE	turn_begin	10
T0055.876	BLUE	turn_end	10	PLACE(10-9, 0-9, 1-9, 0-10)
T0055.885	referee	board_update
T0056.102	RED	turn_begin	11
T0080.239	RED	turn_end	11	PLACE(3-2, 3-3, 3-4, 3-5)
T0080.244	referee	board_update
T0080.355	BLUE	turn_begin	12
T0080.423	BLUE	turn_end	12	PLACE(9-9, 8-9, 9-8, 8-10)
T0080.426	referee	board_update
T0080.525	RED	turn_begin	13
T0104.890	RED	turn_end	13	PLACE(10-1, 9-1, 8-1, 8-0)
T0104.899	referee	board_update
T0105.044	BLUE	turn_begin	14
T0105.223	BLUE	turn_end	14	PLACE(2-7, 3-7, 4-7, 4-6)
T0105.238	referee	board_update
T0105.421	RED	turn_begin	15
T0126.415	RED	turn_end	15	PLACE(10-2, 9-2, 9-3, 9-4)
T0126.425	referee	board_update
T0126.545	BLUE	turn_begin	16
T0126.609	BLUE	turn_end	16	PLACE(3-8, 4-8, 2-8, 5-8)
T0126.611	referee	board_update
T0126.705	RED	turn_begin	17
T0156.675	RED	turn_end	17	PLACE(3-1, 3-0, 3-2, 3-3)
T0156.678	referee	board_update
T0156.770	BLUE	turn_begin	18
T0156.873	BLUE	turn_end	18	PLACE(7-9, 6-9, 5-9, 5-10)
T0156.876	referee	board_update
T0157.023	RED	turn_begin	19
T0176.134	RED	turn_end	19	PLACE(4-0, 5-0, 6-0, 7-0)
T0176.136	referee	board_update
T0176.223	BLUE	turn_begin	20
T0176.300	BLUE	turn_end	20	PLACE(5-6, 5-7, 5-5, 4-5)
T0176.308	referee	board_update
T0176.421	RED	turn_begin	21
T0191.411	RED	turn_end	21	PLACE(6-1, 6-2, 5-2, 6-3)
T0191.413	referee	board_update
T0191.492	BLUE	turn_begin	22
T0191.982	BLUE	turn_end	22	PLACE(4-4, 5-4, 3-4, 6-4)
T0191.986	referee	board_update
T0192.075	RED	turn_begin	23
T0204.143	RED	turn_end	23	PLACE(8-2, 7-2, 7-3, 7-4)
T0204.148	referee	board_update
T0204.257	BLUE	turn_begin	24
T0204.779	BLUE	turn_end	24	PLACE(4-10, 3-10, 3-9, 3-8)
T0204.785	referee	board_update
T0204.937	RED	turn_begin	25
T0228.813	RED	turn_end	25	PLACE(10-10, 10-9, 9-9, 8-9)
T0228.826	referee	board_update
T0228.900	BLUE	turn_begin	26
T0228.988	BLUE	turn_end	26	PLACE(4-4, 4-3, 4-5, 4-2)
T0229.005	referee	board_update
T0229.157	RED	turn_begin	27
T0241.386	RED	turn_end	27	PLACE(8-3, 8-4, 8-5, 8-6)
T0241.389	referee	board_update
T0241.581	BLUE	turn_begin	28
T0241.726	BLUE	turn_end	28	PLACE(4-10, 4-0, 4-9, 4-8)
T0241.734	referee	board_update
T0241.898	RED	turn_begin	29
T0249.540	RED	turn_end	29	PLACE(7-10, 7-9, 6-9, 7-8)
T0249.548	referee	board_update
T0249.690	BLUE	turn_begin	30
T0250.021	BLUE	turn_end	30	PLACE(10-5, 10-4, 10-3, 9-5)
T0250.030	referee	board_update
T0250.203	RED	turn_begin	31
T0260.592	RED	turn_end	31	PLACE(10-1, 10-2, 10-3, 10-4)
T0260.599	referee	board_update
T0260.729	BLUE	turn_begin	32
T0260.786	BLUE	turn_end	32	PLACE(0-7, 10-7, 10-8, 9-7)
T0260.789	referee	board_update
T0260.867	RED	turn_begin	33
T0266.590	RED	turn_end	33	PLACE(2-2, 2-3, 2-4, 3-4)
T0266.595	referee	board_update
T0266.725	BLUE	turn_begin	34
T0266.808	BLUE	turn_end	34	PLACE(4-7, 4-6, 3-6, 3-5)
T0266.816	referee	board_update
T0266.937	RED	turn_begin	35
T0271.229	RED	turn_end	35	PLACE(9-4, 8-4, 7-4, 7-5)
T0271.231	referee	board_update
T0271.403	BLUE	turn_begin	36
T0271.761	BLUE	turn_end	36	PLACE(6-8, 6-7, 7-7, 8-7)
T0271.765	referee	board_update
T0271.955	RED	turn_begin	37
T0279.402	RED	turn_end	37	PLACE(9-0, 9-10, 10-10, 10-9)
T0279.406	referee	board_update
T0279.538	BLUE	turn_begin	38
T0279.634	BLUE	turn_end	38	PLACE(4-4, 5-4, 6-4, 5-3)
T0279.637	referee	board_update
T0279.737	RED	turn_begin	39
T0281.074	RED	turn_end	39	PLACE(2-9, 1-9, 3-9, 0-9)
T0281.081	referee	board_update
T0281.238	BLUE	turn_begin	40
T0282.232	BLUE	turn_end	40	PLACE(0-3, 0-4, 1-4, 2-4)
T0282.234	referee	board_update
T0282.383	RED	turn_begin	41
T0293.706	RED	turn_end	41	PLACE(0-0, 0-1, 0-2, 0-3)
T0293.742	referee	board_update
T0293.997	BLUE	turn_begin	42
T0294.782	BLUE	turn_end	42	PLACE(2-3, 2-2, 2-1, 2-4)
T0294.788	referee	board_update
T0294.954	RED	turn_begin	43
T0305.223	RED	turn_end	43	PLACE(9-3, 8-3, 10-3, 9-4)
T0305.226	referee	board_update
T0305.299	BLUE	turn_begin	44
T0305.390	BLUE	turn_end	44	PLACE(3-7, 2-7, 2-6, 2-5)
T0305.399	referee	board_update
T0305.480	RED	turn_begin	45
T0314.674	RED	turn_end	45	PLACE(3-3, 2-3, 4-3, 1-3)
T0314.682	referee	board_update
T0314.776	BLUE	turn_begin	46
T0314.867	BLUE	turn_end	46	PLACE(5-4, 4-4, 5-3, 3-4)
T0314.873	referee	board_update
T0314.991	RED	turn_begin	47
T0321.470	RED	turn_end	47	PLACE(2-0, 3-0, 3-10, 3-9)
T0321.473	referee	board_update
T0321.536	BLUE	turn_begin	48
T0321.578	BLUE	turn_end	48	PLACE(6-6, 7-6, 6-5, 6-4)
T0321.580	referee	board_update
T0321.655	RED	turn_begin	49
T0325.443	RED	turn_end	49	PLACE(0-3, 0-4, 10-4, 1-4)
T0325.448	referee	board_update
T0325.523	BLUE	turn_begin	50
T0325.596	BLUE	turn_end	50	PLACE(10-6, 9-6, 0-6, 0-7)
T0325.602	referee	board_update
T0325.694	RED	turn_begin	51
T0329.492	RED	turn_end	51	PLACE(9-1, 9-2, 9-3, 9-4)
T0329.500	referee	board_update
T0329.599	BLUE	turn_begin	52
T0329.760	BLUE	turn_end	52	PLACE(3-4, 3-5, 3-3, 3-2)
T0329.763	referee	board_update
T0329.871	RED	turn_begin	53
T0338.700	RED	turn_end	53	PLACE(9-9, 9-8, 9-7, 9-6)
T0338.709	referee	board_update
T0338.811	BLUE	turn_begin	54
T0339.468	BLUE	turn_end	54	PLACE(0-5, 1-5, 10-5, 9-5)
T0339.471	referee	board_update
T0339.570	RED	turn_begin	55
T0343.783	RED	turn_end	55	PLACE(8-5, 7-5, 8-4, 6-5)
T0343.789	referee	board_update
T0343.876	BLUE	turn_begin	56
T0344.125	BLUE	turn_end	56	PLACE(5-5, 4-5, 3-5, 2-5)
T0344.135	referee	board_update
T0344.333	RED	turn_begin	57
T0345.533	RED	turn_end	57	PLACE(2-9, 2-8, 3-8, 3-7)
T0345.539	referee	board_update
T0345.625	BLUE	turn_begin	58
T0346.281	BLUE	turn_end	58	PLACE(4-7, 5-7, 6-7, 3-7)
T0346.289	referee	board_update
T0346.460	RED	turn_begin	59
T0351.776	RED	turn_end	59	PLACE(2-7, 1-7, 0-7, 0-8)
T0351.782	referee	board_update
T0351.960	BLUE	turn_begin	60
T0352.640	BLUE	turn_end	60	PLACE(10-7, 9-7, 8-7, 8-8)
T0352.653	referee	board_update
T0352.866	RED	turn_begin	61
T0355.920	RED	turn_end	61	PLACE(8-0, 9-0, 8-10, 8-9)
T0355.937	referee	board_update
T0356.019	BLUE	turn_begin	62
T0356.080	BLUE	turn_end	62	PLACE(6-8, 7-8, 7-7, 8-8)
T0356.084	referee	board_update
T0356.153	RED	turn_begin	63
T0357.880	RED	turn_end	63	PLACE(8-2, 8-3, 7-3, 8-4)
T0357.882	referee	board_update
T0357.955	BLUE	turn_begin	64
T0358.167	BLUE	turn_end	64	PLACE(9-8, 10-8, 0-8, 1-8)
T0358.171	referee	board_update
T0358.229	RED	turn_begin	65
T0359.397	RED	turn_end	65	PLACE(10-5, 9-5, 8-5, 8-6)
T0359.402	referee	board_update
T0359.464	BLUE	turn_begin	66
T0359.554	BLUE	turn_end	66	PLACE(5-9, 5-8, 4-8, 3-8)
T0359.556	referee	board_update
T0359.629	RED	turn_begin	67
T0362.037	RED	turn_end	67	PLACE(5-0, 5-10, 5-1, 6-10)
T0362.046	referee	board_update
T0362.130	BLUE	turn_begin	68
T0362.836	BLUE	turn_end	68	PLACE(5-6, 5-5, 5-7, 5-4)
T0362.850	referee	board_update
T0363.152	referee	game_end	winner:BLUE
