T0000.004	referee	game_begin
T0000.020	RED	initialising
T0001.167	BLUE	initialising
T0002.922	RED	turn_begin	1
T0003.010	RED	turn_end	1	PLACE(5-1, 5-2, 4-2, 4-3)
T0003.039	referee	board_update
T0003.360	BLUE	turn_begin	2
T0003.564	BLUE	turn_end	2	PLACE(8-1, 8-0, 8-2, 7-1)
T0003.593	referee	board_update
T0003.797	RED	turn_begin	3
T0028.721	RED	turn_end	3	PLACE(3-3, 2-3, 1-3, 0-3)
T0028.726	referee	board_update
T0028.782	BLUE	turn_begin	4
T0028.807	BLUE	turn_end	4	PLACE(9-2, 9-3, 9-1, 10-3)
T0028.808	referee	board_update
T0028.867	RED	turn_begin	5
T0048.321	RED	turn_end	5	PLACE(5-3, 6-3, 7-3, 7-4)
T0048.331	referee	board_update
T0048.442	BLUE	turn_begin	6
T0048.664	BLUE	turn_end	6	PLACE(8-3, 8-4, 8-5, 9-5)
T0048.669	referee	board_update
T0048.763	RED	turn_begin	7
T0094.856	RED	turn_end	7	PLACE(4-1, 4-0, 3-0, 5-0)
T0094.858	referee	board_update
T0094.954	BLUE	turn_begin	8
T0095.007	BLUE	turn_end	8	PLACE(8-3, 9-3, 7-3, 7-2)
T0095.021	referee	board_update
T0095.110	RED	turn_begin	9
T0133.628	RED	turn_end	9	PLACE(6-1, 6-0, 6-10, 7-10)
T0133.641	referee	board_update
T0133.739	BLUE	turn_begin	10
T0133.839	BLUE	turn_end	10	PLACE(10-2, 0-2, 0-1, 0-3)
T0133.841	referee	board_update
T0133.928	RED	turn_begin	11
T0171.375	RED	turn_end	11	PLACE(3-2, 2-2, 1-2, 1-3)
T0171.377	referee	board_update
T0171.493	BLUE	turn_begin	12
T0171.526	BLUE	turn_end	12	PLACE(0-4, 0-5, 1-4, 10-4)
T0171.529	referee	board_update
T0171.610	RED	turn_begin	13
T0205.938	RED	turn_end	13	PLACE(4-3, 3-3, 3-4, 2-4)
T0205.941	referee	board_update
T0206.027	BLUE	turn_begin	14
T0206.078	BLUE	turn_end	14	PLACE(9-0, 9-10, 10-0, 0-0)
T0206.084	referee	board_update
T0206.175	RED	turn_begin	15
T0255.357	RED	turn_end	15	PLACE(6-4, 5-4, 6-3, 6-5)
T0255.360	referee	board_update
T0255.501	BLUE	turn_begin	16
T0255.626	BLUE	turn_end	16	PLACE(10-10, 10-9, 9-9, 0-10)
T0255.634	referee	board_update
T0255.800	RED	turn_begin	17
T0282.163	RED	turn_end	17	PLACE(7-5, 7-6, 8-6, 9-6)
T0282.173	referee	board_update
T0282.238	BLUE	turn_begin	18
T0282.486	BLUE	turn_end	18	PLACE(1-10, 2-10, 1-0, 2-0)
T0282.489	referee	board_update
T0282.580	RED	turn_begin	19
T0303.380	RED	turn_end	19	PLACE(5-10, 5-9, 4-9, 3-9)
T0303.383	referee	board_update
T0303.534	BLUE	turn_begin	20
T0303.558	BLUE	turn_end	20	PLACE(8-9, 7-9, 7-8, 8-10)
T0303.563	referee	board_update
T0303.625	RED	turn_begin	21
T0314.078	RED	turn_end	21	PLACE(2-5, 1-5, 1-6, 1-7)
T0314.082	referee	board_update
T0314.169	BLUE	turn_begin	22
T0314.289	BLUE	turn_end	22	PLACE(6-9, 6-8, 6-7, 6-6)
T0314.294	referee	board_update
T0314.643	RED	turn_begin	23
T0326.094	RED	turn_end	23	PLACE(3-5, 4-5, 4-6, 4-7)
T0326.096	referee	board_update
T0326.158	BLUE	turn_begin	24
T0326.268	BLUE	turn_end	24	PLACE(0-6, 10-6, 10-7, 10-8)
T0326.275	referee	board_update
T0326.411	RED	turn_begin	25
T0336.507	RED	turn_end	25	PLACE(4-8, 3-8, 2-8, 1-8)
T0336.510	referee	board_update
T0336.596	BLUE	turn_begin	26
T0336.696	BLUE	turn_end	26	PLACE(7-7, 8-7, 9-7, 9-8)
T0336.698	referee	board_update
T0336.784	RED	turn_begin	27
T0337.821	RED	turn_end	27	PLACE(5-5, 5-6, 5-7, 5-8)
T0337.827	referee	board_update
T0337.937	BLUE	turn_begin	28
T0348.058	BLUE	turn_end	28	PLACE(0-9, 1-9, 0-8, 2-9)
T0348.062	referee	board_update
T0348.225	RED	turn_begin	29
T0374.334	RED	turn_end	29	PLACE(7-9, 6-9, 8-9, 9-9)
T0374.348	referee	board_update
T0374.450	BLUE	turn_begin	30
T0376.017	BLUE	turn_end	30	PLACE(3-10, 3-9, 2-9, 1-9)
T0376.019	referee	board_update
T0376.110	RED	turn_begin	31
T0376.300	RED	turn_end	31	PLACE(2-6, 3-6, 2-7, 3-7)
T0376.302	referee	board_update
T0376.379	BLUE	turn_begin	32
T0377.211	BLUE	turn_end	32	PLACE(6-6, 5-6, 7-6, 8-6)
T0377.213	referee	board_update
T0377.290	RED	turn_begin	33
T0378.307	RED	turn_end	33	PLACE(1-6, 0-6, 2-6, 10-6)
T0378.310	referee	board_update
T0378.722	referee	game_end	winner:RED
