T0000.001	referee	game_begin
T0000.019	RED	initialising
T0001.450	BLUE	initialising
T0004.271	RED	turn_begin	1
T0004.299	RED	turn_end	1	PLACE(0-4, 1-4, 0-5, 0-3)
T0004.304	referee	board_update
T0004.399	BLUE	turn_begin	2
T0004.473	BLUE	turn_end	2	PLACE(1-10, 1-0, 0-0, 10-0)
T0004.482	referee	board_update
T0004.581	RED	turn_begin	3
T0029.610	RED	turn_end	3	PLACE(10-3, 9-3, 9-2, 9-1)
T0029.623	referee	board_update
T0029.735	BLUE	turn_begin	4
T0029.776	BLUE	turn_end	4	PLACE(2-0, 2-1, 1-1, 1-2)
T0029.783	referee	board_update
T0029.885	RED	turn_begin	5
T0051.062	RED	turn_end	5	PLACE(1-3, 2-3, 2-2, 3-2)
T0051.065	referee	board_update
T0051.184	BLUE	turn_begin	6
T0051.249	BLUE	turn_end	6	PLACE(9-0, 9-10, 8-10, 9-9)
T0051.277	referee	board_update
T0051.411	RED	turn_begin	7
T0084.418	RED	turn_end	7	PLACE(10-4, 10-5, 10-6, 10-7)
T0084.427	referee	board_update
T0084.591	BLUE	turn_begin	8
T0084.757	BLUE	turn_end	8	PLACE(0-10, 10-10, 0-9, 1-9)
T0084.760	referee	board_update
T0085.007	RED	turn_begin	9
T0123.337	RED	turn_end	9	PLACE(2-4, 2-5, 1-5, 1-6)
T0123.346	referee	board_update
T0123.451	BLUE	turn_begin	10
T0123.513	BLUE	turn_end	10	PLACE(1-8, 0-8, 2-8, 3-8)
T0123.520	referee	board_update
T0123.658	RED	turn_begin	11
T0174.089	RED	turn_end	11	PLACE(8-1, 7-1, 7-0, 7-10)
T0174.091	referee	board_update
T0174.214	BLUE	turn_begin	12
T0174.293	BLUE	turn_end	12	PLACE(9-8, 9-7, 9-6, 8-6)
T0174.295	referee	board_update
T0174.435	RED	turn_begin	13
T0222.907	RED	turn_end	13	PLACE(8-2, 8-3, 8-4, 8-5)
T0222.952	referee	board_update
T0223.040	BLUE	turn_begin	14
T0223.104	BLUE	turn_end	14	PLACE(3-9, 4-9, 4-8, 4-10)
T0223.114	referee	board_update
T0223.228	RED	turn_begin	15
T0264.827	RED	turn_end	15	PLACE(3-3, 4-3, 4-2, 4-1)
T0264.840	referee	board_update
T0264.983	BLUE	turn_begin	16
T0265.122	BLUE	turn_end	16	PLACE(0-2, 10-2, 10-1, 0-1)
T0265.142	referee	board_update
T0265.253	RED	turn_begin	17
T0290.540	RED	turn_end	17	PLACE(2-6, 3-6, 4-6, 5-6)
T0290.544	referee	board_update
T0290.682	BLUE	turn_begin	18
T0290.783	BLUE	turn_end	18	PLACE(2-10, 2-9, 3-10, 3-0)
T0290.786	referee	board_update
T0290.933	RED	turn_begin	19
T0317.155	RED	turn_end	19	PLACE(3-5, 4-5, 5-5, 6-5)
T0317.161	referee	board_update
T0317.377	BLUE	turn_begin	20
T0317.539	BLUE	turn_end	20	PLACE(2-7, 1-7, 3-7, 0-7)
T0317.556	referee	board_update
T0317.679	RED	turn_begin	21
T0358.352	RED	turn_end	21	PLACE(1-3, 1-2, 1-1, 1-0)
T0358.358	referee	board_update
T0358.489	BLUE	turn_begin	22
T0358.569	BLUE	turn_end	22	PLACE(7-6, 7-7, 7-5, 7-8)
T0358.613	referee	board_update
T0358.842	RED	turn_begin	23
T0384.423	RED	turn_end	23	PLACE(1-5, 2-5, 1-6, 1-7)
T0384.435	referee	board_update
T0384.691	BLUE	turn_begin	24
T0384.938	BLUE	turn_end	24	PLACE(7-9, 8-9, 8-8, 8-7)
T0384.942	referee	board_update
T0385.190	RED	turn_begin	25
T0396.485	RED	turn_end	25	PLACE(6-10, 5-10, 5-9, 5-8)
T0396.495	referee	board_update
T0396.603	BLUE	turn_begin	26
T0396.672	BLUE	turn_end	26	PLACE(2-0, 2-1, 2-2, 2-3)
T0396.680	referee	board_update
T0396.793	RED	turn_begin	27
T0401.013	RED	turn_end	27	PLACE(6-1, 5-1, 6-2, 6-3)
T0401.023	referee	board_update
T0401.140	BLUE	turn_begin	28
T0401.913	BLUE	turn_end	28	PLACE(1-8, 2-8, 1-9, 2-9)
T0401.918	referee	board_update
T0402.061	RED	turn_begin	29
T0405.548	RED	turn_end	29	PLACE(7-3, 7-4, 6-4, 5-4)
T0405.550	referee	board_update
T0406.642	BLUE	turn_begin	30
T0409.526	BLUE	turn_end	30	PLACE(6-6, 6-7, 6-8, 5-7)
T0409.536	referee	board_update
T0409.716	RED	turn_begin	31
T0410.089	RED	turn_end	31	PLACE(1-4, 2-4, 3-4, 4-4)
T0410.092	referee	board_update
T0410.464	referee	game_end	winner:RED
