T0000.001	referee	game_begin
T0000.019	RED	initialising
T0001.193	BLUE	initialising
T0002.303	RED	turn_begin	1
T0002.377	RED	turn_end	1	PLACE(8-5, 8-4, 9-4, 7-5)
T0002.394	referee	board_update
T0002.528	BLUE	turn_begin	2
T0002.609	BLUE	turn_end	2	PLACE(8-7, 9-7, 8-6, 8-8)
T0002.619	referee	board_update
T0002.791	RED	turn_begin	3
T0007.582	RED	turn_end	3	PLACE(6-5, 5-5, 6-6, 7-6)
T0007.586	referee	board_update
T0007.659	BLUE	turn_begin	4
T0007.697	BLUE	turn_end	4	PLACE(7-7, 7-8, 7-9, 6-8)
T0007.701	referee	board_update
T0007.784	RED	turn_begin	5
T0013.657	RED	turn_end	5	PLACE(7-4, 6-4, 7-3, 7-2)
T0013.662	referee	board_update
T0013.740	BLUE	turn_begin	6
T0013.802	BLUE	turn_end	6	PLACE(6-9, 6-10, 5-10, 6-0)
T0013.805	referee	board_update
T0013.902	RED	turn_begin	7
T0035.597	RED	turn_end	7	PLACE(8-3, 8-2, 9-2, 8-1)
T0035.606	referee	board_update
T0035.778	BLUE	turn_begin	8
T0035.922	BLUE	turn_end	8	PLACE(5-0, 5-1, 5-2, 4-0)
T0035.931	referee	board_update
T0036.326	RED	turn_begin	9
T0055.283	RED	turn_end	9	PLACE(9-5, 10-5, 0-5, 10-6)
T0055.307	referee	board_update
T0055.427	BLUE	turn_begin	10
T0055.484	BLUE	turn_end	10	PLACE(7-10, 7-0, 8-10, 7-1)
T0055.491	referee	board_update
T0055.590	RED	turn_begin	11
T0076.727	RED	turn_end	11	PLACE(7-4, 7-3, 6-3, 5-3)
T0076.758	referee	board_update
T0076.839	BLUE	turn_begin	12
T0076.892	BLUE	turn_end	12	PLACE(7-6, 7-7, 7-5, 6-7)
T0076.898	referee	board_update
T0077.026	RED	turn_begin	13
T0096.541	RED	turn_end	13	PLACE(10-4, 0-4, 0-3, 0-2)
T0096.545	referee	board_update
T0096.657	BLUE	turn_begin	14
T0096.763	BLUE	turn_end	14	PLACE(6-1, 6-2, 7-1, 7-0)
T0096.765	referee	board_update
T0096.856	RED	turn_begin	15
T0128.047	RED	turn_end	15	PLACE(4-5, 3-5, 4-4, 4-3)
T0128.053	referee	board_update
T0128.161	BLUE	turn_begin	16
T0128.249	BLUE	turn_end	16	PLACE(6-7, 5-7, 6-8, 7-8)
T0128.262	referee	board_update
T0128.371	RED	turn_begin	17
T0148.528	RED	turn_end	17	PLACE(5-6, 4-6, 6-6, 4-7)
T0148.543	referee	board_update
T0148.692	BLUE	turn_begin	18
T0148.969	BLUE	turn_end	18	PLACE(6-5, 6-4, 5-4, 6-3)
T0148.979	referee	board_update
T0149.101	RED	turn_begin	19
T0164.093	RED	turn_end	19	PLACE(10-2, 10-1, 9-1, 9-0)
T0164.095	referee	board_update
T0164.164	BLUE	turn_begin	20
T0164.272	BLUE	turn_end	20	PLACE(4-1, 4-2, 3-2, 3-3)
T0164.274	referee	board_update
T0164.377	RED	turn_begin	21
T0180.425	RED	turn_end	21	PLACE(0-6, 1-6, 0-7, 10-7)
T0180.428	referee	board_update
T0180.588	BLUE	turn_begin	22
T0180.702	BLUE	turn_end	22	PLACE(6-9, 5-9, 7-9, 8-9)
T0180.708	referee	board_update
T0180.875	RED	turn_begin	23
T0192.534	RED	turn_end	23	PLACE(1-5, 1-4, 2-4, 1-3)
T0192.546	referee	board_update
T0192.666	BLUE	turn_begin	24
T0193.089	BLUE	turn_end	24	PLACE(3-0, 2-0, 2-10, 3-10)
T0193.093	referee	board_update
T0193.189	RED	turn_begin	25
T0203.107	RED	turn_end	25	PLACE(1-2, 1-1, 0-1, 0-0)
T0203.150	referee	board_update
T0203.616	BLUE	turn_begin	26
T0203.706	BLUE	turn_end	26	PLACE(9-9, 9-10, 10-10, 10-9)
T0203.708	referee	board_update
T0204.028	RED	turn_begin	27
T0213.970	RED	turn_end	27	PLACE(3-6, 2-6, 2-7, 2-8)
T0213.976	referee	board_update
T0214.089	BLUE	turn_begin	28
T0214.792	BLUE	turn_end	28	PLACE(9-8, 10-8, 0-8, 1-8)
T0214.820	referee	board_update
T0214.971	RED	turn_begin	29
T0219.222	RED	turn_end	29	PLACE(3-7, 3-8, 3-9, 2-9)
T0229.089	referee	board_update
T0229.247	BLUE	turn_begin	30
T0232.824	BLUE	turn_end	30	PLACE(1-0, 1-10, 0-10, 1-9)
T0232.828	referee	board_update
T0233.028	RED	turn_begin	31
T0241.384	RED	turn_end	31	PLACE(7-2, 6-2, 6-1, 6-0)
T0241.421	referee	board_update
T0241.585	BLUE	turn_begin	32
T0247.137	BLUE	turn_end	32	PLACE(2-3, 2-2, 2-1, 3-1)
T0247.148	referee	board_update
T0247.282	RED	turn_begin	33
T0264.556	RED	turn_end	33	PLACE(9-3, 9-2, 8-2, 8-1)
T0264.573	referee	board_update
T0264.704	BLUE	turn_begin	34
T0264.836	BLUE	turn_end	34	PLACE(5-8, 4-8, 4-9, 4-10)
T0264.842	referee	board_update
T0264.991	RED	turn_begin	35
T0271.455	RED	turn_end	35	PLACE(5-2, 4-2, 3-2, 2-2)
T0271.464	referee	board_update
T0271.706	BLUE	turn_begin	36
T0272.351	BLUE	turn_end	36	PLACE(1-8, 2-8, 0-8, 3-8)
T0272.374	referee	board_update
T0272.600	RED	turn_begin	37
T0274.960	RED	turn_end	37	PLACE(0-2, 10-2, 1-2, 0-1)
T0274.980	referee	board_update
T0275.084	BLUE	turn_begin	38
T0275.150	BLUE	turn_end	38	PLACE(7-1, 7-2, 6-1, 6-2)
T0275.152	referee	board_update
T0275.254	RED	turn_begin	39
T0278.456	RED	turn_end	39	PLACE(5-2, 4-2, 6-2, 5-1)
T0278.463	referee	board_update
T0278.532	BLUE	turn_begin	40
T0278.606	BLUE	turn_end	40	PLACE(9-8, 8-8, 7-8, 6-8)
T0278.614	referee	board_update
T0278.704	RED	turn_begin	41
T0280.667	RED	turn_end	41	PLACE(8-2, 9-2, 10-2, 0-2)
T0280.671	referee	board_update
T0280.882	BLUE	turn_begin	42
T0284.418	BLUE	turn_end	42	PLACE(1-1, 2-1, 1-2, 2-2)
T0284.425	referee	board_update
T0284.830	referee	game_end	winner:BLUE
