T0000.001	referee	game_begin
T0000.019	RED	initialising
T0002.994	BLUE	initialising
T0004.914	RED	turn_begin	1
T0004.961	RED	turn_end	1	PLACE(3-3, 3-2, 4-3, 4-4)
T0004.972	referee	board_update
T0005.114	BLUE	turn_begin	2
T0005.179	BLUE	turn_end	2	PLACE(3-9, 4-9, 4-8, 4-10)
T0005.188	referee	board_update
T0005.281	RED	turn_begin	3
T0025.681	RED	turn_end	3	PLACE(3-4, 2-4, 3-5, 3-6)
T0025.700	referee	board_update
T0026.014	BLUE	turn_begin	4
T0026.092	BLUE	turn_end	4	PLACE(5-9, 5-10, 6-9, 5-8)
T0026.095	referee	board_update
T0026.394	RED	turn_begin	5
T0048.301	RED	turn_end	5	PLACE(5-4, 6-4, 5-5, 5-6)
T0048.307	referee	board_update
T0048.435	BLUE	turn_begin	6
T0048.489	BLUE	turn_end	6	PLACE(2-9, 1-9, 2-8, 2-10)
T0048.492	referee	board_update
T0048.574	RED	turn_begin	7
T0076.227	RED	turn_end	7	PLACE(2-2, 1-2, 2-1, 2-0)
T0076.236	referee	board_update
T0076.381	BLUE	turn_begin	8
T0076.473	BLUE	turn_end	8	PLACE(3-10, 3-0, 4-0, 4-1)
T0076.476	referee	board_update
T0076.585	RED	turn_begin	9
T0091.654	RED	turn_end	9	PLACE(4-2, 5-2, 5-1, 5-0)
T0091.664	referee	board_update
T0091.830	BLUE	turn_begin	10
T0091.895	BLUE	turn_end	10	PLACE(0-9, 10-9, 10-8, 9-9)
T0091.898	referee	board_update
T0092.057	RED	turn_begin	11
T0119.442	RED	turn_end	11	PLACE(2-3, 1-3, 1-4, 1-5)
T0119.444	referee	board_update
T0119.546	BLUE	turn_begin	12
T0119.659	BLUE	turn_end	12	PLACE(7-9, 8-9, 8-8, 8-10)
T0119.661	referee	board_update
T0119.750	RED	turn_begin	13
T0169.580	RED	turn_end	13	PLACE(2-5, 2-6, 2-7, 1-7)
T0169.598	referee	board_update
T0169.694	BLUE	turn_begin	14
T0169.751	BLUE	turn_end	14	PLACE(9-8, 9-7, 9-6, 8-7)
T0169.754	referee	board_update
T0169.881	RED	turn_begin	15
T0222.416	RED	turn_end	15	PLACE(4-6, 4-7, 5-7, 6-7)
T0222.421	referee	board_update
T0222.529	BLUE	turn_begin	16
T0222.624	BLUE	turn_end	16	PLACE(8-0, 8-1, 9-1, 9-0)
T0222.625	referee	board_update
T0222.727	RED	turn_begin	17
T0273.825	RED	turn_end	17	PLACE(6-5, 7-5, 8-5, 7-4)
T0273.836	referee	board_update
T0273.939	BLUE	turn_begin	18
T0273.990	BLUE	turn_end	18	PLACE(7-1, 7-2, 7-0, 7-3)
T0274.010	referee	board_update
T0274.082	RED	turn_begin	19
T0290.123	RED	turn_end	19	PLACE(0-2, 10-2, 0-1, 0-0)
T0290.127	referee	board_update
T0290.193	BLUE	turn_begin	20
T0290.246	BLUE	turn_end	20	PLACE(1-8, 0-8, 1-9, 2-9)
T0290.248	referee	board_update
T0290.290	RED	turn_begin	21
T0298.737	RED	turn_end	21	PLACE(2-2, 2-1, 2-0, 2-10)
T0298.753	referee	board_update
T0298.824	BLUE	turn_begin	22
T0298.847	BLUE	turn_end	22	PLACE(8-3, 8-4, 8-2, 9-2)
T0298.853	referee	board_update
T0298.899	RED	turn_begin	23
T0304.772	RED	turn_end	23	PLACE(2-6, 1-6, 0-6, 10-6)
T0304.776	referee	board_update
T0304.802	BLUE	turn_begin	24
T0304.831	BLUE	turn_end	24	PLACE(3-9, 4-9, 3-8, 3-7)
T0304.833	referee	board_update
T0304.860	RED	turn_begin	25
T0307.560	RED	turn_end	25	PLACE(6-0, 6-10, 6-9, 7-9)
T0307.564	referee	board_update
T0307.596	BLUE	turn_begin	26
T0307.631	BLUE	turn_end	26	PLACE(6-8, 7-8, 7-7, 7-6)
T0307.634	referee	board_update
T0307.663	RED	turn_begin	27
T0308.876	RED	turn_end	27	PLACE(0-3, 0-4, 10-4, 9-4)
T0308.879	referee	board_update
T0308.908	BLUE	turn_begin	28
T0308.931	BLUE	turn_end	28	PLACE(10-9, 10-10, 0-9, 10-0)
T0308.940	referee	board_update
T0308.998	RED	turn_begin	29
T0309.261	RED	turn_end	29	PLACE(5-3, 6-3, 6-2, 6-1)
T0309.263	referee	board_update
T0309.294	BLUE	turn_begin	30
T0309.493	BLUE	turn_end	30	PLACE(3-1, 3-2, 4-2, 5-2)
T0309.505	referee	board_update
T0309.550	RED	turn_begin	31
T0311.625	RED	turn_end	31	PLACE(3-4, 3-3, 3-5, 3-2)
T0311.627	referee	board_update
T0311.659	BLUE	turn_begin	32
T0311.934	BLUE	turn_end	32	PLACE(3-10, 3-0, 3-1, 3-9)
T0311.936	referee	board_update
T0311.969	RED	turn_begin	33
T0312.869	RED	turn_end	33	PLACE(1-2, 0-2, 10-2, 9-2)
T0312.872	referee	board_update
T0312.899	BLUE	turn_begin	34
T0313.104	BLUE	turn_end	34	PLACE(0-10, 1-10, 1-0, 1-1)
T0313.109	referee	board_update
T0313.143	RED	turn_begin	35
T0314.483	RED	turn_end	35	PLACE(3-7, 2-7, 1-7, 2-8)
T0314.485	referee	board_update
T0314.516	BLUE	turn_begin	36
T0314.672	BLUE	turn_end	36	PLACE(7-10, 7-0, 6-0, 8-0)
T0314.674	referee	board_update
T0314.711	RED	turn_begin	37
T0317.134	RED	turn_end	37	PLACE(10-1, 10-0, 0-0, 1-0)
T0317.136	referee	board_update
T0317.167	BLUE	turn_begin	38
T0317.220	BLUE	turn_end	38	PLACE(4-0, 5-0, 3-0, 2-0)
T0317.222	referee	board_update
T0317.247	RED	turn_begin	39
T0320.325	RED	turn_end	39	PLACE(1-10, 1-9, 2-9, 1-8)
T0320.328	referee	board_update
T0320.356	BLUE	turn_begin	40
T0320.421	BLUE	turn_end	40	PLACE(9-9, 9-10, 9-0, 8-9)
T0320.424	referee	board_update
T0320.452	RED	turn_begin	41
T0322.566	RED	turn_end	41	PLACE(5-0, 4-0, 5-10, 3-0)
T0322.570	referee	board_update
T0322.602	BLUE	turn_begin	42
T0322.899	BLUE	turn_end	42	PLACE(9-10, 8-10, 8-0, 9-0)
T0322.903	referee	board_update
T0322.937	RED	turn_begin	43
T0324.412	RED	turn_end	43	PLACE(9-5, 10-5, 0-5, 1-5)
T0324.415	referee	board_update
T0324.447	BLUE	turn_begin	44
T0325.543	BLUE	turn_end	44	PLACE(10-10, 10-0, 0-0, 0-10)
T0325.547	referee	board_update
T0325.577	RED	turn_begin	45
T0326.798	RED	turn_end	45	PLACE(2-0, 1-0, 2-10, 1-10)
T0326.802	referee	board_update
T0326.844	BLUE	turn_begin	46
T0327.558	BLUE	turn_end	46	PLACE(7-10, 6-10, 7-0, 6-0)
T0327.560	referee	board_update
T0327.610	RED	turn_begin	47
T0329.610	RED	turn_end	47	PLACE(5-0, 4-0, 3-0, 2-0)
T0329.613	referee	board_update
T0329.645	BLUE	turn_begin	48
T0331.531	BLUE	turn_end	48	PLACE(6-0, 7-0, 8-0, 9-0)
T0331.533	referee	board_update
T0331.565	RED	turn_begin	49
T0333.529	RED	turn_end	49	PLACE(2-2, 1-2, 1-3, 1-4)
T0333.534	referee	board_update
T0333.576	BLUE	turn_begin	50
T0333.970	BLUE	turn_end	50	PLACE(10-0, 0-0, 1-0, 1-1)
T0333.973	referee	board_update
T0334.004	RED	turn_begin	51
T0335.866	RED	turn_end	51	PLACE(6-2, 6-1, 5-1, 7-1)
T0335.872	referee	board_update
T0335.895	BLUE	turn_begin	52
T0335.909	BLUE	turn_end	52	PLACE(0-0, 1-0, 2-0, 0-1)
T0335.911	referee	board_update
T0335.934	RED	turn_begin	53
T0336.589	RED	turn_end	53	PLACE(3-1, 3-0, 4-0, 5-0)
T0336.599	referee	board_update
T0336.655	BLUE	turn_begin	54
T0336.717	BLUE	turn_end	54	PLACE(6-0, 7-0, 8-0, 8-1)
T0336.719	referee	board_update
T0336.761	RED	turn_begin	55
T0336.850	RED	turn_end	55	PLACE(9-1, 10-1, 9-0, 10-0)
T0336.852	referee	board_update
T0336.879	BLUE	turn_begin	56
T0337.011	BLUE	turn_end	56	PLACE(4-10, 3-10, 3-0, 2-0)
T0337.015	referee	board_update
T0337.042	RED	turn_begin	57
T0338.437	RED	turn_end	57	PLACE(7-10, 6-10, 8-10, 5-10)
T0338.439	referee	board_update
T0338.464	BLUE	turn_begin	58
T0338.716	BLUE	turn_end	58	PLACE(1-0, 1-1, 0-0, 0-10)
T0338.718	referee	board_update
T0338.745	RED	turn_begin	59
T0339.572	RED	turn_end	59	PLACE(5-0, 4-0, 4-10, 3-10)
T0339.575	referee	board_update
T0339.603	BLUE	turn_begin	60
T0340.875	BLUE	turn_end	60	PLACE(9-10, 9-0, 10-0, 10-10)
T0340.878	referee	board_update
T0340.993	referee	game_end	winner:BLUE
