T0000.001	referee	game_begin
T0000.006	RED	initialising
T0001.462	BLUE	initialising
T0003.882	RED	turn_begin	1
T0003.953	RED	turn_end	1	PLACE(7-4, 8-4, 7-5, 6-4)
T0003.957	referee	board_update
T0004.118	BLUE	turn_begin	2
T0004.151	BLUE	turn_end	2	PLACE(4-2, 4-3, 5-2, 4-4)
T0004.153	referee	board_update
T0004.268	RED	turn_begin	3
T0019.319	RED	turn_end	3	PLACE(7-3, 6-3, 6-2, 6-1)
T0019.348	referee	board_update
T0019.503	BLUE	turn_begin	4
T0019.618	BLUE	turn_end	4	PLACE(5-3, 5-4, 5-5, 6-5)
T0019.624	referee	board_update
T0019.715	RED	turn_begin	5
T0035.502	RED	turn_end	5	PLACE(8-5, 9-5, 8-6, 7-6)
T0035.505	referee	board_update
T0035.579	BLUE	turn_begin	6
T0035.630	BLUE	turn_end	6	PLACE(4-5, 4-6, 3-6, 3-5)
T0035.632	referee	board_update
T0035.718	RED	turn_begin	7
T0054.404	RED	turn_end	7	PLACE(9-4, 10-4, 0-4, 1-4)
T0054.407	referee	board_update
T0054.542	BLUE	turn_begin	8
T0054.643	BLUE	turn_end	8	PLACE(5-1, 5-0, 4-0, 4-10)
T0054.651	referee	board_update
T0054.768	RED	turn_begin	9
T0091.119	RED	turn_end	9	PLACE(8-3, 8-2, 7-2, 7-1)
T0091.124	referee	board_update
T0091.274	BLUE	turn_begin	10
T0091.339	BLUE	turn_end	10	PLACE(5-6, 5-7, 6-7, 5-8)
T0091.344	referee	board_update
T0091.454	RED	turn_begin	11
T0115.099	RED	turn_end	11	PLACE(6-0, 6-10, 5-10, 6-9)
T0115.106	referee	board_update
T0115.208	BLUE	turn_begin	12
T0115.295	BLUE	turn_end	12	PLACE(2-5, 1-5, 0-5, 2-4)
T0115.302	referee	board_update
T0115.442	RED	turn_begin	13
T0134.667	RED	turn_end	13	PLACE(9-6, 10-6, 9-7, 0-6)
T0134.671	referee	board_update
T0134.715	BLUE	turn_begin	14
T0134.826	BLUE	turn_end	14	PLACE(4-8, 4-7, 4-9, 3-7)
T0134.830	referee	board_update
T0134.943	RED	turn_begin	15
T0148.363	RED	turn_end	15	PLACE(7-7, 7-8, 7-9, 7-10)
T0148.373	referee	board_update
T0148.443	BLUE	turn_begin	16
T0148.762	BLUE	turn_end	16	PLACE(3-9, 3-10, 3-0, 3-8)
T0148.769	referee	board_update
T0148.882	RED	turn_begin	17
T0162.288	RED	turn_end	17	PLACE(10-3, 9-3, 0-3, 1-3)
T0162.291	referee	board_update
T0162.415	BLUE	turn_begin	18
T0162.520	BLUE	turn_end	18	PLACE(4-1, 3-1, 2-1, 1-1)
T0162.522	referee	board_update
T0162.638	RED	turn_begin	19
T0179.794	RED	turn_end	19	PLACE(9-2, 10-2, 0-2, 0-1)
T0179.798	referee	board_update
T0179.870	BLUE	turn_begin	20
T0179.935	BLUE	turn_end	20	PLACE(2-2, 2-3, 3-2, 4-2)
T0179.942	referee	board_update
T0180.005	RED	turn_begin	21
T0192.168	RED	turn_end	21	PLACE(8-1, 9-1, 9-0, 10-0)
T0192.186	referee	board_update
T0192.398	BLUE	turn_begin	22
T0193.257	BLUE	turn_end	22	PLACE(4-1, 4-0, 4-10, 4-9)
T0193.263	referee	board_update
T0193.387	RED	turn_begin	23
T0201.697	RED	turn_end	23	PLACE(10-7, 0-7, 1-7, 0-8)
T0201.700	referee	board_update
T0201.811	BLUE	turn_begin	24
T0201.863	BLUE	turn_end	24	PLACE(2-10, 2-0, 2-9, 1-0)
T0201.874	referee	board_update
T0201.969	RED	turn_begin	25
T0205.318	RED	turn_end	25	PLACE(9-8, 8-8, 9-9, 10-9)
T0205.324	referee	board_update
T0205.384	BLUE	turn_begin	26
T0206.005	BLUE	turn_end	26	PLACE(2-8, 2-7, 1-8, 1-9)
T0206.017	referee	board_update
T0206.154	RED	turn_begin	27
T0208.678	RED	turn_end	27	PLACE(0-0, 0-10, 10-10, 1-10)
T0208.687	referee	board_update
T0208.776	BLUE	turn_begin	28
T0209.649	BLUE	turn_end	28	PLACE(3-4, 4-4, 4-3, 3-3)
T0209.657	referee	board_update
T0209.823	RED	turn_begin	29
T0219.551	RED	turn_end	29	PLACE(7-4, 6-4, 5-4, 4-4)
T0219.553	referee	board_update
T0219.638	BLUE	turn_begin	30
T0219.732	BLUE	turn_end	30	PLACE(4-5, 3-5, 3-6, 4-6)
T0219.739	referee	board_update
T0219.843	RED	turn_begin	31
T0224.729	RED	turn_end	31	PLACE(6-3, 5-3, 4-3, 3-3)
T0224.741	referee	board_update
T0224.889	BLUE	turn_begin	32
T0224.991	BLUE	turn_end	32	PLACE(1-2, 1-3, 1-4, 0-3)
T0224.993	referee	board_update
T0225.050	RED	turn_begin	33
T0228.977	RED	turn_end	33	PLACE(9-4, 8-4, 9-3, 10-3)
T0228.987	referee	board_update
T0229.134	BLUE	turn_begin	34
T0232.808	BLUE	turn_end	34	PLACE(4-8, 4-7, 3-8, 3-7)
T0232.813	referee	board_update
T0232.945	RED	turn_begin	35
T0239.785	RED	turn_end	35	PLACE(4-10, 3-10, 4-0, 4-1)
T0239.807	referee	board_update
T0239.932	BLUE	turn_begin	36
T0240.043	BLUE	turn_end	36	PLACE(3-1, 3-2, 3-0, 4-2)
T0240.048	referee	board_update
T0240.247	RED	turn_begin	37
T0244.361	RED	turn_end	37	PLACE(6-2, 5-2, 4-2, 4-3)
T0244.363	referee	board_update
T0244.476	BLUE	turn_begin	38
T0245.524	BLUE	turn_end	38	PLACE(4-5, 4-6, 4-4, 4-7)
T0245.526	referee	board_update
T0245.702	RED	turn_begin	39
T0255.680	RED	turn_end	39	PLACE(0-2, 10-2, 1-2, 9-2)
T0255.701	referee	board_update
T0255.897	BLUE	turn_begin	40
T0257.074	BLUE	turn_end	40	PLACE(4-8, 4-9, 3-9, 5-9)
T0257.086	referee	board_update
T0257.353	RED	turn_begin	41
T0265.992	RED	turn_end	41	PLACE(5-1, 4-1, 4-2, 4-3)
T0265.996	referee	board_update
T0266.118	BLUE	turn_begin	42
T0266.715	BLUE	turn_end	42	PLACE(5-5, 5-6, 6-6, 5-4)
T0266.724	referee	board_update
T0266.818	RED	turn_begin	43
T0268.274	RED	turn_end	43	PLACE(5-9, 4-9, 5-8, 5-7)
T0268.281	referee	board_update
T0268.338	BLUE	turn_begin	44
T0268.402	BLUE	turn_end	44	PLACE(3-4, 4-4, 2-4, 2-3)
T0268.406	referee	board_update
T0268.528	RED	turn_begin	45
T0270.178	RED	turn_end	45	PLACE(5-10, 4-10, 5-0, 4-0)
T0270.182	referee	board_update
T0270.291	BLUE	turn_begin	46
T0270.407	BLUE	turn_end	46	PLACE(4-5, 4-6, 4-7, 4-8)
T0270.411	referee	board_update
T0270.508	RED	turn_begin	47
T0274.931	RED	turn_end	47	PLACE(5-3, 4-3, 4-2, 4-1)
T0274.934	referee	board_update
T0275.120	BLUE	turn_begin	48
T0276.093	BLUE	turn_end	48	PLACE(4-6, 4-5, 4-4, 4-7)
T0276.112	referee	board_update
T0276.192	RED	turn_begin	49
T0277.121	RED	turn_end	49	PLACE(7-0, 8-0, 8-10, 8-9)
T0277.127	referee	board_update
T0277.240	BLUE	turn_begin	50
T0277.344	BLUE	turn_end	50	PLACE(4-9, 4-10, 4-8, 4-0)
T0277.352	referee	board_update
T0277.440	RED	turn_begin	51
T0278.969	RED	turn_end	51	PLACE(6-0, 5-0, 4-0, 4-1)
T0278.976	referee	board_update
T0279.201	BLUE	turn_begin	52
T0279.649	BLUE	turn_end	52	PLACE(4-9, 4-10, 4-8, 4-7)
T0279.651	referee	board_update
T0279.750	RED	turn_begin	53
T0281.140	RED	turn_end	53	PLACE(0-0, 1-0, 2-0, 3-0)
T0281.152	referee	board_update
T0281.271	BLUE	turn_begin	54
T0281.353	BLUE	turn_end	54	PLACE(4-6, 4-5, 4-4, 4-3)
T0281.356	referee	board_update
T0281.431	RED	turn_begin	55
T0283.513	RED	turn_end	55	PLACE(7-0, 8-0, 9-0, 10-0)
T0283.520	referee	board_update
T0283.617	BLUE	turn_begin	56
T0284.498	BLUE	turn_end	56	PLACE(2-0, 3-0, 4-0, 5-0)
T0284.500	referee	board_update
T0284.565	RED	turn_begin	57
T0288.617	RED	turn_end	57	PLACE(0-0, 10-0, 1-0, 9-0)
T0288.620	referee	board_update
T0288.688	BLUE	turn_begin	58
T0288.843	BLUE	turn_end	58	PLACE(2-2, 3-2, 4-2, 5-2)
T0288.850	referee	board_update
T0288.932	RED	turn_begin	59
T0296.805	RED	turn_end	59	PLACE(5-1, 4-1, 3-1, 4-0)
T0296.808	referee	board_update
T0296.842	BLUE	turn_begin	60
T0296.874	BLUE	turn_end	60	PLACE(3-2, 4-2, 5-2, 4-3)
T0296.876	referee	board_update
T0296.909	RED	turn_begin	61
T0301.279	RED	turn_end	61	PLACE(5-9, 4-9, 5-8, 5-7)
T0301.285	referee	board_update
T0301.318	BLUE	turn_begin	62
T0301.356	BLUE	turn_end	62	PLACE(5-5, 5-4, 4-4, 5-6)
T0301.361	referee	board_update
T0301.405	RED	turn_begin	63
T0303.155	RED	turn_end	63	PLACE(3-0, 3-10, 3-9, 3-8)
T0303.164	referee	board_update
T0303.207	BLUE	turn_begin	64
T0303.270	BLUE	turn_end	64	PLACE(2-6, 1-6, 3-6, 3-5)
T0303.273	referee	board_update
T0303.313	RED	turn_begin	65
T0305.519	RED	turn_end	65	PLACE(1-6, 2-6, 1-5, 1-4)
T0305.521	referee	board_update
T0305.559	BLUE	turn_begin	66
T0305.614	BLUE	turn_end	66	PLACE(3-3, 3-4, 2-3, 1-3)
T0305.623	referee	board_update
T0305.654	RED	turn_begin	67
T0306.067	RED	turn_end	67	PLACE(1-1, 2-1, 2-0, 2-10)
T0306.069	referee	board_update
T0306.100	BLUE	turn_begin	68
T0306.267	BLUE	turn_end	68	PLACE(4-6, 4-7, 3-7, 4-5)
T0306.274	referee	board_update
T0306.312	RED	turn_begin	69
T0308.195	RED	turn_end	69	PLACE(7-6, 6-6, 5-6, 4-6)
T0308.198	referee	board_update
T0308.230	BLUE	turn_begin	70
T0308.253	BLUE	turn_end	70	PLACE(3-7, 2-7, 3-8, 2-8)
T0308.269	referee	board_update
T0308.309	RED	turn_begin	71
T0309.519	RED	turn_end	71	PLACE(9-6, 10-6, 0-6, 1-6)
T0309.521	referee	board_update
T0309.554	BLUE	turn_begin	72
T0309.580	BLUE	turn_end	72	PLACE(3-9, 3-10, 4-10, 5-10)
T0309.591	referee	board_update
T0309.645	RED	turn_begin	73
T0310.425	RED	turn_end	73	PLACE(1-10, 1-9, 1-0, 2-9)
T0310.429	referee	board_update
T0310.468	BLUE	turn_begin	74
T0310.830	BLUE	turn_end	74	PLACE(3-2, 2-2, 1-2, 3-1)
T0310.833	referee	board_update
T0310.862	RED	turn_begin	75
T0311.826	RED	turn_end	75	PLACE(6-0, 5-0, 7-0, 8-0)
T0311.829	referee	board_update
T0311.854	BLUE	turn_begin	76
T0312.108	BLUE	turn_end	76	PLACE(3-3, 3-4, 3-5, 3-6)
T0312.110	referee	board_update
T0312.149	RED	turn_begin	77
T0312.243	RED	turn_end	77	PLACE(7-2, 8-2, 7-3, 8-3)
T0312.247	referee	board_update
T0312.279	BLUE	turn_begin	78
T0312.574	BLUE	turn_end	78	PLACE(4-2, 3-2, 2-2, 1-2)
T0312.577	referee	board_update
T0312.612	RED	turn_begin	79
T0313.183	RED	turn_end	79	PLACE(7-1, 7-2, 7-3, 7-4)
T0313.189	referee	board_update
T0313.231	BLUE	turn_begin	80
T0314.333	BLUE	turn_end	80	PLACE(6-8, 7-8, 7-7, 8-7)
T0314.335	referee	board_update
T0314.374	RED	turn_begin	81
T0314.519	RED	turn_end	81	PLACE(0-2, 10-2, 9-2, 8-2)
T0314.521	referee	board_update
T0314.673	referee	game_end	winner:RED
