T0000.001	referee	game_begin
T0000.049	RED	initialising
T0001.666	BLUE	initialising
T0003.440	RED	turn_begin	1
T0003.527	RED	turn_end	1	PLACE(10-10, 9-10, 9-0, 9-1)
T0003.542	referee	board_update
T0003.667	BLUE	turn_begin	2
T0003.831	BLUE	turn_end	2	PLACE(10-5, 10-6, 9-5, 0-6)
T0003.843	referee	board_update
T0004.183	RED	turn_begin	3
T0014.057	RED	turn_end	3	PLACE(8-10, 7-10, 8-9, 8-8)
T0014.063	referee	board_update
T0014.142	BLUE	turn_begin	4
T0014.166	BLUE	turn_end	4	PLACE(8-5, 7-5, 6-5, 8-6)
T0014.171	referee	board_update
T0014.243	RED	turn_begin	5
T0030.217	RED	turn_end	5	PLACE(9-9, 10-9, 10-8, 0-8)
T0030.226	referee	board_update
T0030.305	BLUE	turn_begin	6
T0030.354	BLUE	turn_end	6	PLACE(8-7, 9-7, 10-7, 7-7)
T0030.359	referee	board_update
T0030.451	RED	turn_begin	7
T0047.282	RED	turn_end	7	PLACE(0-10, 1-10, 0-0, 1-9)
T0047.287	referee	board_update
T0047.329	BLUE	turn_begin	8
T0047.350	BLUE	turn_end	8	PLACE(8-4, 8-3, 7-3, 8-2)
T0047.369	referee	board_update
T0047.435	RED	turn_begin	9
T0079.121	RED	turn_end	9	PLACE(10-0, 10-1, 10-2, 10-3)
T0079.131	referee	board_update
T0079.306	BLUE	turn_begin	10
T0079.415	BLUE	turn_end	10	PLACE(7-4, 6-4, 5-4, 5-5)
T0079.422	referee	board_update
T0079.570	RED	turn_begin	11
T0103.408	RED	turn_end	11	PLACE(8-0, 7-0, 7-1, 6-1)
T0103.441	referee	board_update
T0103.599	BLUE	turn_begin	12
T0103.711	BLUE	turn_end	12	PLACE(7-8, 7-9, 6-8, 6-9)
T0103.713	referee	board_update
T0103.817	RED	turn_begin	13
T0122.909	RED	turn_end	13	PLACE(6-10, 5-10, 4-10, 5-9)
T0122.918	referee	board_update
T0122.998	BLUE	turn_begin	14
T0123.065	BLUE	turn_end	14	PLACE(0-7, 1-7, 1-8, 1-6)
T0123.071	referee	board_update
T0123.136	RED	turn_begin	15
T0135.039	RED	turn_end	15	PLACE(2-9, 3-9, 2-8, 2-7)
T0135.049	referee	board_update
T0135.170	BLUE	turn_begin	16
T0135.328	BLUE	turn_end	16	PLACE(6-7, 5-7, 6-6, 5-8)
T0135.330	referee	board_update
T0135.442	RED	turn_begin	17
T0145.891	RED	turn_end	17	PLACE(2-10, 2-0, 1-0, 2-1)
T0145.894	referee	board_update
T0145.986	BLUE	turn_begin	18
T0146.060	BLUE	turn_end	18	PLACE(6-3, 6-2, 5-2, 4-2)
T0146.064	referee	board_update
T0146.140	RED	turn_begin	19
T0157.262	RED	turn_end	19	PLACE(0-1, 0-2, 1-2, 1-3)
T0157.265	referee	board_update
T0157.309	BLUE	turn_begin	20
T0157.434	BLUE	turn_end	20	PLACE(9-4, 9-3, 9-2, 10-4)
T0157.437	referee	board_update
T0157.540	RED	turn_begin	21
T0171.319	RED	turn_end	21	PLACE(10-0, 10-1, 10-2, 10-3)
T0171.321	referee	board_update
T0171.431	BLUE	turn_begin	22
T0171.576	BLUE	turn_end	22	PLACE(10-5, 0-5, 0-4, 1-4)
T0171.579	referee	board_update
T0171.740	RED	turn_begin	23
T0182.918	RED	turn_end	23	PLACE(10-8, 10-7, 10-9, 0-9)
T0182.921	referee	board_update
T0182.981	BLUE	turn_begin	24
T0183.568	BLUE	turn_end	24	PLACE(3-2, 2-2, 3-1, 3-0)
T0183.570	referee	board_update
T0183.712	RED	turn_begin	25
T0193.189	RED	turn_end	25	PLACE(4-9, 4-8, 4-7, 4-6)
T0193.196	referee	board_update
T0193.294	BLUE	turn_begin	26
T0193.370	BLUE	turn_end	26	PLACE(2-4, 2-3, 3-4, 3-5)
T0193.372	referee	board_update
T0193.461	RED	turn_begin	27
T0195.161	RED	turn_end	27	PLACE(9-9, 8-9, 10-9, 0-9)
T0195.165	referee	board_update
T0195.236	BLUE	turn_begin	28
T0195.311	BLUE	turn_end	28	PLACE(1-9, 2-9, 3-9, 3-8)
T0195.313	referee	board_update
T0195.421	RED	turn_begin	29
T0197.549	RED	turn_end	29	PLACE(5-1, 4-1, 5-0, 6-0)
T0197.551	referee	board_update
T0197.770	BLUE	turn_begin	30
T0198.087	BLUE	turn_end	30	PLACE(3-7, 3-6, 2-6, 2-5)
T0198.090	referee	board_update
T0198.204	RED	turn_begin	31
T0201.963	RED	turn_end	31	PLACE(8-7, 7-7, 9-7, 6-7)
T0201.974	referee	board_update
T0202.086	BLUE	turn_begin	32
T0202.178	BLUE	turn_end	32	PLACE(1-5, 2-5, 2-6, 2-7)
T0202.180	referee	board_update
T0202.268	RED	turn_begin	33
T0204.016	RED	turn_end	33	PLACE(2-10, 2-9, 2-0, 2-1)
T0204.021	referee	board_update
T0204.103	BLUE	turn_begin	34
T0204.311	BLUE	turn_end	34	PLACE(3-7, 4-7, 5-7, 5-6)
T0204.313	referee	board_update
T0204.423	RED	turn_begin	35
T0210.721	RED	turn_end	35	PLACE(0-7, 10-7, 10-6, 9-6)
T0210.725	referee	board_update
T0210.806	BLUE	turn_begin	36
T0210.900	BLUE	turn_end	36	PLACE(4-9, 5-9, 6-9, 7-9)
T0210.906	referee	board_update
T0210.998	RED	turn_begin	37
T0213.210	RED	turn_end	37	PLACE(9-9, 8-9, 10-9, 7-9)
T0213.225	referee	board_update
T0213.303	BLUE	turn_begin	38
T0213.370	BLUE	turn_end	38	PLACE(6-8, 6-9, 6-7, 6-6)
T0213.372	referee	board_update
T0213.456	RED	turn_begin	39
T0215.200	RED	turn_end	39	PLACE(6-0, 6-1, 6-2, 6-3)
T0215.202	referee	board_update
T0215.295	BLUE	turn_begin	40
T0215.383	BLUE	turn_end	40	PLACE(1-9, 2-9, 2-8, 3-9)
T0215.386	referee	board_update
T0215.494	RED	turn_begin	41
T0215.900	RED	turn_end	41	PLACE(2-2, 2-3, 3-3, 4-3)
T0216.012	referee	board_update
T0216.728	referee	game_end	winner:RED
