T0000.001	referee	game_begin
T0000.049	RED	initialising
T0001.174	BLUE	initialising
T0002.520	RED	turn_begin	1
T0002.582	RED	turn_end	1	PLACE(9-0, 8-0, 10-0, 9-10)
T0002.594	referee	board_update
T0002.792	BLUE	turn_begin	2
T0002.923	BLUE	turn_end	2	PLACE(3-7, 3-6, 3-5, 4-6)
T0002.952	referee	board_update
T0003.168	RED	turn_begin	3
T0015.461	RED	turn_end	3	PLACE(8-10, 8-9, 7-9, 9-9)
T0015.467	referee	board_update
T0015.587	BLUE	turn_begin	4
T0015.624	BLUE	turn_end	4	PLACE(3-4, 3-3, 4-3, 2-3)
T0015.628	referee	board_update
T0015.699	RED	turn_begin	5
T0062.705	RED	turn_end	5	PLACE(10-10, 10-9, 0-9, 1-9)
T0062.711	referee	board_update
T0062.800	BLUE	turn_begin	6
T0062.854	BLUE	turn_end	6	PLACE(2-7, 2-6, 1-6, 2-8)
T0062.858	referee	board_update
T0062.940	RED	turn_begin	7
T0111.307	RED	turn_end	7	PLACE(9-1, 10-1, 9-2, 0-1)
T0111.311	referee	board_update
T0111.443	BLUE	turn_begin	8
T0111.500	BLUE	turn_end	8	PLACE(1-8, 0-8, 0-7, 0-6)
T0111.504	referee	board_update
T0111.601	RED	turn_begin	9
T0169.441	RED	turn_end	9	PLACE(0-0, 1-0, 1-1, 1-2)
T0169.443	referee	board_update
T0169.508	BLUE	turn_begin	10
T0169.572	BLUE	turn_end	10	PLACE(2-5, 1-5, 2-4, 1-4)
T0169.576	referee	board_update
T0169.661	RED	turn_begin	11
T0208.198	RED	turn_end	11	PLACE(7-0, 6-0, 5-0, 5-1)
T0208.211	referee	board_update
T0208.314	BLUE	turn_begin	12
T0208.354	BLUE	turn_end	12	PLACE(0-4, 10-4, 9-4, 10-3)
T0208.360	referee	board_update
T0208.426	RED	turn_begin	13
T0268.059	RED	turn_end	13	PLACE(8-1, 8-2, 8-3, 8-4)
T0268.069	referee	board_update
T0268.286	BLUE	turn_begin	14
T0268.430	BLUE	turn_end	14	PLACE(4-7, 5-7, 6-7, 6-6)
T0268.452	referee	board_update
T0268.659	RED	turn_begin	15
T0306.057	RED	turn_end	15	PLACE(6-9, 5-9, 4-9, 3-9)
T0306.061	referee	board_update
T0306.201	BLUE	turn_begin	16
T0306.248	BLUE	turn_end	16	PLACE(5-3, 6-3, 7-3, 5-4)
T0306.266	referee	board_update
T0306.712	RED	turn_begin	17
T0324.396	RED	turn_end	17	PLACE(7-8, 8-8, 8-7, 8-6)
T0324.399	referee	board_update
T0324.506	BLUE	turn_begin	18
T0324.551	BLUE	turn_end	18	PLACE(10-7, 9-7, 10-8, 9-6)
T0324.553	referee	board_update
T0324.650	RED	turn_begin	19
T0334.271	RED	turn_end	19	PLACE(1-10, 2-10, 2-0, 3-0)
T0334.274	referee	board_update
T0334.409	BLUE	turn_begin	20
T0334.506	BLUE	turn_end	20	PLACE(6-2, 6-1, 5-2, 7-1)
T0334.509	referee	board_update
T0334.667	RED	turn_begin	21
T0342.581	RED	turn_end	21	PLACE(2-2, 3-2, 3-1, 4-1)
T0342.589	referee	board_update
T0342.682	BLUE	turn_begin	22
T0342.778	BLUE	turn_end	22	PLACE(7-4, 7-5, 6-5, 7-6)
T0342.784	referee	board_update
T0342.933	RED	turn_begin	23
T0350.530	RED	turn_end	23	PLACE(7-10, 6-10, 5-10, 4-10)
T0350.533	referee	board_update
T0350.620	BLUE	turn_begin	24
T0350.735	BLUE	turn_end	24	PLACE(5-8, 6-8, 4-8, 3-8)
T0350.743	referee	board_update
T0350.815	RED	turn_begin	25
T0351.822	RED	turn_end	25	PLACE(0-2, 10-2, 0-3, 1-3)
T0351.826	referee	board_update
T0351.935	BLUE	turn_begin	26
T0352.020	BLUE	turn_end	26	PLACE(9-5, 10-5, 0-5, 8-5)
T0352.024	referee	board_update
T0352.129	RED	turn_begin	27
T0353.775	RED	turn_end	27	PLACE(8-1, 8-2, 8-3, 8-4)
T0353.777	referee	board_update
T0353.878	BLUE	turn_begin	28
T0354.066	BLUE	turn_end	28	PLACE(4-4, 4-5, 5-5, 5-6)
T0354.069	referee	board_update
T0354.168	RED	turn_begin	29
T0355.907	RED	turn_end	29	PLACE(5-0, 5-1, 5-2, 5-3)
T0355.909	referee	board_update
T0355.982	BLUE	turn_begin	30
T0356.020	BLUE	turn_end	30	PLACE(8-7, 8-8, 9-8, 8-6)
T0356.022	referee	board_update
T0356.084	RED	turn_begin	31
T0356.909	RED	turn_end	31	PLACE(5-4, 5-5, 5-6, 5-7)
T0356.913	referee	board_update
T0357.265	referee	game_end	winner:RED
